D[0] == 690.9
D[0] == 67.5
D[3] == 58.9
D[2] == 393.6
D[0] == 788.4
D[3] == 771.1
D[1] == 796.3
D[1] == 796.3
D[0] == 688.9
D[0] == 688.9
D[1] == 550.8
D[0] == 624.0
D[0] == 624.0
D[0] == 199.1
D[1] == 550.8
D[0] == 756.9
D[1] == 659.9
D[1] == 659.9
D[0] == 127.0
D[0] == 127.0
D[0] == 579.4
D[0] == 579.4
D[0] == 579.4
D[0] == 872.8
D[1] == 303.3
D[2] == 303.3
D[2] == 303.3
D[4] == 363.7
D[5] == 964.5
D[0] == 339.2
D[4] == 403.0
D[0] == 358.2
D[3] == 403.0
D[2] == 403.0
D[0] == 261.2
D[3] == 115.1
D[0] == 977.5
D[1] == 560.8
D[8] == 970.2
D[2] == 207.9
D[7] == 911.7
deque (11): 711.5 560.8 207.9 157.1 115.1 338.0 516.6 911.7 970.2 955.4 93.4 
D[13] == 919.0
D[1] == 593.6
D[5] == 115.1
D[11] == 814.3
D[2] == 115.1
D[8] == 814.3
D[5] == 970.2
D[4] == 338.0
D[10] == 919.0
D[11] == 346.5
D[12] == 398.0
D[15] == 154.5
D[12] == 573.4
D[10] == 346.5
deque (22): 813.7 590.4 532.2 157.1 234.0 338.0 516.6 911.7 109.3 898.6 814.3 232.4 346.5 398.0 347.0 67.7 522.7 848.3 154.5 16.4 539.0 338.9 
D[11] == 181.1
D[2] == 234.0
D[11] == 181.1
D[10] == 346.5
D[12] == 67.7
D[6] == 898.6
D[0] == 157.1
D[8] == 888.0
D[1] == 296.5
D[9] == 347.0
D[1] == 516.6
deque (11): 516.6 982.1 116.0 898.6 814.3 232.4 888.0 181.1 347.0 127.2 334.1 
D[2] == 116.0
D[2] == 116.0
D[3] == 888.0
D[4] == 888.0
D[1] == 412.8
D[8] == 814.3
D[9] == 888.0
D[3] == 238.1
D[5] == 412.8
D[8] == 888.0
D[10] == 980.3
D[0] == 377.7
D[10] == 980.3
D[13] == 181.1
D[10] == 666.1
D[0] == 743.5
D[6] == 742.0
D[6] == 742.0
D[8] == 980.3
D[1] == 487.2
D[7] == 666.1
D[1] == 487.2
D[10] == 417.4
D[7] == 166.4
D[3] == 39.9
D[0] == 91.9
D[2] == 733.9
D[5] == 39.9
D[3] == 733.9
D[1] == 487.2
D[1] == 487.2
D[0] == 487.2
deque (0): 
D[0] == 484.1
D[1] == 425.2
D[1] == 425.2
D[0] == 912.9
D[0] == 932.3
D[0] == 932.3
D[5] == 97.8
D[2] == 797.3
D[1] == 797.3
D[0] == 534.7
D[0] == 465.1
D[1] == 879.0
D[0] == 465.1
D[2] == 879.0
D[1] == 465.1
D[1] == 234.2
D[0] == 234.2
D[1] == 234.2
D[1] == 674.5
D[1] == 936.3
D[0] == 382.2
D[0] == 660.3
D[0] == 660.3
D[0] == 173.3
D[1] == 942.0
D[1] == 942.0
D[2] == 209.5
D[2] == 209.5
D[1] == 755.1
D[0] == 51.2
D[1] == 139.4
D[3] == 576.7
D[0] == 916.9
D[1] == 916.9
D[0] == 134.3
D[3] == 710.2
deque (11): 320.7 931.1 795.3 676.4 690.7 630.1 96.4 916.9 158.4 710.2 139.4 
D[5] == 630.1
D[5] == 630.1
D[0] == 931.1
D[10] == 139.4
D[2] == 795.3
D[6] == 71.9
D[0] == 931.1
D[1] == 676.4
D[2] == 52.2
D[1] == 889.4
deque (0): 
D[0] == 329.1
D[0] == 329.1
D[0] == 846.7
D[1] == 555.0
D[0] == 658.0
D[0] == 210.2
D[2] == 271.0
D[0] == 141.4
D[2] == 271.0
D[0] == 412.5
D[3] == 78.7
D[5] == 129.8
D[4] == 763.6
deque (11): 89.7 118.0 305.0 271.0 763.6 78.7 129.8 186.7 643.6 632.7 761.8 
D[1] == 441.1
D[11] == 632.7
D[1] == 89.7
D[8] == 161.0
D[13] == 135.6
D[9] == 186.7
D[12] == 440.1
D[8] == 186.7
D[8] == 186.7
D[8] == 161.0
D[2] == 118.0
D[11] == 761.8
D[11] == 413.6
D[5] == 202.6
D[4] == 619.3
D[13] == 949.8
D[13] == 949.8
D[18] == 728.4
D[12] == 440.1
D[7] == 874.3
deque (22): 339.4 303.7 446.9 305.0 504.5 619.3 404.3 874.3 187.6 668.1 632.7 386.0 440.1 413.6 716.6 211.9 703.7 842.8 728.4 766.8 361.6 526.8 
D[2] == 446.9
D[4] == 305.0
D[3] == 878.4
D[12] == 874.3
D[0] == 412.3
D[5] == 305.0
D[13] == 386.0
D[13] == 632.7
D[14] == 413.6
D[7] == 873.5
D[3] == 124.9
D[12] == 557.4
D[4] == 873.5
D[5] == 187.7
D[7] == 967.6
D[0] == 533.6
D[9] == 91.0
D[15] == 557.4
D[1] == 375.1
D[7] == 439.3
D[8] == 836.9
D[10] == 836.9
D[1] == 130.2
D[10] == 187.7
D[14] == 386.0
D[17] == 835.2
D[12] == 91.0
D[8] == 873.5
D[7] == 187.7
D[5] == 192.9
D[15] == 835.2
D[5] == 483.5
D[1] == 415.1
D[18] == 835.2
D[13] == 958.7
D[20] == 64.0
D[8] == 836.9
D[16] == 64.0
D[11] == 958.7
D[8] == 873.5
D[24] == 770.5
D[15] == 91.0
D[6] == 290.0
D[30] == 386.0
deque (33): 254.0 930.3 492.4 982.6 404.6 946.4 493.4 941.7 290.0 137.4 921.6 949.5 304.2 161.4 42.3 187.7 423.1 836.9 935.8 418.1 958.7 424.2 439.9 835.2 640.7 193.5 64.0 770.5 568.6 983.0 163.6 292.9 386.0 
D[9] == 493.4
D[28] == 835.2
D[31] == 193.5
D[12] == 404.6
D[31] == 640.7
D[22] == 187.7
deque (44): 125.1 463.8 836.8 732.6 982.1 38.2 389.0 672.2 995.2 930.3 234.1 188.9 404.6 946.4 493.4 941.7 290.0 137.4 921.6 38.7 304.2 161.4 42.3 187.7 423.1 836.9 935.8 454.7 958.9 424.2 439.9 420.6 640.7 193.5 64.0 371.3 568.6 983.0 592.3 328.7 433.5 259.0 398.2 435.2 
D[2] == 463.8
D[13] == 930.3
D[9] == 11.8
D[15] == 995.2
D[31] == 423.1
D[9] == 11.8
D[28] == 161.4
deque (55): 468.6 725.4 352.7 8.2 397.6 417.3 868.9 690.7 577.6 463.8 11.8 732.6 982.1 964.5 389.0 672.2 995.2 930.3 234.1 188.9 277.3 946.4 493.4 941.7 290.0 137.4 826.9 38.7 304.2 161.4 395.3 981.1 423.1 836.9 935.8 454.7 958.9 424.2 63.1 420.6 640.7 193.5 64.0 371.3 568.6 983.0 592.3 328.7 433.5 259.0 566.5 183.2 202.1 987.3 70.1 
D[46] == 592.3
D[50] == 566.5
D[43] == 371.3
D[27] == 493.4
D[24] == 188.9
D[51] == 328.7
D[45] == 370.3
D[40] == 958.9
D[49] == 64.0
D[8] == 725.4
D[55] == 433.5
D[31] == 493.4
D[41] == 423.1
D[0] == 564.5
D[8] == 799.8
deque (66): 450.0 257.7 564.5 484.8 872.2 83.2 424.9 592.1 270.0 76.9 799.8 468.6 725.4 352.7 215.5 397.6 417.3 868.9 639.3 577.6 759.0 11.8 732.6 982.1 964.5 389.0 672.2 995.2 930.3 234.1 188.9 277.3 946.4 493.4 91.6 290.0 137.4 826.9 38.7 304.2 161.4 395.3 981.1 423.1 836.9 935.8 454.7 757.5 424.2 63.1 420.6 640.7 370.3 64.0 371.3 568.6 983.0 592.3 328.7 433.5 259.0 566.5 183.2 242.6 72.9 397.5 
D[23] == 964.5
D[58] == 433.5
D[56] == 592.3
D[19] == 184.0
D[57] == 592.3
D[10] == 76.9
D[40] == 60.7
D[51] == 640.7
D[38] == 277.3
D[46] == 850.6
D[47] == 445.1
D[30] == 964.5
D[41] == 91.6
D[65] == 537.4
D[63] == 555.1
D[17] == 715.3
D[44] == 826.9
D[17] == 799.8
D[8] == 330.8
D[69] == 857.1
D[41] == 927.2
D[66] == 60.6
D[12] == 715.3
D[67] == 597.8
D[11] == 397.6
D[34] == 850.6
D[16] == 330.8
D[33] == 75.6
deque (55): 688.9 592.1 270.0 715.3 799.8 700.2 717.0 110.9 215.5 397.6 944.1 877.3 639.3 577.6 184.0 330.8 732.6 58.0 964.5 849.3 672.2 995.2 958.8 234.1 604.0 253.5 837.6 493.4 349.7 927.2 219.1 826.9 850.6 75.6 120.6 395.3 981.1 474.8 836.9 935.8 619.8 789.1 424.2 944.9 420.6 101.5 370.3 236.4 546.7 555.1 315.7 423.9 295.1 315.3 60.6 
D[12] == 639.3
D[13] == 577.6
D[3] == 700.2
D[26] == 981.6
D[35] == 120.6
D[3] == 726.9
D[12] == 397.6
D[27] == 234.1
D[49] == 555.8
D[41] == 395.3
D[3] == 632.4
D[16] == 397.6
D[6] == 726.9
D[14] == 944.1
D[0] == 857.9
D[43] == 836.9
D[37] == 850.6
D[45] == 619.8
D[20] == 121.7
D[31] == 493.4
D[6] == 799.8
D[46] == 555.8
D[6] == 799.8
D[0] == 17.7
D[32] == 850.6
D[37] == 474.8
D[43] == 116.3
D[0] == 428.8
D[24] == 630.2
D[9] == 110.9
D[11] == 944.1
D[26] == 981.6
D[27] == 493.4
D[32] == 826.9
D[4] == 700.2
D[9] == 944.1
D[3] == 316.7
D[2] == 726.9
D[16] == 330.8
D[31] == 219.1
D[23] == 231.1
D[49] == 284.9
D[28] == 462.6
D[29] == 760.1
D[9] == 700.2
D[0] == 290.7
D[50] == 101.5
D[17] == 746.3
D[5] == 418.0
D[22] == 121.7
D[34] == 971.5
D[17] == 495.4
D[39] == 971.5
D[30] == 964.5
D[16] == 316.7
D[52] == 935.8
D[37] == 462.6
D[52] == 619.8
D[45] == 39.1
D[0] == 69.7
D[33] == 469.1
D[19] == 316.7
D[8] == 484.0
D[31] == 246.0
D[26] == 68.5
D[38] == 702.6
D[0] == 72.2
D[14] == 397.8
D[21] == 700.2
D[50] == 449.0
D[2] == 959.4
D[45] == 219.1
D[20] == 700.2
D[22] == 110.9
D[24] == 529.1
D[8] == 541.7
D[12] == 397.8
D[31] == 246.0
D[8] == 484.0
D[29] == 330.8
D[38] == 759.3
D[41] == 425.6
D[24] == 68.5
D[20] == 57.2
D[20] == 57.2
D[33] == 95.4
D[17] == 178.0
D[14] == 995.4
D[43] == 186.1
D[26] == 68.5
D[40] == 958.8
deque (44): 459.0 959.4 681.6 812.5 39.7 627.0 687.5 484.0 541.7 315.3 947.0 663.0 397.8 884.8 92.5 995.4 726.9 178.0 316.7 700.2 57.2 110.9 215.5 98.7 529.1 68.5 8.9 928.8 609.1 330.8 246.0 469.1 512.4 95.4 280.0 632.7 923.7 22.1 759.3 760.1 958.8 425.6 971.5 186.1 
D[29] == 246.0
D[31] == 512.4
D[6] == 484.0
D[28] == 609.1
D[33] == 512.4
D[10] == 315.3
D[30] == 512.4
D[36] == 759.3
D[3] == 627.0
D[30] == 95.4
D[7] == 947.0
D[25] == 928.8
D[1] == 496.0
D[0] == 496.0
D[44] == 771.9
D[19] == 316.7
D[12] == 663.0
D[41] == 264.1
D[37] == 923.7
D[24] == 98.7
D[11] == 882.9
D[9] == 484.0
D[46] == 186.1
D[9] == 541.7
deque (55): 406.2 99.9 777.6 177.3 445.2 39.7 627.0 687.5 484.0 541.7 882.9 152.5 663.0 988.6 929.7 539.2 995.4 726.9 178.0 316.7 700.2 255.7 110.9 215.5 98.7 829.3 68.5 8.9 928.8 189.5 968.1 246.0 427.4 512.4 95.4 449.7 482.5 923.7 238.3 759.3 917.8 958.8 264.1 971.5 186.1 215.5 771.9 540.6 746.2 350.3 651.5 531.2 702.3 15.6 851.6 
D[19] == 726.9
D[39] == 238.3
D[42] == 917.8
D[42] == 958.8
D[46] == 264.1
D[2] == 912.1
D[39] == 449.7
D[28] == 771.8
D[8] == 777.6
D[43] == 923.7
D[13] == 484.0
D[37] == 427.4
D[48] == 917.8
D[19] == 152.5
D[39] == 573.3
D[15] == 484.0
D[26] == 316.7
D[51] == 215.5
D[26] == 726.9
D[37] == 928.8
D[12] == 177.3
D[15] == 559.1
D[54] == 771.9
D[1] == 761.7
D[48] == 750.6
D[57] == 651.5
D[10] == 177.3
D[47] == 750.6
D[33] == 829.3
D[28] == 197.8
D[44] == 329.9
D[53] == 771.9
D[32] == 829.3
D[35] == 968.1
D[5] == 106.9
D[4] == 342.0
D[14] == 882.9
D[51] == 325.3
D[21] == 590.8
D[28] == 771.8
D[22] == 178.0
D[2] == 472.3
D[63] == 664.7
D[12] == 130.1
D[44] == 512.4
D[31] == 197.8
deque (66): 292.5 406.8 939.4 101.5 82.0 472.3 507.4 440.3 912.1 342.0 327.2 447.9 130.1 181.2 445.2 39.7 559.1 687.5 188.5 15.5 882.9 152.5 922.0 683.7 27.1 539.2 939.6 481.0 178.0 434.9 568.4 197.8 606.0 215.5 771.8 829.3 576.4 308.8 228.7 21.7 949.0 197.0 339.5 512.4 95.4 449.7 329.9 923.7 843.8 750.6 917.8 48.4 264.1 452.2 186.1 790.1 771.9 325.3 892.9 22.2 971.8 226.3 246.9 547.6 292.1 435.5 
D[15] == 39.7
D[58] == 22.2
D[21] == 922.0
D[37] == 228.7
D[22] == 881.2
D[40] == 949.0
D[12] == 181.2
D[42] == 339.5
D[59] == 22.2
D[2] == 666.1
D[15] == 687.5
D[36] == 308.8
D[28] == 568.4
D[8] == 447.9
D[19] == 27.1
D[46] == 264.1
D[15] == 152.5
D[57] == 925.5
D[15] == 15.5
D[61] == 794.7
D[40] == 951.6
D[24] == 27.1
D[46] == 48.4
D[11] == 130.1
D[56] == 325.3
D[36] == 829.3
D[26] == 539.2
D[66] == 76.6
D[36] == 949.0
D[14] == 188.5
D[45] == 750.6
D[37] == 352.1
D[62] == 342.0
D[18] == 843.6
D[45] == 750.6
D[64] == 342.0
D[11] == 445.2
D[1] == 500.4
D[1] == 838.1
D[9] == 181.2
D[65] == 781.5
D[11] == 102.7
D[1] == 951.8
D[46] == 95.2
D[16] == 15.5
D[66] == 76.6
D[61] == 809.3
D[7] == 447.9
D[26] == 568.4
D[3] == 783.8
D[11] == 130.1
D[41] == 352.1
D[7] == 154.6
D[14] == 710.8
D[24] == 237.5
D[6] == 342.0
D[5] == 163.5
D[10] == 181.2
D[42] == 278.4
D[25] == 864.3
D[59] == 525.1
D[20] == 466.0
D[49] == 95.2
D[69] == 604.1
D[45] == 542.7
D[28] == 607.8
D[64] == 761.9
D[39] == 95.4
D[56] == 992.6
D[2] == 783.8
D[36] == 197.0
D[26] == 607.8
D[28] == 829.3
D[62] == 498.6
D[55] == 22.2
D[6] == 715.2
D[47] == 95.2
D[23] == 600.2
D[59] == 992.6
D[59] == 992.6
D[59] == 525.1
D[63] == 498.6
D[55] == 787.7
D[17] == 124.3
D[42] == 699.5
D[15] == 203.8
D[60] == 76.8
D[52] == 254.0
D[32] == 829.3
D[17] == 203.8
D[19] == 997.8
D[30] == 361.6
D[39] == 777.9
D[10] == 820.7
D[4] == 132.1
D[25] == 568.4
D[56] == 787.7
D[17] == 840.9
D[23] == 600.2
D[57] == 787.7
D[40] == 411.5
D[9] == 233.4
D[50] == 186.1
D[53] == 960.6
D[59] == 623.9
D[21] == 592.4
D[47] == 53.3
D[56] == 708.7
D[8] == 31.7
D[30] == 829.3
D[57] == 992.6
D[12] == 889.2
D[44] == 854.1
D[0] == 602.7
D[29] == 615.7
D[3] == 132.1
D[34] == 95.4
D[26] == 934.4
D[48] == 716.1
D[36] == 594.2
D[48] == 919.0
D[17] == 619.6
D[41] == 53.3
D[59] == 86.7
D[34] == 892.2
D[33] == 934.4
D[28] == 385.6
D[8] == 533.9
D[9] == 533.9
D[18] == 840.9
D[12] == 934.2
D[48] == 833.1
D[42] == 777.9
D[42] == 777.9
D[1] == 942.6
D[34] == 997.7
D[1] == 216.0
D[40] == 777.9
D[61] == 919.0
D[24] == 773.2
D[12] == 934.2
D[7] == 746.9
D[36] == 615.7
D[65] == 326.8
D[17] == 31.7
D[60] == 988.3
D[8] == 713.8
D[14] == 811.8
D[28] == 605.1
D[35] == 607.8
D[2] == 341.1
D[49] == 833.1
D[20] == 452.7
D[34] == 497.7
D[62] == 716.1
D[60] == 988.3
D[38] == 829.3
D[57] == 442.1
D[35] == 852.0
D[18] == 28.1
D[37] == 852.0
D[3] == 471.7
D[16] == 820.7
D[17] == 417.4
D[8] == 819.0
D[50] == 594.2
D[28] == 970.9
D[18] == 28.1
D[27] == 605.1
D[56] == 746.7
D[34] == 852.0
D[39] == 32.4
D[43] == 288.2
D[62] == 107.9
D[46] == 916.3
D[49] == 728.2
D[10] == 960.5
D[52] == 442.1
D[27] == 247.1
D[62] == 420.7
D[15] == 452.7
D[26] == 433.1
D[47] == 353.2
D[32] == 829.3
D[55] == 430.4
D[41] == 537.0
D[49] == 397.6
D[3] == 714.8
D[61] == 401.8
D[24] == 433.1
D[7] == 851.1
D[53] == 746.7
D[4] == 9.4
D[5] == 185.4
D[16] == 820.7
D[3] == 116.9
D[43] == 538.6
D[66] == 522.4
D[21] == 205.3
D[31] == 888.1
D[29] == 433.1
D[5] == 116.9
D[44] == 613.1
D[59] == 964.7
D[20] == 857.7
D[45] == 773.3
D[14] == 820.7
D[56] == 746.7
D[11] == 407.8
D[40] == 607.8
D[23] == 765.7
D[1] == 57.6
D[32] == 285.2
D[27] == 452.7
D[63] == 964.7
D[43] == 384.5
D[22] == 765.7
D[24] == 525.0
D[9] == 488.1
D[39] == 433.1
D[39] == 814.7
D[3] == 793.4
D[2] == 980.1
D[23] == 442.7
D[44] == 384.5
D[47] == 922.3
D[10] == 177.4
D[58] == 916.3
D[56] == 197.1
D[36] == 814.7
D[47] == 922.3
D[49] == 613.1
D[58] == 594.2
D[22] == 218.3
D[66] == 609.6
D[52] == 957.1
D[33] == 814.7
D[35] == 888.1
D[14] == 381.9
D[19] == 218.3
D[6] == 177.4
D[48] == 933.2
D[17] == 765.7
D[7] == 177.4
D[43] == 305.0
D[3] == 71.7
D[13] == 381.9
D[50] == 933.2
D[29] == 285.2
D[3] == 774.4
D[47] == 305.0
D[53] == 197.1
D[41] == 477.3
D[1] == 872.9
D[53] == 538.6
D[39] == 866.5
D[6] == 751.2
D[46] == 106.0
D[60] == 180.4
D[25] == 384.7
D[17] == 971.6
D[40] == 866.5
D[38] == 769.2
D[2] == 70.3
D[0] == 844.1
D[56] == 278.5
D[63] == 933.2
D[49] == 654.7
D[60] == 967.2
D[20] == 177.4
D[31] == 756.1
D[67] == 882.4
D[41] == 261.5
D[51] == 444.6
D[49] == 106.0
D[63] == 882.4
D[9] == 757.2
D[2] == 969.8
D[8] == 757.2
D[19] == 664.6
D[50] == 333.5
D[10] == 537.4
D[5] == 751.2
D[15] == 390.7
D[23] == 661.1
D[2] == 900.7
D[5] == 927.7
D[47] == 444.6
D[57] == 298.4
D[19] == 914.1
D[53] == 914.2
D[4] == 900.7
D[33] == 91.5
D[46] == 477.3
D[42] == 548.5
D[45] == 269.8
D[15] == 277.0
D[36] == 124.5
D[17] == 384.7
D[31] == 916.5
D[18] == 264.9
D[34] == 477.3
D[2] == 706.1
D[26] == 483.1
D[50] == 616.4
deque (55): 537.4 706.1 177.4 390.7 971.6 111.5 914.1 664.6 277.0 381.9 818.8 661.1 384.7 756.1 790.3 543.5 264.9 633.9 857.7 452.7 503.9 544.0 261.5 705.2 16.1 483.1 576.9 352.6 124.5 433.1 374.4 548.5 95.6 477.3 94.3 444.6 269.8 725.0 278.5 616.2 914.2 967.2 104.2 360.7 933.2 298.4 957.1 232.0 882.4 616.4 853.5 640.1 172.6 917.8 223.5 
D[12] == 661.1
D[45] == 933.2
D[1] == 131.4
D[17] == 790.3
D[28] == 576.9
D[37] == 611.5
D[3] == 537.4
D[44] == 360.7
D[40] == 616.2
D[58] == 713.2
D[41] == 263.9
D[2] == 537.4
D[0] == 214.4
D[48] == 957.1
D[34] == 477.3
D[2] == 537.4
D[32] == 522.5
deque (66): 133.4 997.9 259.9 912.1 405.0 537.4 706.1 177.4 390.7 299.8 978.1 63.3 664.6 277.0 381.9 818.8 661.1 701.5 129.6 790.3 543.5 264.9 633.9 857.7 452.7 503.9 544.0 261.5 705.2 16.1 483.1 576.9 352.6 124.5 17.9 522.5 548.5 95.6 477.3 94.3 611.5 269.8 256.2 278.5 263.9 914.2 578.5 104.2 360.7 933.2 298.4 957.1 232.0 882.4 616.4 853.5 640.1 411.5 76.8 840.6 500.0 637.4 713.2 375.8 28.5 433.3 
D[14] == 381.9
D[29] == 16.1
D[2] == 912.1
D[46] == 263.9
D[51] == 104.2
D[46] == 256.2
D[8] == 405.0
D[3] == 681.4
D[17] == 381.9
D[16] == 275.8
D[67] == 155.9
D[53] == 298.4
D[48] == 503.1
D[51] == 882.4
D[14] == 661.1
D[14] == 748.6
D[42] == 278.5
D[28] == 705.2
D[52] == 232.0
D[43] == 263.9
D[25] == 503.9
D[23] == 857.7
D[3] == 287.8
D[51] == 882.4
D[25] == 705.2
D[39] == 278.5
D[32] == 7.4
D[26] == 176.3
D[51] == 0.7
D[44] == 578.5
D[48] == 390.1
D[37] == 343.4
D[34] == 94.3
D[21] == 544.0
D[11] == 79.0
D[3] == 429.6
D[37] == 337.3
D[43] == 645.7
D[10] == 79.0
D[3] == 299.8
D[51] == 640.1
D[35] == 343.4
D[58] == 271.8
D[27] == 483.1
D[6] == 299.8
D[60] == 369.3
D[26] == 483.1
D[68] == 621.5
D[50] == 232.0
D[27] == 656.6
D[24] == 883.3
D[44] == 586.3
D[61] == 160.2
D[17] == 543.5
D[0] == 253.7
D[59] == 233.3
D[25] == 988.2
D[57] == 927.2
D[54] == 640.1
D[17] == 110.1
D[56] == 927.2
D[31] == 17.9
D[27] == 527.6
D[15] == 79.0
D[24] == 672.7
D[24] == 16.1
D[13] == 790.3
D[15] == 790.3
D[32] == 548.5
D[1] == 645.4
D[33] == 7.4
D[28] == 124.5
D[43] == 973.9
D[39] == 914.2
D[48] == 882.4
D[35] == 337.3
D[57] == 420.2
D[7] == 79.0
D[28] == 7.4
D[35] == 914.2
D[32] == 215.9
deque (55): 514.5 381.9 748.6 79.0 540.9 459.8 689.4 543.5 766.7 871.2 337.8 883.3 503.9 672.7 656.6 988.2 16.1 527.6 34.5 352.6 124.5 17.9 569.2 548.5 7.4 410.3 94.3 804.2 215.9 322.1 586.3 766.8 914.2 578.5 104.2 527.1 973.9 390.1 843.3 232.0 882.4 59.5 923.2 657.9 411.5 510.1 669.0 233.3 160.2 279.5 369.3 345.7 420.2 491.8 723.0 
D[10] == 337.8
D[13] == 503.9
D[21] == 124.5
D[51] == 369.3
D[46] == 233.3
D[19] == 124.5
D[21] == 17.9
D[0] == 417.7
D[32] == 586.3
D[54] == 420.2
D[29] == 322.1
D[28] == 215.9
D[33] == 578.5
D[37] == 390.1
D[37] == 843.3
D[28] == 322.1
deque (66): 126.7 337.7 748.6 79.0 540.9 459.8 689.4 543.5 766.7 871.2 337.8 883.3 503.9 562.6 656.6 988.2 16.1 527.6 815.3 352.6 124.5 17.9 569.2 548.5 7.4 410.3 94.3 804.2 215.9 322.1 612.5 766.8 625.0 578.5 104.2 527.1 973.9 390.1 843.3 107.9 882.4 59.5 923.2 657.9 411.5 510.1 669.0 233.3 160.2 279.5 369.3 345.7 420.2 580.8 723.0 266.2 7.4 672.9 902.3 738.6 564.8 426.7 454.0 729.9 7.8 151.3 
D[63] == 454.0
D[2] == 748.6
D[10] == 543.5
D[24] == 17.9
D[62] == 361.5
D[14] == 747.5
D[9] == 689.4
D[2] == 617.6
D[53] == 345.7
D[20] == 815.3
D[20] == 815.3
D[26] == 215.9
D[54] == 738.6
D[59] == 680.9
D[44] == 7.4
D[13] == 410.3
D[30] == 657.9
D[57] == 680.9
D[34] == 657.9
D[15] == 548.5
D[6] == 988.2
D[25] == 642.1
deque (55): 869.2 562.6 656.6 988.2 16.1 527.6 194.2 352.6 124.5 261.5 569.2 548.5 7.4 410.3 94.3 804.2 215.9 981.4 612.5 36.0 625.0 578.5 588.0 642.1 973.9 390.1 3.1 164.8 882.4 105.1 990.1 657.9 753.3 510.1 669.0 82.6 160.2 387.5 369.3 345.7 420.2 580.8 723.0 266.2 7.4 307.3 902.3 738.6 198.6 535.8 63.6 128.9 515.3 872.2 17.6 
D[15] == 804.2
D[9] == 261.5
D[21] == 578.5
D[8] == 124.5
D[11] == 261.5
D[26] == 390.1
D[53] == 706.0
D[51] == 872.2
D[53] == 17.6
D[0] == 845.1
D[13] == 804.2
D[6] == 352.6
D[45] == 535.8
D[24] == 105.1
D[1] == 527.6
D[17] == 578.5
D[45] == 63.6
D[28] == 898.9
D[32] == 387.5
D[22] == 882.4
D[46] == 432.9
D[46] == 432.9
D[2] == 486.6
D[31] == 160.2
D[41] == 726.3
D[29] == 898.9
D[45] == 835.9
D[32] == 82.6
D[40] == 723.0
D[16] == 981.4
D[25] == 3.1
D[11] == 981.4
D[25] == 657.9
D[11] == 326.4
D[37] == 723.0
D[30] == 238.7
D[33] == 890.6
D[47] == 63.6
D[48] == 77.1
D[3] == 713.9
D[2] == 184.2
D[12] == 155.7
D[7] == 974.9
D[49] == 198.6
D[51] == 63.6
D[24] == 642.1
D[10] == 796.0
D[26] == 315.8
D[43] == 116.9
D[55] == 180.6
D[17] == 36.0
D[54] == 180.6
D[50] == 77.1
D[9] == 791.9
D[13] == 155.7
D[42] == 266.2
D[3] == 211.0
D[6] == 217.5
D[23] == 315.8
D[5] == 217.5
D[56] == 479.9
D[29] == 753.3
D[50] == 102.3
D[42] == 902.3
D[43] == 726.3
D[58] == 411.2
D[27] == 160.2
D[10] == 592.1
D[2] == 394.4
D[60] == 739.7
deque (66): 499.4 783.6 394.4 246.1 791.9 548.5 7.4 167.4 155.7 977.1 326.4 592.1 56.5 36.0 583.9 578.5 891.3 642.1 973.9 390.1 315.8 261.6 882.4 906.8 162.0 657.9 753.3 683.6 669.0 274.7 355.2 638.3 736.7 744.1 275.4 366.2 723.0 663.8 951.1 793.2 902.3 726.3 198.6 835.9 393.7 77.1 729.5 873.1 776.1 297.7 180.6 637.1 542.4 171.0 894.5 471.0 224.4 848.7 411.2 945.9 62.5 739.7 47.3 546.5 223.5 343.8 
D[17] == 642.1
D[12] == 583.9
D[54] == 47.3
D[38] == 77.1
deque (55): 40.0 592.1 56.5 36.0 530.0 578.5 891.3 642.1 973.9 390.1 277.0 455.3 882.4 608.5 162.0 657.9 753.3 683.6 669.0 274.7 355.2 638.3 736.7 744.1 275.4 366.2 723.0 663.8 951.1 793.2 902.3 726.3 742.2 906.4 393.7 77.1 729.5 873.1 776.1 297.7 528.9 637.1 542.4 171.0 894.5 471.0 224.4 991.5 411.2 604.7 62.5 739.7 47.3 546.5 673.7 
D[21] == 736.7
D[12] == 162.0
D[47] == 471.0
D[5] == 36.0
D[19] == 753.3
D[47] == 471.0
D[34] == 906.4
D[27] == 723.0
D[25] == 366.2
D[0] == 175.2
D[10] == 891.3
D[48] == 224.4
D[28] == 723.0
D[9] == 44.4
D[21] == 683.6
D[16] == 882.4
D[16] == 882.4
D[37] == 906.4
D[28] == 744.1
D[49] == 171.0
D[35] == 793.2
D[53] == 30.7
D[31] == 723.0
D[28] == 744.1
D[38] == 742.2
D[37] == 726.3
D[39] == 393.7
D[8] == 950.1
D[25] == 683.6
deque (66): 739.3 875.8 773.0 9.1 513.7 144.5 390.9 365.3 585.8 952.0 950.1 175.2 692.5 551.2 530.0 341.8 450.2 44.4 44.1 691.2 277.0 455.3 882.4 608.5 503.3 80.2 753.3 683.6 669.0 545.6 355.2 638.3 12.1 744.1 927.7 366.2 723.0 481.9 888.6 793.2 902.3 726.3 742.2 906.4 393.7 223.4 2.4 873.1 776.1 297.7 528.9 32.4 447.4 171.0 894.5 471.0 224.4 991.5 30.7 645.0 20.5 309.7 674.6 512.5 398.9 26.1 
D[12] == 175.2
D[0] == 875.8
D[52] == 471.0
D[8] == 175.2
D[42] == 873.1
D[51] == 366.3
D[19] == 608.5
D[24] == 753.3
D[62] == 674.6
D[2] == 527.2
D[50] == 447.4
D[9] == 692.5
D[12] == 322.2
D[58] == 309.7
D[22] == 935.4
D[6] == 365.3
D[27] == 545.6
D[64] == 995.2
D[65] == 220.9
D[20] == 277.0
D[36] == 702.1
D[7] == 635.0
D[9] == 365.3
D[11] == 682.9
D[30] == 638.3
D[19] == 277.0
D[13] == 530.0
D[62] == 20.5
D[19] == 455.3
D[47] == 297.7
D[53] == 366.3
D[54] == 894.5
D[4] == 527.2
D[38] == 317.6
D[16] == 322.2
D[43] == 742.2
D[0] == 874.3
D[15] == 444.4
D[63] == 645.0
D[40] == 950.9
D[55] == 982.1
D[65] == 568.5
D[39] == 147.9
D[38] == 616.7
D[39] == 147.9
D[4] == 143.6
D[59] == 447.4
D[56] == 297.7
D[18] == 444.4
D[16] == 682.9
D[19] == 44.4
D[50] == 605.9
D[23] == 863.5
D[11] == 692.5
D[16] == 44.4
D[40] == 963.1
D[57] == 539.2
D[23] == 44.1
D[21] == 322.2
D[2] == 194.3
D[27] == 666.6
D[47] == 776.1
D[30] == 147.9
D[20] == 489.6
D[1] == 513.7
D[6] == 543.6
D[6] == 543.6
D[38] == 793.2
D[51] == 539.2
D[12] == 322.2
D[6] == 891.9
D[26] == 545.6
D[43] == 393.7
D[0] == 144.7
D[30] == 616.7
D[55] == 360.9
D[21] == 412.9
D[20] == 44.1
D[32] == 616.7
D[56] == 403.6
D[36] == 268.5
D[42] == 492.7
D[0] == 844.7
D[1] == 891.8
D[22] == 742.5
D[34] == 891.4
D[56] == 284.6
D[10] == 950.1
deque (55): 854.2 710.6 669.3 178.8 543.6 718.8 365.3 451.8 891.9 950.1 782.2 692.5 682.9 880.5 322.2 453.0 427.0 44.1 412.9 742.5 525.3 489.6 17.7 444.4 666.6 144.7 683.6 596.0 545.6 616.7 147.9 12.1 891.4 268.5 815.2 656.5 339.7 317.6 999.8 492.7 431.9 983.5 906.4 976.4 223.4 706.7 944.2 776.1 963.9 478.1 610.7 776.9 360.9 403.6 284.6 
D[53] == 403.6
D[24] == 666.6
D[32] == 12.1
D[45] == 223.4
D[42] == 983.5
D[26] == 683.6
D[14] == 682.9
D[4] == 669.3
D[43] == 906.4
D[4] == 718.8
D[15] == 322.2
D[38] == 999.8
D[2] == 178.8
D[22] == 144.7
D[48] == 610.7
D[19] == 489.6
D[34] == 616.7
D[50] == 976.4
D[51] == 976.4
D[36] == 596.0
D[3] == 626.3
D[29] == 783.0
D[1] == 689.2
D[4] == 396.0
D[27] == 783.0
D[49] == 431.9
deque (66): 84.2 143.9 62.3 235.1 456.7 626.3 943.8 396.0 346.8 419.1 44.0 870.2 189.2 368.4 720.7 178.8 543.6 718.8 365.3 638.5 891.9 484.7 782.2 692.5 682.9 563.8 322.2 453.0 722.2 44.1 783.0 742.5 525.3 489.6 17.7 444.4 666.6 144.7 848.7 596.0 545.6 616.7 147.9 404.6 891.4 53.0 815.2 985.5 708.3 317.6 999.8 492.7 431.9 983.5 27.2 976.4 223.4 706.7 800.3 776.1 963.9 1.3 610.7 898.3 399.6 388.1 
D[56] == 223.4
D[48] == 985.5
D[43] == 616.7
D[22] == 484.7
D[69] == 63.1
D[7] == 712.5
D[48] == 708.3
D[20] == 891.9
D[63] == 898.3
D[6] == 841.3
D[57] == 21.3
D[48] == 317.6
D[27] == 722.2
D[21] == 829.0
D[11] == 942.6
D[21] == 40.4
D[64] == 707.1
D[19] == 829.0
D[30] == 17.7
D[31] == 257.8
D[55] == 21.3
D[11] == 368.4
D[50] == 456.6
D[41] == 652.4
D[12] == 178.8
D[61] == 184.4
D[3] == 712.5
D[39] == 404.6
D[65] == 482.1
D[45] == 999.8
D[14] == 638.5
D[33] == 848.7
D[35] == 815.1
D[43] == 317.6
D[63] == 707.1
D[60] == 184.4
D[24] == 44.1
D[22] == 44.1
D[30] == 782.8
D[45] == 492.7
D[3] == 44.0
D[36] == 404.6
D[24] == 411.2
D[42] == 708.3
D[16] == 692.5
D[44] == 785.8
D[39] == 853.7
D[19] == 484.7
D[65] == 533.7
D[40] == 853.7
D[2] == 288.9
D[5] == 687.5
D[50] == 782.2
D[10] == 543.6
D[22] == 44.1
D[67] == 565.0
D[10] == 502.1
D[7] == 151.6
D[36] == 54.4
D[25] == 481.7
D[3] == 44.0
D[36] == 54.4
D[0] == 489.5
D[21] == 322.2
D[62] == 707.1
D[29] == 746.1
D[33] == 596.0
D[55] == 610.7
D[11] == 365.3
D[34] == 75.2
D[15] == 398.1
D[4] == 687.5
D[63] == 568.2
D[49] == 948.0
D[40] == 815.2
D[23] == 44.1
D[22] == 44.1
D[19] == 322.2
D[67] == 661.2
D[17] == 244.2
D[51] == 898.7
D[5] == 334.4
D[45] == 948.0
D[48] == 314.4
D[33] == 728.1
D[58] == 482.1
D[56] == 707.1
D[58] == 568.2
D[58] == 568.2
D[13] == 453.0
D[16] == 971.4
D[64] == 234.6
D[33] == 728.1
D[22] == 746.1
D[8] == 398.1
D[5] == 18.4
D[12] == 322.2
deque (55): 533.9 543.6 275.9 365.3 610.0 18.4 484.7 398.1 704.3 980.2 244.2 322.2 453.0 463.8 44.1 971.4 678.8 822.5 910.4 746.1 466.9 666.6 782.8 848.7 596.0 381.4 224.4 84.7 292.5 778.0 728.1 815.2 382.0 461.6 74.5 999.8 241.1 801.9 456.6 139.4 577.7 948.0 850.3 303.2 191.7 314.4 178.4 271.2 460.8 555.5 184.4 472.4 707.1 533.7 482.1 
D[44] == 314.4
D[18] == 466.9
D[22] == 466.9
D[15] == 453.0
D[22] == 746.1
D[1] == 486.4
D[5] == 275.9
D[34] == 728.1
D[27] == 848.7
D[4] == 454.2
D[17] == 463.8
D[1] == 442.3
D[12] == 980.2
D[25] == 596.0
D[36] == 650.1
D[22] == 24.8
deque (44): 454.2 783.1 275.9 365.3 356.3 939.3 484.7 460.3 704.3 980.2 717.1 902.7 443.0 463.8 44.1 971.4 703.0 822.5 910.4 746.1 854.1 24.8 99.0 848.7 596.0 753.7 224.4 461.2 292.5 778.0 728.1 350.7 305.1 650.1 74.5 999.8 861.9 801.9 133.0 329.5 577.7 948.0 850.3 303.2 
D[17] == 854.1
D[26] == 953.9
D[30] == 650.1
D[21] == 292.5
D[9] == 822.5
D[22] == 728.1
D[23] == 953.9
D[10] == 854.1
deque (33): 717.1 902.7 443.0 463.8 1.5 815.3 703.0 822.5 864.5 779.6 854.1 24.8 99.0 848.7 27.0 753.7 337.1 461.2 292.5 953.9 728.1 350.7 305.1 650.1 976.1 705.8 861.9 66.4 133.0 329.5 577.7 948.0 608.8 
D[14] == 99.0
D[23] == 305.1
D[18] == 461.2
D[10] == 779.6
D[0] == 735.0
D[29] == 486.8
D[1] == 70.6
D[29] == 184.5
D[24] == 650.1
D[6] == 1.5
D[6] == 204.1
D[2] == 0.8
D[21] == 728.1
D[1] == 438.8
D[18] == 292.5
D[14] == 426.1
D[6] == 815.3
D[15] == 753.7
D[13] == 848.7
D[17] == 532.7
D[19] == 725.8
D[16] == 337.1
D[13] == 99.0
D[16] == 725.8
D[24] == 629.9
D[19] == 976.1
D[0] == 425.2
D[6] == 85.3
D[14] == 420.6
D[16] == 0.8
D[5] == 425.2
D[17] == 0.8
deque (22): 425.2 204.1 864.5 972.5 85.3 24.8 99.0 5.5 156.1 753.7 337.1 0.8 420.6 725.8 255.5 39.7 305.1 323.8 976.1 614.6 172.8 531.0 
D[13] == 255.5
D[16] == 323.8
D[12] == 39.7
D[14] == 976.1
D[16] == 614.6
D[12] == 669.2
D[0] == 802.2
D[2] == 99.0
D[9] == 0.8
D[5] == 513.4
D[11] == 327.1
D[5] == 687.5
D[13] == 0.8
D[15] == 0.8
D[13] == 156.1
D[20] == 327.1
D[5] == 328.5
D[24] == 151.6
D[2] == 314.9
D[8] == 99.0
D[5] == 232.7
D[13] == 589.3
D[6] == 232.7
D[17] == 681.2
D[5] == 484.2
D[17] == 681.2
D[7] == 442.3
D[17] == 156.1
D[8] == 442.3
D[15] == 788.5
D[3] == 151.8
D[13] == 513.4
D[19] == 816.2
D[1] == 609.9
D[6] == 304.3
D[11] == 846.4
D[8] == 104.3
D[4] == 889.4
D[3] == 395.0
D[16] == 967.9
D[0] == 63.2
D[6] == 384.7
D[10] == 304.3
D[2] == 619.9
D[3] == 395.0
D[11] == 304.3
D[12] == 880.0
D[15] == 846.4
D[14] == 788.5
D[18] == 727.9
D[18] == 263.7
D[22] == 161.3
D[0] == 814.3
D[13] == 788.5
D[3] == 128.9
D[1] == 392.7
D[17] == 683.4
D[2] == 651.4
D[0] == 478.4
D[11] == 876.2
D[16] == 263.7
D[5] == 263.5
D[2] == 560.4
D[10] == 788.5
D[14] == 727.9
D[12] == 100.0
D[10] == 664.4
D[9] == 664.4
D[3] == 683.1
D[18] == 795.7
D[3] == 358.6
D[1] == 126.4
D[15] == 846.4
D[13] == 664.4
D[8] == 181.1
D[5] == 415.9
D[5] == 415.9
D[3] == 358.6
D[0] == 658.8
D[6] == 683.1
D[0] == 399.3
D[18] == 816.7
D[8] == 93.4
D[0] == 658.8
D[12] == 730.3
D[4] == 358.6
D[9] == 599.5
D[13] == 196.9
D[10] == 316.4
D[18] == 104.7
D[2] == 910.6
D[7] == 614.1
D[10] == 181.1
D[12] == 722.9
D[15] == 664.4
D[0] == 910.6
deque (11): 135.7 684.8 203.6 599.5 247.0 316.4 425.1 181.1 196.9 581.3 730.3 
D[0] == 135.7
D[4] == 181.1
D[5] == 170.3
D[3] == 815.2
D[5] == 170.3
D[2] == 269.5
D[4] == 879.6
D[4] == 969.8
D[0] == 222.8
D[7] == 994.2
D[6] == 869.9
D[8] == 567.5
D[10] == 107.3
D[8] == 974.6
D[7] == 707.2
D[6] == 707.2
D[6] == 869.9
D[2] == 170.3
D[6] == 866.3
D[8] == 354.9
D[1] == 468.7
D[10] == 770.8
D[6] == 370.0
D[10] == 321.9
D[11] == 770.8
D[11] == 768.2
D[5] == 321.9
D[5] == 321.9
D[11] == 30.4
D[12] == 585.4
D[1] == 235.5
D[13] == 641.0
D[4] == 235.5
D[9] == 931.8
D[4] == 672.9
D[5] == 63.4
D[5] == 973.2
D[2] == 672.9
D[1] == 604.1
D[9] == 25.9
D[8] == 672.9
D[13] == 448.8
D[8] == 672.9
D[11] == 604.1
D[8] == 312.1
deque (22): 141.8 300.9 471.3 748.0 429.2 187.4 365.9 550.3 888.3 312.1 270.4 604.1 672.9 499.5 25.9 973.2 63.4 480.5 523.9 893.1 605.6 312.8 
D[18] == 523.9
D[6] == 550.3
D[1] == 62.2
D[10] == 954.1
D[15] == 63.4
D[19] == 555.5
D[0] == 453.8
D[13] == 25.9
D[7] == 888.3
D[9] == 954.1
D[8] == 672.9
D[14] == 480.5
D[2] == 897.8
D[6] == 888.3
D[22] == 909.1
D[10] == 634.7
D[21] == 261.1
D[18] == 421.8
D[0] == 482.8
D[2] == 701.5
D[9] == 312.1
D[25] == 12.0
D[13] == 731.6
D[3] == 720.2
D[8] == 66.4
D[24] == 258.4
D[4] == 13.3
D[23] == 561.7
D[0] == 429.2
D[0] == 429.2
D[23] == 379.4
D[21] == 909.1
D[20] == 569.5
D[29] == 380.2
D[4] == 13.3
D[7] == 634.7
D[1] == 429.2
D[24] == 970.3
D[15] == 739.5
D[2] == 550.3
D[2] == 550.3
D[3] == 7.0
D[4] == 312.1
D[16] == 254.3
D[23] == 182.7
D[4] == 88.7
D[7] == 527.0
D[17] == 50.2
D[15] == 291.3
D[17] == 238.0
D[7] == 9.5
D[13] == 899.6
D[14] == 380.8
D[9] == 983.6
D[12] == 275.1
D[9] == 488.9
D[7] == 983.6
D[17] == 501.4
D[4] == 515.9
D[10] == 237.4
D[16] == 379.4
D[3] == 989.3
D[1] == 616.7
D[16] == 379.4
D[7] == 622.6
D[8] == 947.0
D[10] == 488.9
D[8] == 947.0
D[1] == 968.7
D[6] == 527.0
D[1] == 557.9
D[21] == 853.4
D[16] == 891.1
D[19] == 879.6
D[10] == 899.6
D[15] == 599.6
D[10] == 275.1
D[5] == 855.2
D[13] == 130.9
D[9] == 601.3
D[6] == 245.0
D[2] == 564.6
D[10] == 332.9
D[0] == 295.5
D[9] == 143.7
D[5] == 939.7
D[6] == 245.0
D[0] == 122.7
D[10] == 143.7
D[11] == 332.9
D[5] == 323.7
D[6] == 150.6
D[26] == 232.1
deque (33): 233.6 315.5 728.7 566.4 609.5 815.2 726.1 122.7 677.7 564.6 323.7 150.6 939.7 245.0 527.0 103.9 143.7 332.9 33.4 601.3 841.0 589.8 919.8 239.6 217.0 34.7 182.1 704.2 282.9 232.1 425.2 96.0 114.2 
D[30] == 341.7
D[7] == 677.7
D[4] == 566.4
D[20] == 601.3
D[15] == 939.7
D[14] == 150.6
D[23] == 841.0
D[10] == 122.7
D[10] == 677.7
D[26] == 239.6
D[34] == 96.0
deque (44): 908.0 840.5 944.9 226.7 553.7 945.9 560.5 56.8 277.7 728.7 566.4 609.5 815.2 959.4 122.7 677.7 564.6 323.7 150.6 74.7 245.0 755.8 789.5 144.9 332.9 33.4 601.3 841.0 589.8 919.8 239.6 217.0 34.7 182.1 704.2 282.9 232.1 425.2 96.0 341.7 992.0 314.9 2.2 587.1 
D[40] == 96.0
D[26] == 789.5
D[19] == 863.9
D[27] == 755.8
D[23] == 323.7
D[38] == 182.1
D[22] == 564.6
D[16] == 566.4
D[47] == 316.4
D[4] == 951.1
D[19] == 863.9
D[37] == 34.7
D[48] == 374.1
D[32] == 589.8
D[3] == 657.5
D[43] == 425.2
D[6] == 951.1
D[28] == 755.8
deque (55): 205.4 643.1 900.8 940.4 313.2 354.1 947.0 596.8 657.5 951.1 908.0 840.5 944.9 40.5 558.8 945.9 560.5 56.8 277.7 728.7 566.4 527.8 405.8 959.4 863.9 150.4 564.6 323.7 150.6 697.9 245.0 755.8 789.5 144.9 332.9 33.4 601.3 841.0 589.8 919.8 239.6 217.0 34.7 288.2 755.5 740.7 232.1 425.2 96.0 976.2 992.0 316.4 639.4 793.2 733.6 
D[25] == 323.7
D[28] == 245.0
D[37] == 217.0
D[13] == 945.9
D[9] == 769.0
D[53] == 786.1
D[58] == 722.6
D[36] == 919.8
D[29] == 235.2
D[27] == 789.5
D[3] == 657.5
D[25] == 469.3
D[25] == 469.3
D[7] == 776.7
D[36] == 34.7
D[46] == 639.4
D[30] == 841.0
D[8] == 945.9
D[18] == 150.4
D[21] == 469.3
D[44] == 272.5
D[6] == 558.8
D[3] == 776.7
D[23] == 779.6
D[58] == 433.7
D[59] == 349.0
D[52] == 786.1
D[54] == 403.9
D[44] == 96.0
D[34] == 589.8
deque (66): 174.7 686.9 693.3 832.2 758.8 974.8 426.5 121.4 769.0 944.9 776.7 558.8 945.9 560.5 436.8 277.7 934.8 566.4 672.2 405.8 959.4 955.2 150.4 564.6 428.9 150.6 697.9 469.3 421.3 789.5 747.3 70.6 33.4 828.9 841.0 589.8 919.8 863.8 113.8 34.7 288.2 132.0 740.7 76.7 550.2 96.0 436.0 80.0 316.4 639.4 272.5 983.1 786.1 831.1 403.9 136.2 251.7 523.0 836.1 421.5 349.0 436.4 569.1 448.8 379.0 15.4 
D[54] == 831.1
D[53] == 786.1
D[1] == 802.1
D[40] == 863.8
D[39] == 589.8
D[50] == 96.0
D[58] == 831.1
D[36] == 828.9
D[46] == 76.7
D[62] == 421.5
D[10] == 121.4
D[16] == 436.8
D[34] == 863.8
D[37] == 132.0
D[50] == 403.9
D[0] == 601.1
D[17] == 959.4
D[48] == 786.1
D[12] == 934.8
D[22] == 137.6
D[23] == 150.4
D[32] == 33.4
D[46] == 80.0
D[12] == 560.5
D[47] == 316.4
D[0] == 689.1
D[41] == 740.7
D[55] == 831.1
D[61] == 372.6
D[53] == 983.1
D[47] == 96.0
D[24] == 771.8
D[49] == 881.1
D[17] == 558.8
D[10] == 118.0
D[25] == 150.4
D[8] == 896.9
D[29] == 469.3
D[64] == 65.4
D[35] == 866.5
D[47] == 168.6
D[12] == 945.9
D[39] == 863.8
D[53] == 983.1
D[43] == 562.6
D[1] == 438.3
D[37] == 863.8
D[24] == 223.6
D[59] == 313.6
D[50] == 199.0
D[9] == 409.1
D[53] == 360.0
D[48] == 983.1
D[54] == 43.6
D[21] == 986.0
D[6] == 945.9
D[15] == 771.8
D[13] == 405.8
D[3] == 361.7
D[19] == 610.3
D[47] == 935.9
D[33] == 687.9
D[33] == 687.9
D[16] == 566.4
deque (55): 42.3 950.2 141.4 849.0 992.8 361.7 553.6 944.9 776.7 409.1 945.9 135.5 539.2 918.5 934.8 566.4 997.8 97.6 771.8 654.1 340.8 610.3 223.6 67.9 537.1 986.0 82.7 573.7 696.3 702.8 928.7 610.8 687.9 195.0 183.7 863.8 876.1 431.9 230.1 11.0 740.7 168.6 881.1 96.0 436.0 80.0 935.9 148.4 657.2 983.1 199.0 340.6 94.0 134.9 744.6 
D[19] == 771.8
D[22] == 67.9
D[10] == 135.5
D[44] == 80.0
D[4] == 361.7
D[3] == 992.8
D[32] == 876.1
D[49] == 134.9
D[40] == 436.0
D[7] == 135.5
D[12] == 997.8
D[9] == 918.5
D[23] == 702.8
D[49] == 744.6
D[36] == 168.6
D[51] == 525.2
D[28] == 702.8
D[32] == 140.5
D[9] == 945.9
D[37] == 230.1
D[52] == 94.0
D[41] == 740.7
D[55] == 525.2
D[14] == 934.8
D[59] == 862.1
D[0] == 586.3
D[20] == 67.9
D[20] == 937.2
D[30] == 140.5
D[13] == 97.6
D[19] == 537.1
D[41] == 80.0
D[39] == 143.9
D[11] == 934.8
D[19] == 223.6
D[30] == 863.8
D[1] == 586.4
D[28] == 957.7
D[35] == 871.9
D[20] == 283.8
D[31] == 863.8
D[28] == 687.9
D[41] == 80.0
D[14] == 340.8
D[6] == 539.2
deque (44): 586.4 565.5 867.8 409.1 945.9 135.5 539.2 918.5 395.4 566.4 616.1 97.6 771.8 516.6 340.8 551.4 223.6 283.8 537.1 986.0 894.0 499.1 696.3 702.8 164.7 957.7 687.9 140.5 183.7 863.8 592.8 871.9 230.1 11.0 954.9 168.6 143.9 793.4 5.0 80.0 950.0 952.4 657.2 617.6 
D[15] == 551.4
D[14] == 516.6
D[33] == 230.1
D[3] == 135.5
D[15] == 986.0
D[13] == 537.1
D[27] == 863.8
D[46] == 848.0
D[42] == 293.9
D[30] == 871.9
D[7] == 395.4
D[24] == 957.7
D[13] == 169.3
D[31] == 291.5
D[19] == 499.1
D[16] == 169.3
D[20] == 986.0
D[8] == 176.7
D[11] == 176.7
D[1] == 995.8
D[6] == 790.6
D[4] == 120.0
D[31] == 241.2
D[30] == 519.0
D[21] == 354.7
D[18] == 589.9
D[15] == 69.8
D[22] == 460.1
D[15] == 356.5
D[25] == 409.7
D[16] == 223.6
D[19] == 986.0
D[4] == 605.4
D[10] == 395.4
D[9] == 785.5
D[32] == 93.5
D[14] == 69.8
D[23] == 986.0
D[32] == 322.7
D[3] == 291.2
D[8] == 856.4
D[10] == 589.9
D[21] == 409.7
D[31] == 984.4
deque (33): 212.3 369.4 785.5 428.2 395.4 166.4 616.1 856.4 69.8 356.5 647.4 843.8 223.6 354.7 298.3 986.0 460.1 499.1 696.3 588.7 241.2 409.7 864.2 934.7 661.3 93.5 322.7 184.9 678.4 712.7 671.9 984.4 542.8 
D[9] == 356.5
D[5] == 166.4
D[3] == 785.5
D[12] == 843.8
D[16] == 499.1
D[11] == 280.3
D[0] == 69.8
D[6] == 280.3
D[14] == 409.7
D[5] == 280.3
deque (22): 824.1 647.4 843.8 223.6 280.3 923.5 686.1 460.1 228.7 696.3 588.7 241.2 409.7 864.2 934.7 661.3 93.5 322.7 184.9 678.4 712.7 895.8 
D[3] == 223.6
D[3] == 223.6
D[9] == 517.6
D[3] == 280.3
D[3] == 228.1
D[7] == 119.0
D[8] == 447.1
D[15] == 32.8
D[4] == 419.2
D[12] == 765.5
D[0] == 228.1
D[11] == 304.4
D[5] == 228.7
D[3] == 920.4
D[3] == 119.0
deque (11): 889.5 920.4 119.0 228.7 696.3 447.1 486.4 740.8 427.9 304.4 817.8 
D[3] == 696.3
D[7] == 486.4
D[3] == 228.7
D[1] == 119.0
D[0] == 701.3
D[4] == 199.9
D[5] == 490.3
D[5] == 490.3
D[6] == 708.7
D[6] == 708.7
D[5] == 107.3
D[3] == 703.4
D[1] == 414.6
D[0] == 976.4
D[10] == 389.2
D[9] == 778.2
D[2] == 199.9
D[3] == 199.9
D[1] == 961.8
D[0] == 551.2
D[10] == 588.5
D[6] == 722.6
D[1] == 414.6
D[7] == 925.9
D[3] == 566.0
D[4] == 270.6
D[5] == 332.7
D[8] == 332.7
D[2] == 800.6
D[1] == 735.7
D[3] == 276.4
D[4] == 443.8
D[2] == 561.1
D[3] == 276.4
D[1] == 971.5
D[0] == 735.7
D[0] == 735.7
D[1] == 785.7
D[0] == 613.2
D[3] == 785.7
D[0] == 788.0
D[0] == 590.6
D[3] == 650.5
D[2] == 613.2
D[2] == 650.5
D[2] == 953.3
D[0] == 523.5
D[0] == 523.5
D[2] == 33.2
D[3] == 848.4
D[0] == 867.4
D[3] == 885.0
D[5] == 975.2
D[0] == 158.1
D[4] == 975.2
D[6] == 823.2
D[0] == 158.1
D[0] == 158.1
D[0] == 848.4
D[5] == 589.4
D[3] == 975.2
D[2] == 708.6
D[1] == 973.6
D[9] == 136.5
D[6] == 91.0
D[4] == 589.4
D[0] == 807.2
D[1] == 28.1
D[5] == 566.9
D[3] == 834.0
D[5] == 182.3
D[1] == 589.4
D[0] == 238.6
D[8] == 861.3
D[9] == 861.3
D[3] == 205.5
D[1] == 393.3
D[3] == 205.5
D[0] == 430.1
D[2] == 393.3
D[5] == 369.3
D[4] == 460.9
D[0] == 629.0
D[0] == 629.0
D[3] == 335.6
D[4] == 931.6
D[10] == 531.6
D[14] == 686.1
D[0] == 481.9
D[12] == 59.1
D[3] == 657.3
D[8] == 369.3
D[13] == 59.1
D[1] == 481.9
D[4] == 804.1
D[4] == 369.3
D[4] == 369.3
D[5] == 538.0
D[1] == 808.8
D[4] == 953.0
D[1] == 922.1
D[2] == 893.7
D[0] == 922.1
D[4] == 68.0
D[11] == 927.6
D[0] == 128.0
D[0] == 170.3
D[1] == 170.3
D[13] == 356.8
D[10] == 348.6
deque (22): 72.0 233.6 913.9 128.0 168.2 760.2 646.3 443.8 68.0 910.0 826.7 348.6 284.1 924.0 356.8 927.6 184.4 397.3 770.9 422.9 577.3 237.2 
D[20] == 577.3
D[14] == 927.6
D[10] == 348.6
D[17] == 770.9
D[12] == 924.0
D[6] == 646.3
D[1] == 233.6
D[5] == 760.2
D[19] == 422.9
D[5] == 443.8
D[1] == 128.0
D[7] == 910.0
D[5] == 904.7
D[4] == 103.6
D[9] == 781.3
D[11] == 386.3
D[10] == 924.0
D[10] == 924.0
D[8] == 781.3
D[14] == 770.9
D[12] == 184.4
D[13] == 397.3
D[3] == 906.2
D[2] == 103.6
D[4] == 226.0
D[6] == 348.6
deque (11): 906.2 226.0 910.0 312.8 348.6 781.3 924.0 386.3 927.6 154.1 994.9 
D[5] == 316.0
D[1] == 910.0
D[3] == 348.6
D[3] == 348.6
D[2] == 348.6
D[12] == 247.4
D[3] == 316.0
D[6] == 994.9
D[9] == 251.3
D[9] == 251.3
D[1] == 781.3
D[3] == 604.8
D[10] == 30.5
D[5] == 641.8
D[6] == 236.2
D[8] == 236.2
D[10] == 693.5
D[8] == 236.2
D[7] == 641.8
D[2] == 452.8
D[10] == 641.8
D[8] == 452.8
D[8] == 452.8
D[11] == 250.7
D[2] == 151.6
D[4] == 284.1
D[16] == 215.3
D[3] == 578.8
D[17] == 820.2
D[9] == 452.8
deque (22): 966.7 367.3 194.9 820.4 151.6 568.2 284.1 578.8 80.0 820.3 225.7 723.7 452.8 182.7 413.7 250.7 994.9 77.9 50.4 141.0 17.6 571.8 
D[20] == 750.1
D[16] == 411.0
D[15] == 994.9
D[17] == 141.0
D[5] == 284.1
D[20] == 424.4
D[18] == 105.9
D[19] == 673.3
D[16] == 50.4
D[8] == 225.7
D[4] == 578.8
D[6] == 80.0
D[22] == 427.4
D[0] == 875.8
D[24] == 219.5
D[25] == 975.5
D[10] == 182.7
D[26] == 160.7
D[16] == 372.1
D[22] == 87.8
D[4] == 578.8
D[24] == 160.7
D[3] == 284.1
D[7] == 225.7
D[13] == 682.6
D[18] == 982.7
D[18] == 338.7
D[7] == 367.0
D[4] == 182.7
D[11] == 595.9
D[8] == 411.0
D[20] == 68.9
D[22] == 638.0
D[24] == 433.6
D[9] == 23.6
D[9] == 682.6
D[4] == 23.6
D[12] == 68.9
D[3] == 424.4
D[4] == 376.1
D[0] == 364.4
deque (11): 364.4 595.9 96.9 424.4 376.1 361.8 965.5 29.6 614.5 975.5 68.9 
D[0] == 364.4
D[8] == 975.5
D[3] == 57.2
D[8] == 68.9
D[7] == 975.5
D[2] == 576.3
D[0] == 615.6
D[1] == 659.4
D[5] == 168.4
D[5] == 14.2
D[2] == 576.3
D[4] == 554.5
D[0] == 871.9
D[2] == 18.5
D[4] == 917.3
D[1] == 14.2
D[3] == 917.3
D[2] == 908.3
D[4] == 399.6
D[3] == 908.3
D[5] == 897.9
D[8] == 428.1
D[8] == 404.7
D[3] == 747.1
D[5] == 899.6
D[8] == 413.2
D[4] == 989.4
D[3] == 249.2
D[4] == 249.2
D[5] == 64.6
D[11] == 532.7
D[10] == 989.4
D[9] == 10.5
D[15] == 247.2
D[8] == 182.9
D[3] == 178.3
deque (22): 699.6 990.6 844.4 178.3 736.3 356.6 25.4 182.9 260.3 249.2 16.4 82.5 346.0 345.5 247.2 532.7 605.9 932.0 320.9 333.6 663.5 789.3 
D[16] == 932.0
D[0] == 242.5
D[21] == 606.1
D[24] == 70.3
D[1] == 844.4
D[1] == 193.1
D[7] == 356.6
D[1] == 193.1
D[17] == 605.9
D[9] == 750.4
D[22] == 606.1
D[18] == 605.9
D[12] == 345.5
D[8] == 750.4
D[0] == 25.5
D[8] == 611.1
D[15] == 695.9
D[0] == 712.9
D[8] == 611.1
D[12] == 605.9
D[13] == 390.0
D[6] == 611.1
D[3] == 4.9
deque (11): 25.4 4.9 245.6 523.7 611.1 440.1 328.1 345.5 824.4 215.8 605.9 
D[1] == 328.9
D[11] == 478.2
D[7] == 256.5
D[6] == 328.1
D[9] == 215.8
D[0] == 27.2
D[3] == 144.6
D[1] == 218.9
D[6] == 328.1
D[6] == 328.1
D[6] == 440.1
D[4] == 245.6
D[3] == 771.8
D[2] == 771.8
D[3] == 771.8
D[7] == 362.1
D[2] == 833.8
D[7] == 950.3
D[3] == 453.0
D[5] == 401.2
D[2] == 310.9
D[0] == 10.2
D[4] == 371.1
D[4] == 371.1
D[4] == 371.1
D[1] == 310.9
D[4] == 371.1
D[3] == 683.5
D[3] == 921.2
D[1] == 270.9
D[0] == 310.9
D[3] == 876.8
D[8] == 27.4
D[4] == 876.8
D[5] == 12.2
D[1] == 661.3
D[3] == 902.7
D[3] == 12.2
D[3] == 22.7
D[7] == 902.7
D[0] == 22.7
D[6] == 12.2
D[9] == 542.5
D[6] == 661.3
D[3] == 747.4
D[8] == 924.5
D[7] == 228.8
D[8] == 510.5
D[4] == 161.2
D[10] == 442.3
D[8] == 728.4
D[10] == 970.9
D[2] == 438.4
D[2] == 867.9
D[5] == 12.2
D[0] == 686.3
D[6] == 755.8
D[9] == 196.6
D[0] == 769.8
D[0] == 901.0
D[12] == 551.6
D[14] == 603.6
D[3] == 867.9
D[9] == 40.3
D[1] == 139.9
D[0] == 635.2
D[3] == 248.9
D[11] == 977.0
D[7] == 475.2
D[6] == 488.5
D[9] == 92.9
D[3] == 488.5
D[0] == 87.3
D[4] == 475.2
D[12] == 797.1
D[4] == 488.5
D[5] == 40.3
D[7] == 590.8
D[8] == 765.9
D[4] == 619.7
D[2] == 243.9
D[4] == 500.9
D[0] == 500.9
D[1] == 688.1
D[6] == 677.5
D[2] == 188.9
D[1] == 280.4
D[5] == 272.7
D[6] == 812.7
D[7] == 744.2
D[1] == 989.4
D[0] == 744.2
D[2] == 574.2
deque (0): 
D[0] == 551.8
D[1] == 581.0
D[3] == 171.7
D[1] == 171.7
D[0] == 721.4
D[0] == 721.4
D[2] == 541.6
D[1] == 962.1
D[0] == 610.1
D[0] == 610.1
D[1] == 970.3
D[0] == 403.0
D[1] == 610.1
D[2] == 119.3
D[1] == 610.1
D[1] == 32.1
D[8] == 888.6
D[2] == 54.1
D[1] == 536.8
D[1] == 536.8
D[3] == 574.6
D[1] == 737.3
D[0] == 737.3
D[4] == 574.6
D[2] == 442.0
D[3] == 107.2
D[2] == 442.0
D[5] == 128.8
D[1] == 208.1
D[0] == 592.4
D[0] == 385.0
D[0] == 932.6
D[0] == 644.4
D[0] == 644.4
D[3] == 612.1
D[2] == 254.2
D[0] == 982.1
D[0] == 254.2
D[5] == 718.4
D[8] == 649.2
deque (11): 676.7 599.9 254.2 581.5 612.1 718.4 113.6 223.6 415.6 98.1 472.7 
D[9] == 98.1
D[2] == 718.4
D[2] == 216.5
D[5] == 612.1
D[0] == 832.2
D[5] == 657.1
D[4] == 612.1
D[1] == 287.0
D[2] == 450.9
D[3] == 347.3
D[3] == 450.9
D[5] == 347.3
D[9] == 404.3
D[8] == 61.9
D[0] == 941.2
D[5] == 673.2
D[6] == 104.2
D[5] == 287.0
D[3] == 673.2
D[8] == 554.3
D[2] == 7.1
D[3] == 673.2
D[1] == 591.0
D[0] == 379.8
D[1] == 767.0
D[8] == 450.9
D[9] == 450.9
D[6] == 585.6
D[8] == 104.2
D[9] == 674.8
D[6] == 287.0
D[8] == 674.8
D[0] == 632.5
D[8] == 287.0
D[0] == 787.6
D[0] == 996.5
D[12] == 226.2
D[4] == 168.7
D[6] == 674.8
D[0] == 944.0
D[11] == 472.0
D[9] == 226.2
deque (22): 998.0 72.0 16.3 585.6 416.3 516.5 927.5 115.5 674.8 845.6 960.5 407.2 226.2 472.0 993.6 431.5 668.4 882.2 448.7 793.2 348.8 495.9 
D[14] == 993.6
D[3] == 585.6
D[14] == 668.4
D[17] == 883.9
D[4] == 115.5
D[15] == 282.8
D[13] == 282.8
D[7] == 448.7
D[5] == 668.4
D[1] == 479.5
D[8] == 175.8
D[5] == 668.4
D[2] == 969.3
D[9] == 595.8
deque (11): 479.5 250.2 969.3 416.7 668.4 882.2 448.7 175.8 816.6 595.8 288.9 
D[5] == 882.2
D[7] == 175.8
D[2] == 969.3
D[4] == 448.7
D[4] == 448.7
D[0] == 619.0
D[0] == 260.0
deque (0): 
D[0] == 26.1
D[0] == 26.1
D[2] == 209.0
D[3] == 216.3
D[3] == 55.7
D[0] == 757.5
D[0] == 757.5
D[1] == 542.3
D[0] == 757.5
D[0] == 757.5
D[0] == 822.6
D[2] == 542.3
deque (11): 27.9 456.5 881.5 822.6 542.3 284.8 73.0 58.9 634.7 741.6 546.3 
D[3] == 881.5
D[0] == 151.6
D[1] == 27.9
D[5] == 73.0
D[8] == 741.6
D[4] == 73.0
D[9] == 214.8
D[1] == 542.3
D[0] == 542.3
D[0] == 634.7
D[1] == 903.5
D[0] == 634.7
D[1] == 903.5
D[3] == 643.3
D[0] == 728.2
D[2] == 83.8
D[1] == 187.8
D[2] == 479.0
deque (0): 
D[0] == 40.6
D[1] == 126.3
D[1] == 499.1
D[1] == 667.7
D[0] == 713.3
D[1] == 278.3
D[0] == 713.3
D[1] == 278.3
D[1] == 278.3
D[0] == 278.3
D[0] == 664.2
D[0] == 439.2
D[0] == 439.2
D[2] == 847.8
D[0] == 539.6
D[0] == 680.3
D[0] == 394.0
D[2] == 321.4
D[0] == 444.4
D[0] == 773.6
D[0] == 773.6
D[0] == 773.6
D[2] == 693.9
D[0] == 182.9
D[2] == 833.1
D[4] == 386.7
D[0] == 451.0
D[4] == 182.9
D[4] == 833.1
deque (11): 378.9 44.2 895.2 732.9 291.3 833.1 182.9 386.7 296.6 740.7 623.8 
D[0] == 44.2
D[13] == 170.7
D[13] == 943.5
D[4] == 225.2
D[2] == 170.4
D[10] == 833.1
D[8] == 166.8
D[1] == 16.0
D[4] == 413.4
D[15] == 182.7
deque (22): 438.7 281.4 885.2 178.5 307.0 634.3 16.0 770.8 413.4 370.6 112.4 36.1 229.1 264.2 895.2 269.3 291.3 833.1 641.5 553.0 182.7 848.0 
D[20] == 182.7
D[9] == 112.4
D[10] == 112.4
D[2] == 885.2
D[13] == 895.2
D[0] == 609.2
D[0] == 922.8
D[21] == 182.7
D[7] == 16.0
D[22] == 848.0
D[24] == 126.4
D[24] == 126.4
D[19] == 291.3
D[14] == 264.2
D[1] == 781.0
D[13] == 126.7
D[17] == 895.6
D[2] == 134.4
D[4] == 180.4
D[16] == 895.2
D[3] == 180.4
D[4] == 178.5
D[9] == 412.2
D[4] == 180.4
D[4] == 180.4
D[10] == 80.1
D[15] == 264.2
D[3] == 598.2
D[4] == 134.4
D[18] == 80.1
deque (33): 404.3 873.5 884.7 217.3 725.2 510.5 11.3 54.3 720.9 909.7 928.3 134.4 275.5 180.4 178.5 839.5 875.9 670.4 412.2 80.1 370.6 397.6 285.2 123.5 533.4 774.9 895.6 962.7 286.0 424.6 811.7 97.9 608.1 
D[3] == 725.2
D[10] == 134.4
D[9] == 928.3
D[18] == 397.6
D[11] == 670.4
D[2] == 54.3
deque (22): 54.3 720.9 909.7 928.3 134.4 275.5 180.4 178.5 839.5 648.8 670.4 412.2 80.1 370.6 397.6 285.2 123.5 533.4 774.9 895.6 962.7 286.0 
D[11] == 648.8
D[17] == 285.2
D[5] == 928.3
D[7] == 695.4
D[27] == 624.7
D[20] == 285.2
deque (33): 370.8 31.2 395.6 4.0 822.5 123.1 54.3 720.9 909.7 928.3 134.4 453.4 180.4 178.5 839.5 648.8 670.4 412.2 80.1 370.6 397.6 285.2 760.4 798.2 774.9 895.6 962.7 286.0 624.7 660.1 872.4 734.9 797.4 
D[29] == 660.1
D[19] == 370.6
D[15] == 648.8
D[18] == 670.4
D[2] == 31.2
D[22] == 370.6
D[19] == 409.6
D[28] == 660.1
D[10] == 134.4
D[21] == 798.2
D[12] == 648.8
D[4] == 453.4
D[1] == 462.5
D[0] == 818.6
D[27] == 636.2
D[12] == 808.0
D[15] == 80.1
D[25] == 61.2
D[14] == 808.0
D[27] == 904.3
D[13] == 409.6
D[5] == 839.5
D[15] == 159.8
D[12] == 291.6
D[17] == 928.8
D[30] == 61.2
D[8] == 412.2
D[26] == 896.3
D[29] == 794.6
D[4] == 299.4
D[10] == 80.1
D[1] == 747.4
D[11] == 176.9
D[6] == 299.4
D[10] == 684.8
D[11] == 80.1
D[26] == 577.7
D[35] == 649.9
D[15] == 315.7
D[17] == 291.7
D[5] == 596.6
D[14] == 798.2
D[7] == 684.8
D[13] == 798.2
D[13] == 928.8
D[22] == 896.3
deque (22): 808.0 684.8 80.1 955.4 397.6 61.5 315.7 798.2 291.6 425.3 928.8 827.6 395.8 108.1 67.9 904.3 678.7 450.5 803.4 304.4 896.3 173.6 
D[10] == 928.8
D[18] == 803.4
D[3] == 397.6
D[19] == 12.5
D[16] == 450.5
D[20] == 366.6
D[10] == 108.1
D[9] == 67.9
D[20] == 893.7
D[6] == 425.3
D[1] == 120.6
D[22] == 861.7
D[8] == 174.9
D[14] == 108.0
D[6] == 827.6
D[22] == 392.9
D[9] == 612.3
D[11] == 904.3
D[7] == 827.6
D[10] == 174.9
D[14] == 621.7
D[0] == 535.4
D[0] == 797.2
D[17] == 453.1
D[12] == 450.5
D[14] == 621.7
D[7] == 152.6
D[19] == 351.1
D[18] == 621.7
D[0] == 371.1
D[24] == 982.2
D[0] == 145.8
D[8] == 148.6
D[8] == 329.5
D[11] == 336.0
D[1] == 780.6
D[14] == 946.5
D[3] == 27.3
D[17] == 174.9
D[12] == 425.3
D[19] == 317.0
D[20] == 317.0
D[6] == 564.2
D[26] == 550.2
D[13] == 676.2
D[22] == 174.9
D[13] == 676.2
D[26] == 402.7
D[23] == 317.0
D[22] == 669.1
D[13] == 329.5
D[2] == 710.2
D[19] == 174.9
D[13] == 946.5
D[21] == 378.1
D[20] == 811.7
D[22] == 378.1
D[8] == 676.2
D[16] == 53.8
D[15] == 946.5
D[16] == 346.9
D[3] == 578.8
D[12] == 902.1
D[12] == 902.1
D[10] == 431.5
D[11] == 902.1
D[12] == 902.1
D[5] == 349.4
D[9] == 763.2
D[17] == 30.7
D[15] == 574.5
D[1] == 258.4
D[7] == 148.6
D[5] == 488.1
D[2] == 934.9
D[14] == 574.5
D[6] == 349.4
D[16] == 21.2
D[8] == 3.6
D[16] == 21.2
D[5] == 384.5
D[1] == 482.8
D[0] == 348.5
D[11] == 654.6
D[2] == 348.5
D[17] == 263.5
D[14] == 643.1
D[13] == 639.8
D[15] == 830.4
D[17] == 639.8
D[13] == 384.5
D[18] == 931.0
D[3] == 964.6
D[15] == 384.5
D[0] == 89.5
deque (33): 542.1 89.5 278.7 789.2 618.2 781.6 964.6 739.0 434.4 43.8 210.1 721.1 348.5 482.8 488.1 406.1 516.3 384.5 376.7 830.4 639.8 931.0 654.6 112.5 43.0 643.1 624.8 653.9 863.8 964.1 4.8 734.7 483.1 
D[15] == 516.3
D[2] == 278.7
D[3] == 278.7
D[6] == 940.5
D[13] == 348.5
D[3] == 789.2
D[14] == 348.5
D[19] == 384.5
D[29] == 653.9
D[10] == 709.1
D[16] == 210.1
D[26] == 639.8
D[4] == 68.7
deque (44): 478.4 725.4 193.7 531.9 574.4 68.7 445.3 497.6 89.5 278.7 789.2 618.2 709.1 964.6 739.0 434.4 43.8 210.1 721.1 348.5 637.8 488.1 406.1 516.3 384.5 376.7 872.7 639.8 825.0 654.6 112.5 43.0 643.1 624.8 653.9 863.8 964.1 86.5 508.8 888.8 633.6 257.7 935.3 38.2 
D[28] == 654.6
D[19] == 637.8
D[3] == 574.4
D[30] == 643.1
D[14] == 434.4
D[15] == 43.8
D[30] == 43.0
D[21] == 626.0
D[1] == 574.4
D[7] == 789.2
D[6] == 278.7
D[6] == 278.7
D[15] == 210.1
D[7] == 89.5
D[26] == 639.8
D[1] == 28.1
D[20] == 570.9
D[19] == 742.4
D[30] == 654.6
D[17] == 721.1
D[24] == 384.5
D[25] == 376.7
D[33] == 425.6
D[3] == 445.3
D[37] == 259.0
D[10] == 395.3
D[32] == 863.8
D[9] == 434.4
D[39] == 625.1
D[24] == 654.6
D[36] == 68.7
D[36] == 68.7
D[1] == 29.1
D[27] == 947.9
D[36] == 259.0
D[11] == 608.4
D[15] == 169.3
D[0] == 29.1
D[27] == 274.7
deque (33): 303.2 89.5 171.3 789.2 241.6 997.7 486.2 113.4 608.4 43.8 210.1 721.1 742.4 169.3 57.1 406.1 626.0 795.9 47.3 872.7 70.2 825.0 654.6 112.5 857.8 332.3 705.6 145.8 863.8 425.6 677.2 561.2 398.7 
D[12] == 169.3
D[3] == 789.2
D[10] == 742.4
D[11] == 721.1
D[2] == 90.4
D[19] == 929.0
D[0] == 342.0
D[7] == 757.0
D[5] == 532.4
D[19] == 929.0
D[20] == 977.2
D[5] == 997.7
D[29] == 550.8
D[4] == 757.0
D[12] == 406.1
D[0] == 789.2
D[14] == 929.0
D[23] == 683.4
D[20] == 977.2
D[4] == 757.0
D[27] == 550.8
D[16] == 929.0
deque (22): 116.6 142.9 757.0 186.9 546.6 43.8 210.1 931.0 742.4 169.3 749.1 272.4 656.6 471.0 47.3 929.0 729.9 367.6 977.2 112.5 214.9 332.3 
D[5] == 210.1
D[9] == 749.1
D[5] == 210.1
D[7] == 931.0
D[16] == 475.7
D[13] == 656.6
deque (11): 837.1 206.1 210.1 931.0 403.8 806.1 831.8 272.4 400.4 471.0 47.3 
D[4] == 403.8
D[8] == 400.4
D[6] == 806.1
D[10] == 908.6
D[12] == 400.4
D[11] == 908.6
D[7] == 210.1
D[9] == 210.1
D[9] == 931.0
D[0] == 676.1
D[12] == 950.1
D[1] == 748.6
D[14] == 121.6
D[10] == 210.1
D[8] == 454.9
deque (22): 184.3 831.8 373.7 676.1 748.6 593.9 143.0 713.4 799.9 454.9 373.6 210.1 931.0 403.8 806.1 950.1 210.1 121.6 881.7 140.0 102.1 772.0 
D[6] == 454.9
D[2] == 322.2
D[8] == 806.1
D[9] == 403.8
D[14] == 881.7
D[11] == 950.1
D[16] == 675.4
D[8] == 176.7
D[8] == 461.2
D[0] == 128.0
D[5] == 210.1
D[3] == 454.9
D[1] == 100.0
D[11] == 210.1
D[2] == 411.6
deque (11): 411.6 100.0 454.9 376.8 6.4 94.4 176.7 375.5 503.2 210.1 121.6 
D[2] == 454.9
D[4] == 376.8
D[2] == 454.9
D[2] == 100.0
D[1] == 26.1
D[10] == 210.1
D[4] == 94.4
D[9] == 790.1
D[5] == 34.4
D[1] == 376.8
D[0] == 454.9
D[9] == 181.0
D[2] == 360.8
D[4] == 400.9
D[7] == 146.5
D[6] == 146.5
D[9] == 785.5
D[10] == 612.6
D[5] == 568.2
D[4] == 655.8
D[0] == 580.7
D[1] == 470.9
D[0] == 356.7
D[0] == 115.3
D[4] == 100.7
D[1] == 80.8
D[1] == 263.0
deque (0): 
D[0] == 469.0
D[1] == 450.5
D[2] == 450.5
D[1] == 424.6
D[1] == 450.5
D[2] == 636.7
D[0] == 636.7
D[0] == 870.2
D[2] == 639.7
D[3] == 381.8
D[1] == 492.5
D[1] == 14.0
D[0] == 842.4
D[0] == 842.4
D[0] == 96.4
D[0] == 220.8
D[0] == 923.9
D[0] == 923.9
D[2] == 755.3
D[0] == 377.1
D[0] == 473.1
D[2] == 430.2
D[1] == 473.1
D[0] == 649.8
D[1] == 683.3
D[0] == 424.1
D[2] == 485.3
D[2] == 683.3
D[2] == 683.3
D[5] == 461.3
D[3] == 485.3
D[1] == 134.3
D[3] == 352.1
D[3] == 352.1
D[5] == 485.3
D[8] == 606.3
D[0] == 250.6
D[4] == 153.0
D[2] == 153.0
D[1] == 134.3
D[4] == 153.0
D[0] == 560.9
D[2] == 131.7
D[0] == 484.2
D[0] == 484.2
D[2] == 60.0
D[1] == 338.5
D[2] == 351.6
D[4] == 286.9
D[0] == 514.5
D[0] == 221.9
D[1] == 460.1
D[2] == 26.1
D[5] == 597.0
deque (11): 611.8 251.6 903.9 153.2 59.1 892.8 411.2 42.7 744.2 26.1 547.2 
D[5] == 892.8
D[1] == 251.6
D[7] == 858.0
D[4] == 59.1
D[5] == 153.2
D[2] == 846.1
D[9] == 638.1
D[7] == 391.0
D[12] == 638.1
D[2] == 824.4
D[1] == 213.3
D[5] == 209.5
D[12] == 152.1
D[11] == 673.4
D[7] == 638.1
D[4] == 466.8
D[12] == 656.5
D[2] == 209.5
D[5] == 466.8
deque (22): 338.9 640.2 479.7 209.5 391.0 781.5 466.8 970.8 638.1 347.2 584.0 152.1 481.6 688.7 656.5 940.1 238.9 720.7 525.7 403.8 722.4 701.7 
D[5] == 781.5
D[18] == 403.8
D[4] == 391.0
D[1] == 634.7
D[8] == 466.8
D[9] == 263.0
D[12] == 239.5
D[14] == 434.8
D[18] == 336.1
D[5] == 9.8
D[5] == 9.8
D[14] == 972.4
D[13] == 972.4
D[18] == 238.9
D[0] == 563.0
D[18] == 189.2
D[10] == 263.0
D[14] == 14.4
D[16] == 189.2
D[3] == 391.0
D[6] == 970.9
D[22] == 16.3
D[11] == 978.3
D[10] == 263.0
D[4] == 786.0
D[18] == 931.9
D[19] == 280.3
D[7] == 695.2
D[19] == 906.2
D[4] == 263.0
D[18] == 931.9
D[18] == 931.9
D[2] == 786.0
D[4] == 297.3
deque (33): 658.3 603.9 616.6 150.8 3.9 114.6 46.3 94.7 261.0 786.0 970.9 297.3 409.6 263.0 95.2 622.0 695.2 484.8 452.6 497.8 238.9 189.2 242.3 224.6 140.7 931.9 884.6 280.3 906.2 972.3 54.4 578.1 958.6 
D[30] == 54.4
D[1] == 43.2
D[7] == 46.3
D[17] == 695.2
D[14] == 409.6
D[15] == 263.0
D[25] == 224.6
D[14] == 409.6
D[17] == 622.0
D[25] == 224.6
D[15] == 695.2
D[26] == 280.3
D[24] == 280.3
D[3] == 441.1
D[8] == 622.0
D[20] == 934.5
D[10] == 924.6
D[24] == 828.8
D[11] == 565.3
D[5] == 541.4
D[25] == 824.4
D[25] == 290.8
D[11] == 497.8
D[0] == 811.5
D[12] == 452.6
D[18] == 313.9
D[9] == 322.6
D[9] == 612.4
D[8] == 541.4
D[1] == 978.2
D[20] == 58.3
deque (22): 400.7 978.2 342.7 331.8 27.6 456.5 90.1 974.8 541.4 409.6 612.4 322.6 924.6 117.0 565.3 452.6 497.8 106.0 189.2 996.0 58.3 69.9 
D[10] == 452.6
D[15] == 189.2
D[23] == 240.8
D[11] == 117.0
D[22] == 961.7
D[25] == 47.5
D[0] == 173.7
D[0] == 667.6
D[21] == 945.8
D[3] == 525.9
D[29] == 728.7
D[16] == 189.2
D[15] == 452.6
D[13] == 117.0
deque (33): 895.4 18.2 687.5 667.6 173.7 957.3 290.6 777.9 974.8 541.4 111.0 812.7 322.6 924.6 117.0 565.3 452.6 621.8 278.3 189.2 996.0 58.3 56.9 744.6 945.8 951.1 961.7 796.9 47.5 790.5 453.7 856.9 685.2 
D[3] == 957.3
D[3] == 957.3
D[10] == 322.6
D[14] == 452.6
D[16] == 250.6
D[30] == 732.6
D[15] == 521.6
D[1] == 224.6
D[14] == 675.3
D[24] == 347.9
D[8] == 85.8
D[30] == 195.1
D[17] == 284.9
D[28] == 945.8
D[37] == 130.1
D[29] == 961.7
D[13] == 812.7
D[24] == 347.9
D[15] == 564.7
D[21] == 15.6
D[17] == 250.6
D[33] == 195.1
D[17] == 250.6
D[10] == 290.6
D[0] == 466.2
D[3] == 431.5
D[5] == 802.4
D[26] == 945.8
D[31] == 195.1
D[30] == 119.4
D[4] == 821.1
D[4] == 821.1
D[9] == 657.9
D[22] == 56.9
D[35] == 50.0
D[35] == 50.0
D[29] == 949.8
D[26] == 392.3
D[15] == 511.2
D[9] == 970.3
D[9] == 970.3
D[14] == 511.2
D[23] == 239.6
D[5] == 814.8
D[24] == 119.4
D[28] == 860.2
D[2] == 757.1
D[9] == 127.2
D[10] == 521.6
D[8] == 808.0
D[14] == 92.5
D[11] == 808.0
D[16] == 590.2
D[11] == 250.6
D[10] == 521.6
D[2] == 678.0
D[15] == 961.7
D[4] == 92.5
D[29] == 970.6
D[14] == 511.2
D[14] == 119.4
D[15] == 511.2
D[14] == 961.7
D[10] == 559.9
D[20] == 852.9
D[14] == 961.7
D[12] == 172.7
D[13] == 172.7
D[22] == 761.1
D[9] == 412.5
D[2] == 38.0
D[35] == 608.4
D[26] == 677.9
D[22] == 926.3
D[4] == 150.0
D[17] == 857.4
D[14] == 667.0
D[1] == 163.0
D[14] == 636.3
D[3] == 163.0
D[3] == 163.0
D[33] == 401.7
D[16] == 636.3
D[0] == 708.5
D[26] == 727.1
D[37] == 900.4
D[5] == 163.0
D[5] == 334.3
deque (44): 403.2 10.2 15.8 347.9 964.9 592.6 835.0 334.3 930.1 816.2 163.0 988.5 709.8 150.0 681.7 349.9 412.5 45.9 559.9 172.7 511.2 636.3 141.5 667.0 512.0 462.1 857.4 290.9 541.2 377.2 30.2 926.3 727.1 466.1 677.9 524.2 634.2 53.6 306.3 478.2 401.7 990.1 900.4 195.7 
D[4] == 835.0
D[29] == 926.3
D[12] == 681.7
D[1] == 964.9
D[22] == 857.4
D[14] == 922.8
D[17] == 141.5
deque (33): 926.2 334.3 930.1 816.2 163.0 988.5 709.8 150.0 681.7 349.9 412.5 45.9 559.9 922.8 511.2 636.3 141.5 667.0 512.0 462.1 857.4 290.9 541.2 377.2 30.2 528.5 727.1 466.1 677.9 524.2 634.2 53.6 306.3 
D[25] == 727.1
D[28] == 634.2
D[13] == 141.5
D[24] == 30.2
D[23] == 528.5
D[1] == 877.5
D[16] == 462.1
D[8] == 922.8
D[5] == 45.9
D[19] == 30.2
D[25] == 634.2
D[13] == 976.1
D[4] == 45.9
D[7] == 987.0
D[22] == 524.2
D[3] == 412.5
D[6] == 412.5
D[12] == 667.0
D[13] == 667.0
D[5] == 230.2
D[4] == 150.0
D[7] == 412.5
D[7] == 45.9
D[24] == 492.2
D[0] == 328.7
D[16] == 148.1
D[11] == 187.6
D[16] == 604.6
D[15] == 187.6
D[6] == 681.7
D[19] == 409.9
D[6] == 681.7
D[0] == 0.7
D[16] == 604.6
D[18] == 462.1
D[7] == 681.7
D[19] == 411.0
deque (22): 0.7 825.2 768.8 642.9 80.2 362.9 681.7 666.7 412.5 5.1 980.3 922.8 730.1 153.1 187.6 667.0 604.6 462.1 411.0 309.7 541.2 377.2 
D[18] == 309.7
D[2] == 642.9
D[16] == 604.6
D[7] == 950.9
D[4] == 302.9
D[21] == 924.1
D[13] == 922.8
D[3] == 802.7
D[6] == 681.7
D[6] == 302.9
D[11] == 732.7
D[19] == 244.3
D[2] == 802.7
D[20] == 352.5
D[8] == 126.2
D[4] == 70.8
D[6] == 475.5
D[1] == 332.6
D[4] == 332.6
D[19] == 755.5
D[0] == 280.7
D[22] == 257.5
D[17] == 126.2
D[22] == 167.9
D[24] == 284.3
D[15] == 736.7
D[23] == 721.8
D[19] == 650.2
D[9] == 285.1
D[4] == 222.4
D[20] == 650.2
D[21] == 650.2
D[24] == 126.2
D[13] == 993.8
D[23] == 122.7
D[8] == 991.6
D[19] == 475.5
deque (33): 324.3 695.0 701.2 601.6 95.1 707.0 5.1 322.4 991.6 88.3 184.2 715.6 280.7 285.1 993.8 577.6 276.3 813.8 332.6 475.5 13.9 411.5 736.7 473.6 122.7 99.7 126.2 130.5 899.6 501.3 625.4 913.6 865.7 
D[9] == 991.6
D[0] == 3.6
D[19] == 813.8
D[3] == 601.6
D[9] == 707.0
deque (44): 510.3 306.3 256.7 337.0 695.0 701.2 601.6 95.1 707.0 5.1 322.4 991.6 88.3 184.2 715.6 280.7 285.1 993.8 577.6 276.3 813.8 332.6 475.5 390.0 411.5 777.6 473.6 122.7 99.7 126.2 130.5 545.7 501.3 625.4 645.8 865.7 133.3 532.3 638.2 93.4 816.4 895.8 88.4 503.2 
D[21] == 475.5
D[2] == 337.0
D[37] == 638.2
D[33] == 625.4
D[32] == 625.4
D[7] == 322.4
D[21] == 511.6
D[1] == 707.0
D[26] == 625.4
D[3] == 322.4
D[34] == 895.8
D[22] == 99.7
D[28] == 645.8
D[34] == 816.4
D[3] == 991.6
D[6] == 906.6
D[29] == 532.3
D[22] == 130.5
deque (33): 707.0 5.1 322.4 991.6 88.3 184.2 906.6 684.4 285.1 850.7 577.6 276.3 813.8 89.7 475.5 390.0 411.5 777.6 473.6 511.6 362.9 126.2 130.5 545.7 501.3 625.4 645.8 275.4 194.4 532.3 638.2 93.4 816.4 
D[7] == 577.6
D[25] == 532.3
D[25] == 532.3
D[4] == 285.1
D[16] == 362.9
D[23] == 275.4
D[33] == 411.7
D[32] == 375.4
D[36] == 279.6
D[37] == 6.9
D[1] == 90.7
D[30] == 279.6
D[31] == 414.5
D[26] == 61.9
D[1] == 276.3
D[34] == 11.5
D[18] == 35.2
D[11] == 777.6
D[35] == 533.2
D[35] == 147.9
D[2] == 612.8
D[32] == 62.7
D[3] == 572.6
D[24] == 790.3
D[31] == 62.7
D[10] == 777.6
D[14] == 126.2
D[3] == 733.2
D[0] == 656.8
D[25] == 751.8
D[33] == 406.0
D[30] == 368.4
D[30] == 368.4
D[19] == 397.1
D[14] == 663.4
deque (44): 22.8 432.7 641.8 310.3 366.4 848.3 656.8 327.0 733.2 276.3 813.8 398.6 469.6 644.7 408.0 777.6 663.4 511.6 201.6 126.2 10.2 117.3 501.3 35.2 397.1 275.4 790.3 532.3 638.2 93.4 751.8 658.2 61.9 62.7 658.7 368.4 411.7 625.5 406.0 643.5 521.5 615.3 75.2 391.2 
D[20] == 10.2
D[20] == 126.2
D[15] == 408.0
D[37] == 368.4
D[26] == 397.1
D[15] == 398.6
D[21] == 663.4
D[13] == 733.2
D[38] == 411.7
D[27] == 790.3
D[2] == 844.7
D[35] == 411.7
D[4] == 898.0
D[42] == 389.2
D[14] == 777.6
D[4] == 898.0
D[42] == 844.1
D[10] == 276.3
D[40] == 643.5
D[14] == 756.2
D[9] == 633.8
D[28] == 35.2
D[38] == 61.9
D[34] == 74.1
D[25] == 35.2
D[37] == 368.4
D[37] == 625.5
D[7] == 633.8
D[45] == 90.7
D[47] == 717.5
D[24] == 35.2
D[50] == 592.0
D[15] == 777.6
D[10] == 813.8
D[2] == 310.3
D[7] == 451.3
D[7] == 276.3
D[29] == 61.9
D[11] == 408.0
D[1] == 114.8
D[29] == 61.9
D[2] == 114.8
D[8] == 241.0
D[29] == 61.9
D[9] == 756.2
D[19] == 117.3
D[9] == 777.6
deque (33): 327.0 451.3 276.3 813.8 241.0 856.6 756.2 408.0 777.6 663.4 511.6 201.6 126.2 10.2 117.3 754.2 35.2 444.8 275.4 790.3 800.1 638.2 74.1 88.6 658.2 61.9 62.7 948.4 686.4 411.7 111.0 406.0 757.7 
D[2] == 451.3
D[32] == 406.0
D[16] == 117.3
D[21] == 790.3
D[15] == 201.6
D[25] == 638.2
D[13] == 663.4
D[14] == 10.2
D[2] == 813.8
D[16] == 444.8
D[5] == 756.2
D[16] == 444.8
D[1] == 442.6
D[9] == 408.0
D[6] == 300.0
D[4] == 813.8
D[4] == 813.8
D[2] == 276.3
D[14] == 117.3
D[2] == 276.3
D[21] == 74.1
D[8] == 511.6
deque (22): 354.9 436.3 540.3 88.8 856.6 331.4 408.0 945.0 217.4 511.6 201.6 126.2 919.8 117.3 754.2 35.2 444.8 275.4 670.4 19.6 739.9 74.1 
D[1] == 436.3
D[9] == 511.6
D[22] == 53.1
D[20] == 723.0
D[5] == 540.3
D[11] == 355.1
D[2] == 540.3
D[22] == 462.1
D[21] == 53.1
D[1] == 634.2
D[12] == 919.8
D[13] == 117.3
D[19] == 19.6
D[16] == 652.3
D[0] == 540.3
D[5] == 340.3
D[2] == 655.6
D[14] == 754.2
D[1] == 132.2
D[18] == 238.8
D[8] == 29.3
D[11] == 433.4
D[9] == 340.3
D[1] == 752.6
D[7] == 340.3
D[11] == 340.3
D[22] == 652.3
deque (33): 269.9 106.4 570.5 520.6 349.8 262.2 502.4 82.5 971.8 132.2 678.6 931.8 856.6 809.1 360.5 29.3 340.3 299.5 759.7 669.5 801.0 117.3 754.2 330.7 652.3 238.8 445.2 297.9 238.3 904.5 948.3 816.9 949.0 
D[3] == 570.5
D[8] == 262.2
D[18] == 360.5
D[13] == 132.2
D[20] == 340.3
D[1] == 880.1
deque (44): 99.1 395.9 880.1 20.5 677.4 451.4 270.1 290.7 86.9 269.9 106.4 570.5 520.6 32.2 262.2 502.4 82.5 971.8 132.2 678.6 931.8 856.6 809.1 360.5 29.3 340.3 299.5 759.7 669.5 801.0 117.3 754.2 540.1 652.3 238.8 445.2 297.9 238.3 904.5 948.3 816.9 949.0 300.2 579.5 
D[14] == 82.5
D[2] == 590.0
D[16] == 502.4
D[39] == 904.5
D[2] == 590.0
D[8] == 270.1
D[21] == 82.5
D[25] == 931.8
D[12] == 270.1
D[20] == 32.2
D[1] == 224.4
D[33] == 340.3
D[33] == 858.2
D[13] == 82.1
D[38] == 709.3
D[46] == 849.8
D[47] == 260.7
deque (55): 578.0 342.2 829.1 687.2 461.7 220.2 161.3 590.0 96.2 880.1 20.5 82.1 451.4 270.1 290.7 286.7 755.4 382.6 574.8 684.7 32.2 262.2 502.4 66.2 971.8 132.2 985.6 931.8 856.6 378.6 360.5 858.2 871.4 299.5 759.7 669.5 242.4 117.3 709.3 540.1 652.3 238.8 978.3 376.6 238.3 384.3 849.8 293.5 260.7 77.9 840.4 901.9 292.1 180.1 632.1 
D[55] == 180.1
D[23] == 262.2
D[51] == 77.9
D[9] == 590.0
D[15] == 290.7
D[19] == 574.8
deque (44): 578.0 342.2 829.1 687.2 461.7 220.2 161.3 590.0 96.2 533.0 20.5 333.9 451.4 270.1 290.7 286.7 755.4 382.6 574.8 684.7 32.2 262.2 502.4 66.2 971.8 132.2 985.6 931.8 856.6 378.6 360.5 858.2 871.4 299.5 407.6 669.5 242.4 117.3 709.3 540.1 652.3 238.8 978.3 813.5 
D[36] == 242.4
D[36] == 242.4
D[29] == 856.6
D[13] == 451.4
D[40] == 540.1
D[15] == 290.7
D[6] == 161.3
D[24] == 971.8
D[11] == 20.5
D[18] == 382.6
D[13] == 20.5
D[3] == 869.2
D[20] == 755.4
D[28] == 971.8
D[29] == 971.8
D[22] == 738.5
D[31] == 844.1
D[25] == 66.2
D[13] == 333.9
D[26] == 66.2
D[10] == 96.2
deque (33): 398.9 869.2 464.6 293.8 829.1 595.3 277.4 85.6 161.3 590.0 96.2 533.0 20.5 333.9 907.4 270.1 290.7 286.7 755.4 382.6 574.8 183.8 32.2 262.2 286.1 66.2 997.4 132.2 290.0 657.4 844.1 854.9 111.7 
D[15] == 20.5
D[2] == 869.2
D[20] == 382.6
D[13] == 20.5
D[21] == 32.2
D[22] == 466.0
D[10] == 96.2
D[31] == 111.7
D[23] == 66.2
D[14] == 270.1
D[26] == 290.0
D[20] == 374.5
D[15] == 907.4
D[8] == 85.6
D[3] == 464.6
D[8] == 277.4
D[28] == 132.2
D[2] == 681.8
D[17] == 829.5
D[34] == 241.0
D[10] == 161.3
D[22] == 180.4
D[24] == 997.4
D[21] == 262.2
D[19] == 574.8
D[24] == 997.4
D[7] == 156.6
D[36] == 180.6
D[23] == 143.5
D[7] == 156.6
D[16] == 374.5
D[22] == 997.4
D[21] == 262.2
D[27] == 717.2
D[3] == 129.1
D[12] == 427.7
D[16] == 374.5
D[9] == 592.2
D[13] == 193.2
D[28] == 889.7
D[10] == 592.2
D[8] == 156.6
D[31] == 941.8
D[23] == 211.7
D[7] == 854.9
D[0] == 686.0
D[31] == 997.4
D[40] == 588.2
deque (44): 495.3 198.2 328.1 205.3 367.8 895.4 411.0 493.0 67.3 931.3 707.0 618.1 870.6 854.9 48.4 595.3 129.1 391.2 267.7 156.6 96.2 132.7 20.5 402.0 193.2 75.0 963.9 709.7 208.7 192.1 574.8 3.5 211.7 262.2 61.2 143.5 997.4 132.2 290.0 189.9 941.8 122.4 936.5 588.2 
D[21] == 402.0
D[22] == 208.7
D[8] == 48.4
deque (33): 67.3 931.3 707.0 618.1 870.6 854.9 48.4 595.3 313.7 391.2 811.1 499.2 96.2 132.7 20.5 402.0 193.2 75.0 963.9 709.7 208.7 192.1 582.1 3.5 589.0 262.2 61.2 143.5 997.4 132.2 290.0 189.9 941.8 
D[31] == 132.2
deque (44): 225.1 796.4 710.0 67.3 931.3 707.0 618.1 870.6 854.9 48.4 595.3 313.7 391.2 811.1 499.2 96.2 520.7 20.5 402.0 193.2 75.0 963.9 709.7 208.7 192.1 582.1 3.5 589.0 262.2 61.2 143.5 997.4 132.2 290.0 189.9 941.8 854.5 176.0 23.6 6.0 769.4 293.7 916.9 737.7 
D[35] == 941.8
D[25] == 582.1
D[16] == 20.5
D[8] == 48.4
D[24] == 192.1
D[1] == 856.7
D[31] == 997.4
D[9] == 854.9
D[9] == 854.9
D[39] == 242.9
D[22] == 963.9
D[15] == 390.3
D[2] == 291.2
D[11] == 854.9
D[39] == 854.5
D[31] == 434.5
D[24] == 208.7
D[10] == 595.3
D[9] == 48.4
D[22] == 754.2
D[10] == 595.3
D[1] == 742.1
D[28] == 589.0
D[0] == 742.1
D[15] == 390.3
D[2] == 149.2
D[42] == 59.8
D[34] == 290.0
D[0] == 150.6
D[28] == 662.5
D[29] == 662.5
D[0] == 214.0
D[5] == 622.3
D[17] == 48.4
D[39] == 996.7
D[47] == 582.7
D[9] == 764.5
D[39] == 262.2
D[6] == 150.6
D[49] == 968.9
D[28] == 208.7
D[14] == 854.9
D[28] == 554.2
D[17] == 654.6
D[25] == 968.6
D[28] == 208.7
D[21] == 96.2
D[39] == 99.0
D[24] == 554.2
D[20] == 20.5
D[7] == 618.1
D[13] == 844.8
D[33] == 464.9
D[30] == 131.5
D[2] == 291.2
D[7] == 618.1
D[31] == 273.3
D[14] == 916.4
D[5] == 870.6
D[11] == 933.4
D[39] == 482.6
D[27] == 996.7
D[28] == 996.7
D[29] == 464.9
D[21] == 691.9
D[33] == 122.8
D[1] == 870.6
deque (33): 761.0 623.9 844.8 975.7 933.4 916.4 96.2 709.2 20.5 252.8 299.5 968.6 963.9 280.1 693.9 662.5 880.2 3.5 691.9 513.1 131.5 143.5 996.7 273.3 464.9 99.0 917.6 220.0 625.1 6.3 122.8 78.7 406.8 
D[33] == 406.8
D[25] == 996.7
D[7] == 975.7
D[31] == 220.0
D[23] == 513.1
deque (44): 13.4 620.3 330.0 820.2 62.4 570.6 658.0 623.9 844.8 975.7 933.4 916.4 96.2 709.2 20.5 252.8 36.6 968.6 963.9 280.1 693.9 662.5 880.2 3.5 691.9 513.1 131.5 143.5 996.7 273.3 464.9 99.0 917.6 220.0 625.1 6.3 122.8 78.7 406.8 6.8 324.9 604.9 983.8 60.2 
D[8] == 844.8
D[0] == 851.2
D[1] == 384.9
D[23] == 280.1
D[43] == 324.9
D[34] == 99.0
D[46] == 523.4
D[22] == 36.6
D[26] == 693.9
D[36] == 273.3
D[31] == 609.4
D[6] == 384.9
D[6] == 384.9
D[17] == 844.8
D[30] == 513.1
D[36] == 99.0
D[14] == 844.8
D[18] == 96.2
D[51] == 299.6
D[17] == 975.7
D[27] == 280.1
deque (55): 958.9 682.3 937.1 824.7 686.2 384.9 539.1 868.2 13.4 916.4 330.0 820.2 62.4 576.7 658.0 423.4 844.8 975.7 933.4 916.4 96.2 709.2 20.5 252.8 36.6 968.6 963.9 280.1 592.5 662.5 22.8 609.4 691.9 513.1 131.5 143.5 996.7 782.1 464.9 99.0 917.6 724.8 625.1 6.3 828.8 78.7 406.8 6.8 819.8 220.8 681.2 299.6 996.6 167.0 923.4 
D[6] == 384.9
D[3] == 824.7
D[20] == 96.2
D[11] == 330.0
D[10] == 330.0
D[9] == 916.4
D[27] == 280.1
D[3] == 937.1
D[47] == 625.1
D[14] == 916.4
D[30] == 968.6
D[31] == 963.9
D[31] == 963.9
D[35] == 662.5
D[17] == 820.2
D[39] == 143.5
deque (44): 909.7 117.6 549.9 682.3 386.9 15.3 686.2 384.9 539.1 868.2 13.4 916.4 330.0 820.2 337.2 576.7 494.0 423.4 404.2 975.7 483.1 916.4 96.2 709.2 20.5 252.8 36.6 204.5 963.9 280.1 592.5 662.5 691.3 552.5 691.9 513.1 131.5 143.5 996.7 782.1 590.1 99.0 63.8 724.8 
D[26] == 36.6
D[17] == 404.2
D[5] == 384.9
D[12] == 576.7
D[33] == 338.1
D[0] == 291.3
D[22] == 709.2
D[19] == 975.7
D[29] == 592.5
D[10] == 995.7
D[10] == 916.4
D[1] == 291.3
D[33] == 338.1
D[29] == 691.3
D[17] == 916.4
D[27] == 691.3
D[38] == 31.0
D[15] == 96.2
D[16] == 526.6
D[6] == 995.7
D[19] == 204.5
D[20] == 36.6
D[35] == 310.5
D[13] == 404.2
D[23] == 39.5
D[24] == 592.5
D[21] == 204.5
D[24] == 662.5
D[16] == 846.7
D[14] == 454.4
D[12] == 576.7
D[0] == 604.0
D[14] == 891.3
D[20] == 916.4
D[33] == 143.5
D[12] == 576.7
D[11] == 820.2
D[32] == 338.1
D[30] == 577.3
D[16] == 494.0
D[13] == 995.7
D[42] == 960.1
D[33] == 577.3
D[13] == 995.7
D[19] == 709.2
D[19] == 454.4
D[28] == 84.7
D[34] == 996.7
D[6] == 13.4
D[36] == 94.1
D[36] == 94.1
D[3] == 661.3
D[30] == 338.1
D[11] == 576.7
D[19] == 709.2
D[19] == 709.2
D[18] == 709.2
D[30] == 577.3
D[34] == 143.5
D[8] == 902.7
D[34] == 338.1
D[18] == 975.7
D[37] == 996.7
D[0] == 582.8
D[6] == 856.7
D[17] == 454.4
D[21] == 846.7
D[11] == 902.7
D[29] == 84.7
D[25] == 526.6
D[29] == 984.0
D[20] == 975.7
D[0] == 426.3
D[1] == 939.8
D[14] == 662.2
D[2] == 342.8
D[20] == 975.7
D[17] == 757.6
D[16] == 757.6
D[23] == 535.2
D[44] == 89.1
D[29] == 642.7
D[31] == 984.0
D[11] == 20.0
D[26] == 338.6
D[27] == 535.2
D[47] == 927.1
D[34] == 642.7
D[10] == 997.6
D[30] == 846.7
D[7] == 652.2
D[41] == 229.8
D[3] == 492.2
D[25] == 136.4
deque (55): 74.7 289.8 345.6 643.0 492.2 932.7 381.5 909.8 31.4 652.2 997.6 939.0 342.8 914.9 641.4 20.0 264.0 661.3 868.2 350.1 902.7 995.7 170.8 337.2 662.2 757.6 136.4 108.0 151.5 535.2 338.6 846.7 606.2 526.6 642.7 341.8 958.6 890.4 583.5 592.5 193.3 691.3 80.1 229.8 338.1 4.6 143.5 531.3 927.3 627.2 925.4 817.6 732.9 891.1 205.7 
D[24] == 757.6
D[1] == 492.2
D[44] == 531.3
D[12] == 661.3
D[49] == 891.1
D[32] == 958.6
D[12] == 264.0
D[43] == 4.6
D[0] == 664.2
D[36] == 958.6
D[19] == 518.1
D[54] == 925.4
D[37] == 342.8
D[48] == 715.2
D[58] == 153.1
D[34] == 846.7
D[26] == 337.2
D[38] == 2.5
D[9] == 381.5
D[51] == 467.7
D[50] == 467.7
D[48] == 467.7
D[26] == 535.2
D[40] == 857.3
D[8] == 163.3
D[28] == 606.2
D[5] == 381.5
D[38] == 592.5
D[42] == 613.6
D[10] == 939.0
D[51] == 897.6
D[12] == 163.3
D[14] == 641.4
D[18] == 868.2
D[53] == 925.4
D[29] == 535.2
D[24] == 182.8
D[27] == 535.2
D[28] == 535.2
D[19] == 871.5
D[7] == 997.6
D[45] == 817.6
D[20] == 374.2
deque (44): 909.8 31.4 652.2 997.6 939.0 163.3 914.9 641.4 518.1 877.3 803.1 257.1 844.9 871.5 174.7 170.8 977.7 662.2 918.4 182.8 374.2 58.2 535.2 809.4 853.0 436.7 315.3 642.7 2.5 958.6 877.8 147.6 592.5 116.8 523.6 80.1 613.6 857.3 985.8 80.2 531.3 927.3 31.3 925.4 
D[13] == 844.9
D[27] == 642.7
D[26] == 315.3
D[32] == 592.5
D[21] == 58.2
D[4] == 939.0
D[31] == 147.6
D[35] == 613.6
D[4] == 163.3
D[25] == 765.3
D[7] == 641.4
D[31] == 734.2
D[23] == 461.7
D[13] == 313.2
D[23] == 58.2
D[45] == 81.5
deque (55): 692.4 207.9 982.9 341.7 652.2 997.6 939.0 163.3 665.9 641.4 518.1 521.4 697.8 257.1 844.9 313.2 834.2 170.8 977.7 662.2 917.0 182.8 461.7 58.2 174.8 809.4 765.3 727.0 315.3 642.7 2.5 431.4 734.2 147.6 592.5 116.8 523.6 80.1 201.0 154.2 349.5 398.8 680.0 942.9 859.0 81.5 117.1 215.2 896.2 215.2 20.1 580.9 208.5 787.8 948.3 
D[50] == 20.1
D[12] == 257.1
D[28] == 2.5
D[29] == 642.7
D[12] == 697.8
D[5] == 652.2
D[55] == 552.5
D[45] == 859.0
D[52] == 552.5
D[14] == 844.9
D[6] == 939.0
D[54] == 552.5
D[54] == 208.5
D[46] == 859.0
D[48] == 859.0
D[35] == 642.7
D[44] == 201.0
D[59] == 552.5
D[9] == 341.7
D[41] == 581.5
D[18] == 6.0
deque (66): 303.6 791.0 824.9 870.1 289.7 81.6 763.9 6.9 150.7 219.0 341.7 652.2 184.8 939.0 304.9 665.9 641.4 518.1 521.4 6.0 257.1 844.9 313.2 760.4 816.1 977.7 251.1 917.0 182.8 461.7 58.2 858.2 309.6 765.3 494.0 315.3 642.7 2.5 941.0 921.2 394.0 204.3 581.5 523.6 405.4 201.0 154.2 349.5 398.8 551.3 788.9 53.7 81.5 464.8 215.2 23.1 121.4 20.1 580.9 208.5 613.7 618.8 505.4 889.7 699.8 784.6 
D[3] == 289.7
D[33] == 494.0
D[36] == 309.6
D[42] == 941.0
D[50] == 201.0
D[0] == 121.3
D[43] == 204.3
D[1] == 476.1
D[40] == 941.0
D[23] == 257.1
D[50] == 349.5
D[9] == 763.9
D[57] == 215.2
D[59] == 391.3
D[23] == 313.2
D[39] == 941.0
D[14] == 939.0
D[5] == 965.7
D[31] == 957.8
D[50] == 854.8
D[29] == 595.8
D[38] == 2.5
D[8] == 6.9
D[24] == 760.4
D[55] == 131.5
D[20] == 6.0
D[31] == 461.7
D[54] == 464.8
D[5] == 549.2
D[14] == 184.8
D[65] == 175.3
D[7] == 965.7
D[9] == 604.9
D[20] == 377.2
D[51] == 551.3
D[58] == 121.4
D[48] == 468.0
D[49] == 26.5
D[48] == 26.5
D[52] == 854.8
D[18] == 521.4
D[24] == 221.2
D[9] == 6.9
D[4] == 965.7
D[15] == 427.3
D[62] == 148.8
D[41] == 192.9
D[3] == 965.7
D[45] == 720.9
D[44] == 30.1
D[28] == 957.8
D[22] == 816.1
D[38] == 941.0
D[65] == 392.2
D[5] == 640.2
D[38] == 753.4
D[3] == 640.2
D[33] == 444.1
D[21] == 892.5
D[32] == 753.4
D[49] == 468.2
D[48] == 854.8
D[42] == 536.5
D[11] == 684.3
D[66] == 119.0
D[28] == 99.6
D[59] == 121.4
D[25] == 892.5
D[44] == 805.8
D[10] == 6.9
D[20] == 521.4
D[12] == 164.3
D[4] == 686.8
D[13] == 342.6
D[5] == 550.1
D[31] == 816.1
D[46] == 941.0
D[1] == 312.2
D[25] == 222.9
D[12] == 965.7
D[38] == 587.4
D[36] == 816.1
D[63] == 854.8
D[14] == 492.4
D[44] == 444.1
D[10] == 26.1
D[33] == 816.1
D[34] == 676.3
D[58] == 508.5
D[11] == 550.1
D[22] == 606.6
D[1] == 673.0
D[18] == 8.5
D[54] == 740.1
D[48] == 415.7
D[7] == 256.5
deque (55): 673.0 66.2 961.6 826.3 416.3 840.5 352.7 256.5 26.1 660.5 370.4 492.4 625.5 973.9 550.1 899.3 6.9 525.2 195.8 684.3 342.6 184.8 867.4 597.3 427.3 606.6 222.9 521.4 827.6 5.9 221.2 817.1 892.5 816.1 676.3 897.5 26.2 587.4 100.7 957.8 99.6 62.7 444.1 212.9 753.4 671.1 2.5 941.0 415.7 930.7 58.3 192.9 753.5 536.5 740.1 
D[8] == 26.1
D[44] == 753.4
D[51] == 192.9
D[59] == 536.5
D[17] == 492.4
D[11] == 826.3
D[50] == 212.9
D[50] == 212.9
D[54] == 930.7
D[49] == 444.1
D[44] == 897.5
D[20] == 492.4
D[22] == 973.9
D[44] == 26.2
D[32] == 606.6
D[47] == 99.6
D[25] == 342.6
D[2] == 517.4
D[41] == 816.1
D[0] == 186.2
D[43] == 414.6
D[32] == 583.1
D[17] == 642.1
D[25] == 867.4
D[39] == 26.2
D[40] == 26.2
D[44] == 58.4
D[29] == 460.6
D[16] == 642.1
D[37] == 572.9
D[40] == 538.0
D[25] == 184.8
D[20] == 642.1
D[31] == 661.8
D[42] == 26.2
D[28] == 867.4
D[33] == 583.1
D[40] == 892.5
D[27] == 424.1
D[13] == 416.3
D[11] == 826.3
D[16] == 26.1
D[11] == 961.6
D[23] == 369.1
D[33] == 427.3
D[48] == 523.8
D[25] == 6.9
D[8] == 874.6
D[11] == 961.6
D[26] == 369.1
D[8] == 804.8
D[12] == 961.6
D[10] == 103.4
D[40] == 785.7
D[34] == 583.1
D[32] == 867.4
D[22] == 762.2
D[34] == 741.5
D[15] == 103.4
D[51] == 476.9
D[17] == 954.9
D[37] == 15.5
D[37] == 661.8
D[6] == 493.7
D[38] == 15.5
D[20] == 826.3
D[37] == 741.5
D[35] == 184.8
D[56] == 917.9
D[47] == 354.9
D[14] == 804.8
D[13] == 804.8
D[39] == 121.9
deque (66): 454.1 870.3 839.9 49.3 396.3 234.0 983.3 91.3 621.8 56.3 493.7 873.7 184.4 754.5 909.1 804.8 420.4 585.2 321.7 250.9 961.6 826.3 416.3 2.3 472.3 986.4 26.1 207.7 200.0 981.4 54.8 973.9 369.1 416.9 631.3 403.8 861.2 196.2 741.5 184.8 867.4 121.9 397.7 661.8 444.6 583.1 460.6 937.5 935.2 491.2 892.5 354.9 324.8 286.5 679.3 235.0 181.0 486.5 587.8 936.4 917.9 95.9 664.2 37.5 419.4 184.0 
D[15] == 420.4
D[54] == 181.0
deque (55): 49.3 396.3 234.0 983.3 91.3 621.8 984.3 493.7 873.7 184.4 754.5 909.1 804.8 420.4 609.2 321.7 250.9 961.6 826.3 416.3 2.3 472.3 986.4 26.1 207.7 200.0 981.4 54.8 973.9 369.1 416.9 631.3 403.8 861.2 196.2 741.5 184.8 867.4 121.9 397.7 661.8 444.6 583.1 460.6 937.5 935.2 491.2 892.5 906.2 324.8 286.5 679.3 235.0 181.0 478.1 
D[31] == 631.3
D[5] == 621.8
D[8] == 873.7
D[47] == 892.5
D[24] == 207.7
D[3] == 128.8
deque (66): 309.4 476.6 417.3 128.8 817.4 590.4 804.0 497.1 396.3 234.0 983.3 249.5 621.8 984.3 493.7 873.7 184.4 754.5 909.1 804.8 43.7 609.2 321.7 250.9 961.6 826.3 416.3 2.3 472.3 790.9 26.1 207.7 200.0 981.4 794.9 973.9 369.1 416.9 631.3 403.8 861.2 196.2 741.5 184.8 867.4 121.9 397.7 661.8 444.6 583.1 460.6 937.5 592.5 491.2 892.5 906.2 324.8 286.5 679.3 235.0 181.0 366.5 634.3 861.2 23.2 314.6 
D[8] == 396.3
D[61] == 181.0
D[64] == 861.2
D[56] == 286.5
D[7] == 234.0
D[50] == 592.5
D[53] == 679.3
D[36] == 196.2
D[26] == 207.7
deque (55): 42.3 497.1 396.3 234.0 983.3 249.5 621.8 984.3 493.7 873.7 184.4 9.9 909.1 804.8 43.7 609.2 321.7 250.9 961.6 826.3 416.3 2.3 472.3 790.9 26.1 207.7 200.0 981.4 794.9 973.9 369.1 416.9 631.3 403.8 861.2 196.2 741.5 184.8 867.4 121.9 397.7 661.8 444.6 624.6 460.6 937.5 592.5 491.2 892.5 906.2 324.8 286.5 679.3 235.0 181.0 
D[23] == 200.0
D[14] == 250.9
D[2] == 621.8
D[44] == 892.5
D[5] == 873.7
D[15] == 416.3
D[41] == 592.5
D[14] == 250.9
D[40] == 661.8
D[1] == 24.8
D[20] == 790.9
D[33] == 196.2
D[51] == 493.7
D[18] == 498.9
D[11] == 804.8
D[31] == 861.2
D[51] == 493.5
D[14] == 826.3
D[33] == 121.9
D[45] == 271.7
D[42] == 433.0
D[42] == 271.7
D[3] == 909.1
D[12] == 730.1
D[41] == 433.0
D[16] == 638.9
D[11] == 498.9
D[37] == 491.2
D[46] == 832.4
D[36] == 460.6
D[38] == 491.2
D[38] == 491.2
D[46] == 245.0
D[1] == 909.1
D[38] == 491.2
D[24] == 594.5
D[6] == 609.2
D[36] == 937.5
D[27] == 741.5
D[46] == 245.0
D[39] == 892.5
D[3] == 831.3
D[20] == 80.7
D[27] == 741.5
D[2] == 831.3
D[6] == 828.9
D[12] == 826.3
D[32] == 79.9
D[15] == 66.9
D[31] == 861.2
D[21] == 543.0
D[2] == 885.4
D[13] == 365.4
D[44] == 194.0
D[1] == 746.0
D[35] == 741.5
D[26] == 223.6
D[39] == 418.0
D[28] == 469.0
D[47] == 235.1
D[19] == 790.9
D[20] == 543.0
deque (44): 135.4 469.8 47.1 652.7 881.4 881.4 831.3 909.1 804.8 828.9 407.6 14.5 250.9 66.9 826.3 498.9 352.0 233.6 790.9 543.0 110.9 734.9 223.6 637.7 480.5 369.1 469.0 653.4 594.5 861.2 196.2 741.5 359.8 858.1 79.9 438.4 418.0 755.8 817.2 460.6 937.5 194.0 491.2 892.5 
D[28] == 653.4
D[0] == 486.2
D[13] == 14.5
D[30] == 861.2
D[8] == 831.3
D[41] == 460.6
D[6] == 881.4
D[8] == 831.3
D[39] == 418.0
D[22] == 31.0
D[19] == 790.9
D[20] == 883.8
D[14] == 14.5
D[17] == 826.3
D[8] == 804.8
D[37] == 755.8
D[5] == 831.3
D[28] == 653.4
D[4] == 652.7
D[29] == 353.5
D[38] == 755.8
D[6] == 191.6
D[3] == 397.0
D[31] == 353.5
D[34] == 650.3
D[22] == 790.9
D[33] == 868.2
D[38] == 311.5
D[23] == 280.1
D[34] == 434.6
D[11] == 14.5
D[35] == 438.4
D[2] == 118.1
D[32] == 311.5
D[25] == 672.8
D[4] == 599.9
D[25] == 353.5
D[23] == 868.2
D[31] == 434.6
D[27] == 650.3
D[5] == 824.1
D[29] == 311.5
D[20] == 883.8
D[23] == 282.7
D[33] == 353.5
D[10] == 191.6
D[36] == 172.6
D[6] == 940.6
D[20] == 233.6
D[14] == 581.0
D[40] == 35.9
D[25] == 110.9
D[19] == 614.5
D[29] == 20.3
D[35] == 311.5
D[3] == 671.3
D[10] == 824.1
D[16] == 457.8
D[3] == 474.8
D[17] == 887.3
D[28] == 657.8
D[29] == 672.8
D[20] == 870.1
D[30] == 252.7
D[30] == 252.7
D[5] == 828.3
D[10] == 379.1
D[11] == 158.5
D[16] == 542.5
D[29] == 933.9
D[13] == 824.1
D[16] == 581.0
D[36] == 139.5
D[18] == 810.2
D[14] == 848.6
D[35] == 562.3
D[16] == 824.1
D[30] == 280.1
D[1] == 57.7
D[24] == 379.4
D[16] == 581.0
D[22] == 870.1
D[27] == 933.9
D[30] == 657.8
D[11] == 599.9
D[33] == 548.7
D[4] == 671.3
D[3] == 684.1
D[1] == 673.5
D[23] == 870.1
D[33] == 70.1
D[32] == 280.1
D[15] == 599.9
D[35] == 604.1
D[42] == 564.3
D[24] == 887.3
D[8] == 673.5
deque (55): 740.1 107.0 75.7 909.4 166.5 7.2 131.3 861.1 320.2 828.3 684.1 968.8 671.3 474.8 938.7 958.2 158.5 922.3 599.9 848.6 824.1 437.9 841.1 48.5 343.4 969.6 334.5 887.3 614.5 870.1 540.1 526.3 54.5 883.8 933.9 280.1 252.7 657.8 604.1 70.1 548.7 742.5 139.5 875.9 454.6 564.3 965.7 985.7 171.5 869.7 672.5 266.1 760.3 260.4 364.5 
D[31] == 526.3
D[12] == 968.8
D[15] == 474.8
D[45] == 139.5
D[48] == 985.7
D[36] == 280.1
D[16] == 958.2
D[29] == 614.5
D[21] == 437.9
D[45] == 139.5
D[41] == 117.4
D[56] == 760.3
D[11] == 684.1
D[26] == 969.6
D[5] == 909.4
D[1] == 312.5
D[2] == 312.5
D[17] == 938.7
D[56] == 237.9
D[17] == 158.5
D[36] == 933.9
D[24] == 969.6
D[17] == 599.9
D[18] == 848.6
D[57] == 548.2
D[5] == 131.3
D[31] == 54.5
D[11] == 684.1
D[52] == 760.3
D[2] == 976.2
D[56] == 548.2
D[5] == 131.3
D[0] == 367.8
D[43] == 742.5
D[57] == 94.2
deque (66): 71.9 709.4 71.3 155.5 737.7 338.7 793.0 63.1 367.8 529.5 976.2 909.4 373.4 7.2 131.3 255.6 320.2 953.8 684.1 968.8 671.3 474.8 938.7 958.2 158.5 922.3 599.9 848.6 824.1 437.9 841.1 48.5 700.0 969.6 291.5 887.3 614.5 949.2 540.1 375.3 54.5 429.4 933.9 280.1 252.7 117.4 604.1 70.1 548.7 742.5 139.5 657.6 978.0 564.3 409.2 985.7 171.5 499.4 672.5 712.3 533.2 631.6 94.2 237.9 341.5 240.9 
D[34] == 887.3
D[57] == 409.2
D[39] == 969.6
D[61] == 499.4
D[25] == 474.8
D[55] == 300.0
D[14] == 783.2
D[25] == 958.2
D[60] == 672.5
D[14] == 373.4
D[23] == 300.7
D[24] == 958.2
D[53] == 564.3
D[44] == 252.7
D[2] == 71.3
D[23] == 958.2
D[11] == 529.5
D[61] == 712.3
D[33] == 48.5
D[60] == 672.5
D[59] == 499.4
D[5] == 155.5
D[41] == 375.3
D[16] == 7.2
D[55] == 300.0
D[59] == 985.7
D[63] == 499.4
D[2] == 41.3
D[3] == 34.5
D[43] == 949.2
D[12] == 793.0
D[28] == 880.7
D[12] == 367.8
D[15] == 373.4
D[44] == 280.1
D[18] == 933.0
D[53] == 960.2
deque (55): 156.1 43.9 793.0 34.8 367.8 529.5 976.2 623.6 373.4 7.2 131.3 697.2 320.2 933.0 127.2 968.8 608.0 778.6 880.7 958.2 719.0 922.3 599.9 848.6 350.9 449.9 849.3 619.9 40.1 969.6 136.0 153.0 659.4 949.2 540.1 375.3 54.5 429.4 933.9 280.1 218.6 956.3 604.1 70.1 548.7 976.4 46.3 300.0 960.2 564.3 971.0 985.7 694.7 499.4 422.3 
D[38] == 933.9
D[46] == 960.2
D[40] == 604.1
D[47] == 300.0
D[12] == 320.2
D[22] == 336.0
D[47] == 300.0
D[4] == 529.5
D[15] == 675.9
deque (44): 976.2 623.6 373.4 7.2 131.3 697.2 320.2 933.0 127.2 968.8 608.0 675.9 880.7 958.2 719.0 336.0 599.9 848.6 350.9 449.9 116.7 883.4 40.1 969.6 136.0 153.0 659.4 949.2 186.2 375.3 54.5 429.4 92.4 280.1 423.7 956.3 604.1 70.1 548.7 976.4 607.0 300.0 960.2 564.3 
D[13] == 719.0
D[22] == 116.7
D[38] == 604.1
D[2] == 703.5
D[37] == 956.3
D[39] == 577.5
D[5] == 697.2
D[31] == 280.1
D[11] == 958.2
D[9] == 675.9
D[2] == 941.5
D[26] == 54.5
deque (33): 346.6 941.5 320.2 715.2 127.2 968.8 608.0 675.9 491.9 958.2 719.0 336.0 599.9 848.6 878.4 449.9 116.7 883.4 40.1 705.9 136.0 153.0 659.4 949.2 56.2 375.3 54.5 429.4 886.8 280.1 577.6 956.3 604.1 
D[12] == 449.9
D[17] == 705.9
D[15] == 705.9
D[2] == 491.9
D[14] == 705.9
D[26] == 604.1
D[18] == 949.2
D[8] == 882.7
D[29] == 73.4
deque (22): 95.4 491.9 415.0 906.3 297.4 599.9 270.8 882.7 449.9 349.7 883.4 587.7 740.7 136.0 153.0 659.4 240.2 56.2 635.5 54.5 429.4 886.8 
D[7] == 882.7
D[14] == 659.4
D[9] == 587.7
D[11] == 271.6
D[6] == 449.9
D[2] == 361.9
D[3] == 139.6
D[26] == 285.9
D[14] == 587.7
D[30] == 650.4
D[10] == 393.5
D[14] == 136.0
D[25] == 117.5
deque (33): 912.8 389.9 585.3 78.0 511.1 95.1 83.6 184.5 852.7 201.8 763.9 270.8 882.7 449.9 393.5 879.3 587.7 740.7 136.0 153.0 271.6 240.2 116.4 635.5 816.1 584.8 250.6 337.6 524.9 213.8 117.5 138.2 158.3 
D[19] == 271.6
D[13] == 393.5
D[1] == 78.0
D[18] == 153.0
D[17] == 271.6
D[16] == 153.0
D[20] == 116.4
D[23] == 584.8
D[0] == 975.1
D[20] == 116.4
D[18] == 271.6
D[23] == 584.8
D[25] == 218.2
D[5] == 882.7
D[15] == 116.4
D[5] == 882.7
D[23] == 218.2
D[12] == 240.2
D[4] == 882.7
D[11] == 153.0
D[14] == 270.1
D[27] == 694.2
D[7] == 153.0
D[11] == 307.6
D[16] == 337.6
D[10] == 449.7
deque (22): 798.1 882.7 612.6 944.9 491.6 92.2 483.0 248.3 153.0 449.7 29.2 270.1 307.6 155.6 584.8 250.6 452.8 682.4 987.9 276.4 218.2 703.7 
D[19] == 276.4
D[3] == 944.9
D[21] == 218.2
D[15] == 584.8
D[18] == 682.4
D[12] == 29.2
D[6] == 491.6
D[22] == 661.0
D[13] == 29.2
D[9] == 449.7
D[5] == 209.7
D[2] == 680.9
D[2] == 606.5
D[8] == 92.2
D[20] == 319.7
D[1] == 256.7
D[18] == 452.8
D[7] == 209.7
D[14] == 796.9
D[8] == 613.2
D[7] == 613.2
D[13] == 155.6
D[22] == 661.8
D[1] == 680.9
D[9] == 449.7
D[8] == 847.6
D[21] == 962.6
D[19] == 921.4
D[4] == 329.1
D[6] == 577.6
D[10] == 882.2
deque (11): 744.2 714.3 419.0 329.1 449.7 577.6 278.7 692.1 156.0 326.4 882.2 
D[10] == 984.4
D[3] == 577.4
D[6] == 695.6
D[5] == 577.6
D[3] == 577.4
D[8] == 695.6
D[3] == 577.4
D[6] == 278.7
D[3] == 807.6
D[5] == 988.0
D[3] == 807.6
D[6] == 988.0
D[12] == 424.2
D[14] == 973.0
D[1] == 903.3
D[9] == 856.8
D[9] == 856.8
D[9] == 986.4
deque (22): 779.2 495.3 668.5 536.8 903.3 278.7 807.6 851.7 527.5 988.0 877.0 899.8 986.4 856.8 403.9 424.2 84.5 973.0 254.3 635.2 239.9 279.2 
D[11] == 899.8
D[16] == 84.5
D[8] == 851.7
D[16] == 403.9
D[14] == 424.2
D[13] == 403.9
D[9] == 877.0
deque (11): 431.3 61.5 536.8 903.3 893.6 44.7 754.5 822.2 537.6 877.0 899.8 
D[7] == 877.0
D[8] == 899.8
D[6] == 537.6
D[9] == 537.6
D[7] == 754.5
D[7] == 754.5
D[8] == 53.8
D[1] == 737.6
D[9] == 773.7
D[1] == 519.6
D[12] == 989.5
D[12] == 690.5
D[9] == 386.1
D[8] == 47.1
D[18] == 989.5
D[17] == 624.3
D[4] == 944.5
D[3] == 729.0
D[9] == 942.8
D[7] == 894.3
D[2] == 343.3
D[5] == 900.5
D[5] == 1.5
D[4] == 893.6
D[5] == 1.5
D[5] == 1.5
D[0] == 854.6
D[1] == 37.9
D[3] == 986.6
D[5] == 986.6
D[3] == 236.7
D[4] == 986.6
D[0] == 918.2
D[5] == 730.9
D[0] == 367.1
D[3] == 721.4
D[5] == 493.8
D[6] == 518.5
D[8] == 264.0
D[0] == 563.4
D[4] == 578.9
D[5] == 371.2
D[3] == 721.4
D[1] == 371.2
D[3] == 371.2
D[1] == 89.8
D[7] == 595.8
D[3] == 129.6
D[1] == 419.7
D[1] == 419.7
D[5] == 89.8
D[0] == 104.6
D[12] == 743.1
D[19] == 746.0
deque (22): 241.3 768.1 300.2 104.6 874.4 419.7 326.4 89.8 129.6 845.8 108.9 664.9 390.2 743.1 789.1 731.4 488.5 578.9 925.8 499.4 746.0 819.3 
D[19] == 925.8
D[17] == 385.7
D[1] == 300.2
D[15] == 731.4
D[3] == 104.6
D[11] == 664.9
D[1] == 874.4
deque (11): 129.6 845.8 108.9 477.1 390.2 743.1 789.1 760.3 488.5 745.1 831.8 
D[2] == 108.9
D[2] == 108.9
D[9] == 745.1
D[1] == 954.2
D[2] == 129.6
D[8] == 390.2
D[2] == 129.6
D[2] == 401.5
D[7] == 682.8
D[12] == 439.6
D[1] == 523.4
D[3] == 14.1
D[6] == 332.8
D[4] == 390.2
D[2] == 721.5
D[0] == 455.7
D[0] == 659.4
D[3] == 725.2
D[3] == 725.2
D[1] == 134.7
D[3] == 725.2
D[0] == 302.2
D[0] == 302.2
deque (0): 
D[0] == 684.4
D[0] == 684.4
D[1] == 556.2
D[1] == 791.4
D[0] == 465.2
D[1] == 454.3
D[0] == 454.3
D[0] == 64.3
D[0] == 974.3
D[2] == 362.8
D[1] == 686.1
D[1] == 253.5
D[0] == 900.7
D[0] == 693.3
D[0] == 766.8
D[0] == 540.2
D[0] == 540.2
D[1] == 912.0
D[0] == 567.3
D[0] == 789.2
D[1] == 310.1
D[1] == 310.1
D[4] == 729.4
D[2] == 734.5
D[0] == 296.5
D[1] == 621.8
D[0] == 325.0
D[3] == 579.6
D[0] == 817.8
D[5] == 552.8
deque (11): 392.4 442.5 768.5 325.0 806.3 197.2 579.6 552.8 574.7 838.2 758.6 
D[12] == 585.8
D[1] == 768.5
D[0] == 442.5
D[11] == 585.8
D[5] == 579.6
D[1] == 768.5
D[11] == 588.7
D[12] == 638.2
D[6] == 15.9
D[0] == 108.1
D[7] == 574.7
D[9] == 181.6
D[6] == 579.6
D[8] == 181.6
D[16] == 112.4
D[15] == 638.2
D[19] == 525.7
D[15] == 585.8
deque (22): 470.0 945.1 742.6 356.4 797.7 124.1 782.3 867.0 187.8 399.1 197.2 579.6 15.9 988.6 838.2 908.3 481.8 585.8 638.2 723.5 112.4 525.7 
D[10] == 579.6
D[6] == 661.8
D[5] == 356.4
D[4] == 680.6
D[1] == 356.4
D[2] == 680.6
D[1] == 356.4
D[13] == 602.0
deque (11): 661.8 858.8 630.1 187.8 399.1 197.2 579.6 15.9 988.6 540.0 781.8 
D[8] == 540.0
D[4] == 399.1
D[13] == 952.3
D[2] == 630.1
D[8] == 15.9
D[0] == 178.2
D[10] == 988.6
D[4] == 522.7
deque (22): 825.1 185.8 410.0 648.4 166.8 459.5 522.7 630.1 187.8 399.1 197.2 579.6 15.9 434.7 540.0 222.3 638.7 530.8 952.3 562.6 721.6 376.6 
D[18] == 952.3
D[9] == 399.1
D[8] == 187.8
D[7] == 187.8
D[13] == 540.0
D[9] == 579.6
D[3] == 187.8
D[6] == 15.9
D[4] == 399.1
D[12] == 638.7
D[5] == 240.5
D[12] == 260.5
D[18] == 666.0
D[10] == 222.3
D[18] == 875.7
D[12] == 222.3
D[14] == 260.5
D[5] == 37.1
D[11] == 222.3
D[16] == 552.9
D[9] == 714.6
D[6] == 240.5
D[5] == 579.6
D[12] == 222.3
D[2] == 38.1
D[0] == 854.0
D[4] == 955.6
D[13] == 714.6
D[15] == 222.3
D[16] == 638.7
D[9] == 696.9
D[17] == 612.0
D[9] == 115.8
D[3] == 432.7
D[28] == 878.4
D[14] == 714.6
D[9] == 115.8
D[13] == 579.6
D[17] == 222.3
D[25] == 849.2
D[27] == 999.3
D[27] == 999.3
D[7] == 168.9
D[8] == 926.7
D[18] == 920.1
D[9] == 714.6
D[15] == 998.7
D[4] == 926.7
D[19] == 999.1
D[22] == 850.2
D[13] == 715.0
D[4] == 926.7
D[20] == 999.1
D[8] == 29.0
D[11] == 700.3
D[8] == 29.0
D[15] == 998.7
D[10] == 29.0
D[3] == 778.2
D[3] == 946.7
D[13] == 715.0
D[8] == 691.1
D[0] == 122.1
D[20] == 862.3
D[15] == 29.0
D[3] == 122.1
D[21] == 862.3
D[5] == 64.9
D[13] == 395.6
D[4] == 64.9
D[24] == 717.8
D[12] == 41.5
D[8] == 685.7
D[10] == 691.1
D[21] == 998.7
D[23] == 717.8
D[17] == 988.6
D[13] == 395.6
D[23] == 408.9
D[3] == 64.9
D[18] == 328.3
deque (33): 336.8 374.7 89.6 198.3 554.6 102.1 625.2 64.9 183.1 888.7 685.7 570.4 691.1 577.7 41.5 714.6 395.6 748.3 793.1 328.3 988.6 847.9 862.3 816.1 39.0 374.2 717.8 378.0 462.8 674.7 649.0 110.8 286.5 
D[1] == 646.3
D[25] == 816.1
D[27] == 374.2
D[22] == 847.9
D[18] == 395.6
D[5] == 198.3
D[20] == 774.1
D[22] == 328.3
D[2] == 411.9
D[20] == 714.6
deque (44): 373.2 204.7 311.6 940.0 157.5 411.9 452.5 646.3 336.8 374.7 89.6 198.3 554.6 102.1 625.2 64.9 183.1 888.7 685.7 570.4 691.1 869.7 41.5 714.6 395.6 748.3 774.1 328.3 988.6 432.3 862.3 816.1 39.0 374.2 182.6 879.9 462.8 674.7 649.0 110.8 286.5 966.6 463.0 55.2 
D[14] == 102.1
D[12] == 336.8
D[35] == 862.3
D[36] == 816.1
D[26] == 869.7
D[24] == 41.5
D[34] == 7.7
D[34] == 7.7
D[13] == 102.1
D[30] == 862.3
D[37] == 879.9
D[49] == 559.4
D[26] == 714.6
D[9] == 157.5
deque (55): 754.1 323.1 962.5 417.4 775.5 373.2 204.7 311.6 940.0 157.5 411.9 115.8 646.3 336.8 374.7 89.6 198.3 554.6 102.1 215.5 137.7 514.1 888.7 685.7 178.8 691.1 986.5 41.5 714.6 395.6 748.3 774.1 328.3 988.6 455.0 862.3 816.1 603.8 374.2 7.7 879.9 462.8 249.9 649.0 110.8 286.5 966.6 552.7 632.1 842.5 732.2 559.4 267.2 86.1 651.7 
D[40] == 110.8
D[27] == 41.5
D[9] == 940.0
D[51] == 559.4
D[38] == 374.2
D[26] == 986.5
D[52] == 267.2
D[20] == 137.7
deque (66): 92.4 916.1 333.8 539.8 373.2 853.2 311.6 689.5 157.5 411.9 187.9 646.3 336.8 539.3 89.6 198.3 554.6 102.1 215.5 137.7 514.1 888.7 685.7 178.8 691.1 986.5 41.5 714.6 395.6 380.0 774.1 328.3 988.6 273.0 862.3 816.1 603.8 374.2 7.7 879.9 462.8 249.9 649.0 110.8 628.3 966.6 552.7 632.1 842.5 732.2 559.4 267.2 86.1 946.6 786.0 19.3 2.0 889.8 301.6 354.2 368.9 252.0 672.1 597.5 235.2 781.6 
D[54] == 2.0
D[56] == 301.6
D[37] == 879.9
D[55] == 889.8
D[16] == 215.5
D[8] == 89.6
D[56] == 930.0
D[51] == 301.6
deque (55): 157.5 411.9 187.9 646.3 173.9 539.3 89.6 198.3 554.6 102.1 800.6 137.7 514.1 888.7 685.7 178.8 691.1 986.5 41.5 714.6 395.6 380.0 774.1 328.3 988.6 273.0 862.3 816.1 264.5 599.2 7.7 879.9 462.8 249.9 649.0 110.8 628.3 292.7 552.7 632.1 842.5 732.2 559.4 267.2 86.1 946.6 786.0 19.3 2.0 889.8 301.6 354.2 368.9 252.0 672.1 
D[37] == 559.4
D[9] == 196.7
D[26] == 665.8
D[8] == 196.7
D[38] == 86.1
D[30] == 528.7
D[54] == 590.8
D[26] == 668.9
D[19] == 978.3
D[51] == 985.5
D[31] == 528.7
D[11] == 986.5
D[49] == 985.5
D[46] == 433.8
D[14] == 970.5
D[36] == 957.0
D[7] == 888.7
D[22] == 954.1
D[37] == 86.1
D[26] == 528.7
D[19] == 14.2
D[2] == 42.9
D[10] == 592.4
D[46] == 236.8
D[10] == 41.5
D[53] == 643.0
D[24] == 668.9
D[43] == 527.5
D[58] == 523.8
D[30] == 498.0
D[58] == 257.2
D[23] == 649.0
D[32] == 786.0
D[19] == 267.4
deque (66): 263.8 856.4 984.0 993.7 603.6 153.2 859.6 685.7 998.1 691.1 986.5 41.5 592.4 696.1 380.0 58.7 978.3 424.8 273.0 862.3 14.2 264.5 954.1 7.7 668.9 267.4 665.8 649.0 57.2 628.3 31.3 552.7 632.1 842.5 441.3 498.0 305.9 924.1 373.7 786.0 262.6 2.0 889.8 763.5 713.8 527.5 656.4 778.5 236.8 521.7 529.1 149.2 741.7 603.7 643.0 170.9 24.4 716.5 389.0 324.8 523.8 877.3 257.2 604.6 882.4 212.6 
D[21] == 14.2
D[46] == 527.5
D[32] == 632.1
D[63] == 604.6
D[61] == 257.2
D[27] == 157.1
D[17] == 862.3
D[25] == 7.7
D[17] == 696.1
D[47] == 763.5
D[21] == 424.8
D[51] == 778.5
D[6] == 993.7
D[11] == 859.6
D[17] == 517.6
D[56] == 149.2
D[36] == 552.7
D[55] == 521.7
D[16] == 517.6
D[31] == 57.2
D[38] == 305.9
D[17] == 380.0
deque (55): 613.7 367.0 290.5 603.6 153.2 859.6 871.4 44.2 691.1 986.5 12.1 517.6 696.1 380.0 58.7 978.3 424.8 796.9 862.3 14.2 264.5 954.1 7.7 668.9 267.4 665.8 151.7 57.2 987.1 157.1 408.0 380.8 842.5 441.3 498.0 305.9 731.4 373.7 613.1 956.6 58.1 889.8 763.5 37.9 527.5 656.4 778.5 236.8 521.7 591.1 149.2 97.6 603.7 67.3 333.2 
D[56] == 356.7
D[3] == 367.0
D[28] == 151.7
D[27] == 987.1
D[1] == 290.5
D[30] == 380.8
D[58] == 536.8
D[25] == 408.0
D[46] == 97.6
D[17] == 7.7
D[2] == 12.1
D[26] == 498.0
D[38] == 235.0
deque (44): 517.6 338.4 380.0 58.7 651.7 570.5 796.9 73.7 14.2 264.5 954.1 110.9 668.9 140.6 527.7 806.8 57.2 987.1 157.1 121.5 380.8 842.5 441.3 498.0 770.5 495.2 970.1 613.1 822.4 58.1 219.0 763.5 37.9 527.5 656.4 778.5 235.0 54.3 591.1 106.8 97.6 603.7 67.3 596.1 
D[1] == 64.1
D[21] == 495.2
D[7] == 110.9
D[20] == 498.0
D[17] == 121.5
D[37] == 97.6
D[37] == 97.6
D[35] == 97.6
D[8] == 668.9
D[14] == 193.2
D[43] == 624.9
D[44] == 641.1
D[29] == 37.9
D[21] == 526.8
D[44] == 624.9
D[26] == 822.4
D[36] == 396.9
D[3] == 766.6
D[44] == 996.5
D[14] == 193.2
D[30] == 396.6
D[28] == 219.0
D[45] == 586.3
D[14] == 193.2
D[29] == 396.6
D[7] == 110.9
D[6] == 14.2
D[29] == 396.6
D[34] == 417.0
D[6] == 14.2
D[41] == 504.4
D[6] == 264.5
D[24] == 613.1
D[21] == 441.3
D[41] == 154.7
D[31] == 396.6
D[0] == 469.4
D[28] == 37.9
D[14] == 157.1
D[27] == 851.3
D[9] == 526.1
D[5] == 73.7
D[0] == 293.3
D[14] == 526.1
D[46] == 270.5
D[1] == 644.1
D[22] == 121.5
D[14] == 110.9
D[36] == 533.0
D[25] == 469.5
D[30] == 526.8
D[11] == 683.4
D[13] == 851.1
D[3] == 375.3
D[0] == 800.5
D[20] == 36.8
D[34] == 675.8
D[35] == 533.0
D[32] == 747.7
D[0] == 358.5
D[3] == 644.1
D[4] == 590.6
D[14] == 615.2
D[22] == 27.5
D[10] == 800.2
D[3] == 590.6
D[29] == 441.3
D[24] == 239.8
D[29] == 747.7
D[33] == 851.3
D[8] == 930.7
D[24] == 863.3
D[3] == 800.2
deque (33): 800.2 683.4 615.2 837.4 851.1 930.7 14.2 825.5 36.8 249.8 27.5 870.1 602.0 590.2 157.7 636.5 586.8 121.5 951.3 519.1 441.3 863.3 97.5 675.8 381.6 760.4 359.3 533.0 601.8 851.3 504.5 353.4 572.1 
D[12] == 27.5
D[20] == 97.5
D[5] == 14.2
D[15] == 586.8
D[7] == 36.8
D[10] == 870.1
D[28] == 851.3
D[9] == 763.8
D[25] == 359.3
D[21] == 441.3
D[25] == 848.5
D[4] == 753.0
D[26] == 141.5
D[23] == 760.4
D[3] == 930.7
D[27] == 135.2
D[10] == 249.8
D[15] == 156.6
D[8] == 590.2
D[15] == 770.9
D[30] == 763.1
D[17] == 391.5
D[13] == 391.5
D[16] == 925.9
D[20] == 716.8
D[30] == 143.6
D[28] == 141.5
D[23] == 749.1
D[18] == 391.5
D[5] == 825.5
D[16] == 770.9
deque (44): 766.1 828.4 802.5 5.1 559.5 815.2 463.4 682.2 825.5 744.4 104.4 987.4 763.8 853.1 79.5 5.5 233.7 636.2 770.9 951.3 519.1 391.5 393.8 925.9 716.8 486.5 717.7 174.8 806.6 135.2 15.4 141.5 103.9 763.1 143.6 628.7 409.2 330.8 98.6 736.5 104.7 787.7 723.7 42.0 
D[14] == 853.1
D[28] == 806.6
D[13] == 853.1
D[11] == 460.8
D[8] == 825.5
D[40] == 736.5
D[2] == 828.4
D[38] == 330.8
D[6] == 744.4
D[0] == 423.8
D[8] == 853.1
D[13] == 91.0
D[9] == 241.8
D[32] == 330.8
deque (33): 382.5 825.5 744.4 528.9 486.6 460.8 853.1 241.8 5.5 233.7 636.2 91.0 951.3 519.1 656.6 393.8 934.9 48.0 486.5 717.7 174.8 806.6 757.4 15.4 141.5 845.7 763.1 143.6 473.7 409.2 330.8 98.6 736.5 
D[7] == 853.1
D[5] == 744.4
D[25] == 806.6
D[22] == 486.5
D[6] == 825.5
deque (44): 232.9 219.6 760.5 736.0 7.2 12.0 382.5 825.5 744.4 528.9 486.6 460.8 853.1 241.8 5.5 484.3 636.2 615.7 951.3 519.1 656.6 393.8 934.9 48.0 486.5 717.7 174.8 806.6 757.4 397.2 141.5 845.7 763.1 143.6 473.7 409.2 330.8 98.6 129.9 379.7 282.1 992.6 995.1 878.1 
D[20] == 656.6
D[33] == 143.6
D[12] == 636.2
D[8] == 241.8
D[18] == 717.7
D[34] == 282.1
D[36] == 992.6
D[17] == 571.9
D[7] == 853.1
D[2] == 825.5
D[32] == 330.8
D[4] == 744.4
deque (33): 89.3 502.5 744.3 825.5 744.4 528.9 486.6 460.8 853.1 241.8 5.5 484.3 239.4 615.7 643.4 519.1 656.6 393.8 571.9 19.2 486.5 717.7 174.8 806.6 660.8 397.2 141.5 845.7 763.1 653.3 473.7 409.2 330.8 
D[11] == 615.7
D[1] == 431.8
D[17] == 519.1
D[1] == 869.3
D[16] == 615.7
D[3] == 455.6
D[11] == 241.8
D[29] == 592.8
D[3] == 689.6
D[29] == 705.8
D[26] == 696.8
D[12] == 484.3
D[26] == 397.2
D[30] == 592.8
D[16] == 643.4
D[30] == 705.8
D[27] == 696.8
D[20] == 34.8
D[10] == 241.8
D[23] == 804.4
D[22] == 246.0
D[28] == 698.6
D[25] == 34.8
D[11] == 399.3
D[21] == 313.3
D[17] == 484.3
D[3] == 949.6
D[25] == 444.0
D[28] == 194.6
D[15] == 460.8
D[22] == 643.4
D[30] == 922.8
D[5] == 53.9
D[29] == 804.4
D[27] == 895.3
D[21] == 516.9
D[21] == 516.9
D[30] == 397.2
D[8] == 658.8
D[11] == 984.1
D[4] == 523.0
D[23] == 938.8
D[1] == 508.8
D[17] == 647.1
D[21] == 516.9
deque (44): 639.6 168.7 306.6 119.2 980.1 346.6 564.8 523.0 53.9 658.8 335.6 455.6 800.9 825.5 984.1 32.8 823.7 460.8 944.2 241.8 5.5 484.3 732.7 647.1 878.7 516.9 938.8 565.2 246.0 542.9 648.4 895.3 804.4 340.7 696.8 409.0 858.7 917.8 856.1 282.4 105.7 299.6 652.1 689.9 
D[29] == 542.9
D[39] == 858.7
D[36] == 340.7
D[32] == 993.2
D[36] == 696.8
D[11] == 53.9
D[0] == 978.2
D[18] == 800.9
D[23] == 944.2
deque (55): 92.8 615.5 978.2 632.7 338.0 639.6 168.7 306.6 119.2 980.1 346.6 375.4 552.3 53.9 658.8 335.6 455.6 800.9 825.5 719.9 79.4 627.6 460.8 944.2 277.0 5.5 484.3 732.7 647.1 361.8 516.9 938.8 565.2 246.0 169.6 993.2 895.3 917.5 340.7 696.8 409.0 858.7 917.8 856.1 282.4 105.7 24.0 102.2 689.9 141.3 983.1 800.8 366.9 611.2 946.3 
D[26] == 5.5
D[0] == 560.2
D[49] == 105.7
D[56] == 611.2
D[54] == 611.2
D[12] == 375.4
D[52] == 366.9
D[43] == 856.1
D[23] == 944.2
D[36] == 696.8
D[32] == 895.3
D[43] == 748.8
deque (44): 859.9 266.7 168.7 306.6 119.2 341.0 346.6 375.4 552.3 53.9 658.8 335.6 455.6 800.9 825.5 719.9 79.4 248.0 460.8 944.2 277.0 5.5 484.3 723.8 647.1 361.8 516.9 938.8 565.2 246.0 169.6 993.2 895.3 917.5 340.7 696.8 288.9 503.3 917.8 856.1 282.4 977.0 740.5 748.8 
D[18] == 944.2
D[28] == 246.0
D[30] == 340.7
D[17] == 5.5
deque (33): 346.6 375.4 552.3 131.6 658.8 335.6 942.8 800.9 825.5 719.9 79.4 248.0 460.8 944.2 277.0 5.5 484.3 723.8 647.1 361.8 516.9 938.8 565.2 246.0 169.6 993.2 895.3 917.5 340.7 696.8 288.9 503.3 917.8 
D[10] == 79.4
D[3] == 131.6
D[0] == 346.6
D[4] == 942.8
D[16] == 647.1
D[3] == 658.8
D[7] == 452.8
D[27] == 696.8
D[17] == 647.1
D[23] == 246.0
D[13] == 5.5
D[25] == 696.8
D[11] == 484.3
D[27] == 444.0
D[9] == 723.8
D[23] == 231.2
D[29] == 173.4
D[28] == 267.5
D[16] == 246.0
D[12] == 361.8
D[25] == 180.4
D[19] == 262.6
D[25] == 180.4
D[31] == 599.1
D[15] == 749.0
D[27] == 522.2
D[14] == 262.6
D[23] == 173.4
D[13] == 169.6
D[1] == 277.0
D[4] == 723.8
D[17] == 212.0
D[6] == 267.8
D[10] == 105.5
D[12] == 749.0
D[16] == 212.0
D[8] == 267.8
D[17] == 696.8
D[2] == 117.7
D[22] == 975.0
D[22] == 665.1
D[17] == 180.4
deque (22): 430.2 409.5 484.3 2.2 647.1 361.8 516.9 267.8 239.0 427.9 169.6 105.5 262.6 749.0 213.5 696.8 288.9 212.0 180.4 444.0 239.2 173.4 
D[10] == 105.5
D[0] == 409.5
D[0] == 174.3
D[6] == 427.9
D[13] == 288.9
D[9] == 262.6
D[0] == 462.8
D[8] == 169.6
D[4] == 516.9
D[1] == 361.8
D[1] == 361.8
D[7] == 105.5
deque (11): 33.0 267.8 715.0 426.4 169.6 105.5 871.7 228.8 997.5 696.8 288.9 
D[5] == 871.7
D[8] == 228.8
D[6] == 871.7
D[5] == 871.7
D[0] == 952.5
D[8] == 228.8
D[3] == 426.4
D[5] == 105.5
deque (0): 
