TitletheComplete
theTragedyofOthellotheMoorofVenice
BeaTattered
Renewest
Remembered
Usurer
TotheVery
Neverresting
Remembrance
LikeaMakeless
Possessed
NottoConspire
HatebeFairer
CanopytheHerd
HadaFather
NottoTellofGood
Presenteth
NeitherinInward
WritetheBeautyofYour
PossessionofThat
WheninEternal
WherethroughtheSun
DelightstoPeeptoGaze
NottheHeart
FromtheBookofHonour
LovetoWhominVassalage
Tattered
DebarredtheBenefitofRest
HandstoTorture
BlottheHeaven
Possessed
Remembered
TotheSessionsofSweet
RemembranceofThings
AccountofForebemoaned
WiththeTrophiesofMy
WiththeBettring
Exceeded
BytheHeightofHappier
MorebeGrieved
Undivided
MebeBorne
LivesaSeparable
PapertoRehearse
WritetoThee
AlltheBetter
Divided
WhataTorment
ForcedtoBreakaTwofold
EyesbeBlessed
Receiving
Elements
WhereverIAbide
Elements
CompositionbeRecured
EyetheFreedomofThat
ButtheDefendant
TitleisImpanelled
TotheHeart
Imitated
EveninTheEyesofAll
Tomorrow
Tomorrow
TherebeNothing
DelvestheParallelsinBeautys
OntheRaritiesofNatures
TotheWeary
Possesseth
GraciousisAs
ThoughtisAsaDeath
Imitate
Tresses
IntotheBeautyofThy
WorththeGreater
PresentstaPure
Remember
NamebeBuried
SeesttheTwilightofSuch
ConsecratetoThee
SpiritisThinetheBetter
Remembered
Bettered
WiththeTime
CommittoThese
TotheLearneds
DeservestheTravail
EveninTheMouthsofMen
TheDedicated
ArtasFairinKnowledge
OftheTimebettering
MightbeBetter
ThereforetoYour
Unlettered
AgainisSwerving
MeritinTheEyeofScorn
WhereinIAm
WiththeSpiteofFortune
TheseIBetterinOne
WheninTheLeastofThem
StatetoMe
WhataHappy
ShallILive
AndtoTemptation
Lilies
Blesses
WhataMansion
Privilege
Everywhere
AwaytheVery
PutaSpiritofYouthinEvery
DidIWonder
VermilioninTheRose
ShadowIWith
DidIChide
BreaththePurple
Everywhere
Preventst
GiftstoTell
EyeIEyed
MaybeDeceived
Tomorrow
ThemesinOne
TheninTheBlazonofSweet
HandofFootofLipofEyeofBrow
Divining
EyestoWonder
WiththeDropsofThis
WiththeTime
AppetiteINever
EventoThy
Renewed
PenancetoCorrect
ItoNone
AndtoFlatterer
TotheHeart
HaththeMind
TistheLesser
CrowningthePresent
IsaBabe
GrowthtoThat
WiththeRemovertoRemove
WhereinIShould
WithintheLevelofYour
SaysIDid
DidIFrame
Remembered
ThemselvesbeBevel
Charactered
EventoEternity
AdjuncttoRemember
LeasesofShortnumbered
toThisIWitness
Ruining
MinionofHer
NottoTrust
AsaSwallowed
toShuntheHeaven
PerfumesisThere
EnoughtoTorture
MortgagedtoThy
TheStatuteofThy
Usurer
WheretotheJudgmentofMy
ThataSeveral
ThisisNot
ThusisSimple
ThereforeILie
Oerpressed
IfIMight
NottoLove
Slanderers
DeservetoPitied
AsaCareful
TheBetter
ForththeSound
LoveisAsaFever
NurseththeDisease
AppetitetoPlease
EyebeTrue
EyestoBlindness
MaladiesaSovereign
WithaltheHelpofBath
SotheGeneralofHot
SceneIRossillonaRoominTheCountesss
SceneIWithouttheFlorentine
SceneIMarseillesaStreet
IiitheSameaRoominTheCountesss
ParollesaFollowerofBertram
SceneIRossillonaRoominTheCountesss
HadaFathero
SadaPassage
AretheBetter
PraiseinTheRemembrance
GotoNo
TotheLiving
IftheLivingbeEnemy
WrongtoNonebeAble
ThoughtsbeServantstoYou
Remembrance
BertrambeAway
ThambitioninMy
ManisEnemytoVirginity
ValiantinTheDefence
ThereisNone
WiththeBreach
PoliticinTheCommonwealthofNaturetoPreserve
LossofVirginityisRational
ItisEver
ThereforeIDieaVirgin
TotheVery
SininThe
Remember
ProposestheSafety
Remember
AttemptstoThose
SotoYour
IntotheService
BeaCopytoThese
Remembrance
UnknowntoYou
MadamIAmaPoor
MadamaWicked
IndeedIDo
SeverdinReligion
ItheHerd
AndISpeaktheTruththeNext
CometoYouofHerIAm
IfIWeretheParson
ForsooththeBusinessisFor
HelentoCome
ExclaiminWhichIHeld
RemembrancesofDays
EyeisSick
AmaMothertoYou
AgainsttheProclamationofThy
NottoLose
AndtheMedicine
TheWelllost
Tomorrow
NottoWoo
HonourbeBought
ThoughtheDevil
HeresaMan
ThisisHis
WhereintheHonour
Prostitute
DeathtoThose
WorksisFinisher
WritinBabes
