XXXIII
XXXVIII
XXXIX
ELEVEN
XXXIII
horrors
evening
serene
shining
evening
festivities
murderer
criticize
awaiting
aidedecamp
evening
evening
reference
unintelligible
explaining
spinning
rearrangement
magnanimity
willingness
privilege
diminish
inclining
whenever
surprising
magnanimity
vehemently
explaining
disinterestedly
beginning
severely
feminine
aidedecamp
Papa
Papa
tomorrow
feminine
artificial
pretended
petitions
petitions
reference
Buonapartists
responsibility
assassination
availing
proposition
horrorstruck
unintelligible
redeemed
evening
everywhere
evening
aidedecamp
everywhere
aidedecamp
remembered
remember
evening
restraining
winning
dining
amazement
irritation
trivialitythese
possessed
visiting
impossibility
evening
remembered
evening
tomorrow
explaining
evening
horror
tomorrow
evening
succeeded
receiving
dining
dresses
feminine
dresses
dresses
Mammas
actresses
severe
Mimi
joining
pretended
Mimi
Mimi
Mamma
remaining
flexibility
joining
dining
Papa
artificial
severe
evening
adjoining
receiving
ttette
Mamma
Mamma
irritating
beginning
dining
Remember
scrutinizing
princesses
receiving
awaiting
monotonous
princesses
evening
crisis
princesses
nevertheless
princesses
remember
remember
remember
explaining
remembrance
Mammawhat
Mamma
deferential
tattered
beginning
rudenesses
civilian
succeeded
interests
wherever
dining
governesses
governesses
remember
constitutes
Mamma
Mamma
Mamma
explaining
gaining
Mamma
Mamma
Mamma
remember
remember
remember
Mamma
quartette
Mamma
Mamma
Papa
Papa
administered
whenever
evening
unusually
whenever
aidedecamp
aidedecamp
severely
severe
referred
petition
interests
heiresses
remember
remember
containing
princesses
interests
princesses
princesses
interests
interests
adjoining
deference
aidedecamp
aidedecamp
administered
aidedecamp
divided
containing
evening
princesses
aidedecamp
evening
princesses
remembered
princesses
handleless
remembered
dresses
responsibility
Remember
severely
vehemently
momentsthe
remembered
needed
superstition
facilitating
possessed
severely
containing
tomorrow
containing
vehement
vehement
needed
princesses
mammas
Mamma
severely
severe
representative
unintelligible
institution
examining
grasseyement
unusual
princesses
tomorrow
weaknesses
nineteen
dining
dining
awaiting
dining
containing
reverence
criticism
explaining
refraining
evening
weaknesses
Papa
entertaining
evenings
shining
remember
remember
Remember
princesses
evening
interests
aidedecamp
aidedecamp
aidedecamp
nevertheless
aidedecamp
renewed
irritation
Viennese
mimicked
weaknesses
mimicked
deferential
reining
sharpereyed
mimicked
evening
engagement
depended
responsibility
aidedecamp
imitated
aidedecamp
explaining
vividly
irritated
provisioning
evening
severely
irritation
successes
division
evening
piping
scacwow
bowwowing
remember
remember
everywhere
evening
severely
apologizing
tomorrow
beginning
tomowwow
explaining
baggage
pretended
examining
monotonous
baggage
refraining
missis
baggage
dividing
awaiting
irritation
evening
highshouldered
succeeded
unpleasantness
evening
peppered
succeeded
faraway
Amstetten
remaining
division
severely
vividly
vividly
remaining
artificial
artificiality
receiving
petitioners
tomorrow
witticisms
Viennese
engagement
examining
division
invincibility
irritating
beginning
beginning
tomorrows
remembered
interests
nonintervention
nonreceipt
interests
Everywhere
awarded
everywhere
imagining
Hostilities
vividly
imagining
wherever
baggage
baggage
lAngleterre
remembered
beginning
baggage
possibility
Aidedecamp
Aidedecamp
Aidedecamp
aidedecamp
deliverer
baggage
remembered
succeeded
abandoning
baggage
succeeded
division
gaining
receiving
baggage
baggage
aidedecamp
aidedecamp
possibility
engagement
explaining
engagement
engagement
examining
baggage
reverential
serene
awaiting
exhibiting
referred
referred
monotonous
possibilities
philosophizing
evening
everywhere
evening
civilianan
remembered
remembered
straining
paraded
noncommissioned
sonorous
Hurrahahah
dividing
pinning
divided
remembered
possessed
remaining
remember
Remember
undefended
succeeded
diminished
beginning
engagement
diminishing
apologizing
battalionand
continuedremembering
beginning
remaining
horror
severe
awaiting
remembered
beginning
achievement
premeditation
alikewere
tomorrow
tomorrow
possibility
needed
tomorrow
beginning
entertaining
evening
possibility
evening
remember
exercising
privilege
tomorrow
evening
tomorrow
possessed
evening
receiving
mimicked
artificial
interests
possessed
unusually
pretended
imitating
unusually
malodorous
remember
remembering
evening
whenever
awaiting
dining
criticized
proceeded
evening
Remember
dresses
shiningly
unusually
remembered
womeneven
remember
pining
joining
examining
possibility
tomorrow
eccentricities
interceded
scrutinizing
Papa
tomorrow
principleseverything
tomorrow
princesses
beginning
referred
evening
evening
vividly
disheveled
inquisitive
referred
proposition
referred
proposition
Remember
remember
sensibility
proposition
receiving
beginning
mamma
blubberers
Mamma
remember
remember
remember
remember
remember
remember
remember
remember
remember
remember
rememberI
remember
remember
inquisitive
nineyearold
Mamma
reread
remembered
opportunities
waitresses
receiving
awaiting
opponents
imitating
irascibility
aidedecamp
shining
activities
constituted
imminence
joining
undivided
straining
winning
opportunities
Viennese
obtaining
evening
possibility
Tradiridira
petitioner
aidedecamp
civilian
engagement
precedes
imagining
remember
division
evening
nineteenth
nineteenth
nineteenth
activitythe
evening
nineteenth
activities
evening
tomorrow
engagement
eventualities
tomorrow
tomorrows
evening
evening
availing
monotonous
arrangements
inimical
monotonous
soporific
awaiting
tomorrow
arrangements
tomorrowor
tomorrow
remembered
remembered
tomorrow
tomorrow
Tomorrow
Tomorrow
expresses
divisionstipulates
arrangementsleads
division
vividly
tomorrow
tomorrow
ahahah
evening
evening
pretended
evening
tomorrow
tomorrow
evening
Tomorrow
Tomorrow
baggage
monotonous
awakening
unusual
interests
mismanagement
division
evening
Tafalafa
mimicking
arrangements
intervalstratatatand
receiving
beginning
evening
constituted
engagement
irritation
division
division
division
reining
beginning
complaining
possibility
possibilit
nevertheless
horror
diminished
remembers
responsibility
evening
engagement
receiving
proceeded
hubbub
needed
remembered
deferentially
receiving
restraining
evening
horror
evening
remembered
nineteen
remembered
interests
reverence
amazement
Papa
disheveled
adjoining
deference
dresses
remember
interests
joining
reddened
evening
awarded
training
evening
rejoining
beginning
cucumbers
arrangement
needed
management
remembering
Papa
pretended
princesses
remember
Whwhat
awaiting
receiving
Vyzemskidid
evening
remember
severely
dining
evening
dining
dining
cantata
referred
remembered
Availing
deceiving
remembered
inimically
civilian
reddened
Peterkinand
cantata
arrangements
tomorrow
tomorrow
opponent
beginning
restraining
divided
remaining
deceiving
vividly
remembered
vivid
interests
beheaded
tomorrow
allaitil
cleverer
horror
possibility
engagements
receiving
evening
remembered
awaiting
nineteenth
beginning
superstition
Evening
needed
womencountesses
regenerate
houseseeing
militia
Everywhere
remaining
visiting
sensitiveness
evening
Mamma
Mamma
Mamma
Princesses
dresses
evening
evening
abandoning
amazement
evening
evening
reddening
remember
beginning
remembered
depended
winning
vividness
needed
Exceeded
Winning
Winning
Mammas
Exceeded
Tomorrow
Tomorrow
Dresses
Papa
Papa
Papa
Divided
Papa
Reddening
Tomorrow
Papa
Papa
Mamma
Mamma
Mamma
Mamma
Mamma
Mamma
Mamma
Severe
Severe
Achievement
Questionone
Whining
Tattered
Tomorrowat
Repellent
Nankeencovered
Severe
Referred
Severe
Shining
Regeneration
Apprehended
Reawakening
Divided
Explaining
Receiving
Responsibility
Martinists
Beginning
Possibility
Possibility
Attaining
Possibility
Evening
Regeneration
Beginning
Unusual
Unusual
Outlining
Regeneration
Regeneration
Attaining
Receiving
Regenerating
Regenerating
Solomons
Initiation
Imitates
Possesses
Initiation
Possessed
Irritability
Sufferer
Remember
Remembered
Statutes
Statutes
Evening
Remember
Statutes
Dependedwhether
Receiving
Deference
Uncomplainingly
Remember
Evenings
Thermometer
Fortresses
Beginning
Referred
Evening
Aidedecamp
Thermometer
Evening
Selfpossessed
Aidedecamp
Aidedecamp
Needed
Remembrance
Possibilities
Successes
Gaining
Awaiting
Aidedecamp
Abstaining
Evening
Evening
Evening
Precedents
Evening
Evening
Evening
Tomorrow
Evening
Everywhere
Militiamen
Interpreted
Severe
Needed
Reread
Succeeded
Preferred
Division
Entertaining
Civilians
Everywhere
Proposes
Divisions
Crisis
Management
Cleverest
Princesses
Activities
Impossibility
Petitions
Lodgewere
Evening
Preceptsthat
Everywhere
Everywhere
Everywhere
Awakened
Everywhere
Diminished
Lessened
Diminished
Receiving
Impossibility
Visiting
Uninteresting
Management
Explaining
Arrangements
Evening
Beginning
Beginning
Repetition
Evening
Consists
Explaining
Remember
Vivid
Maintaining
Disheveled
Interests
Possibility
Divided
Awaiting
Beginning
Division
Division
Preferred
Destitution
Tattered
Obtaining
Probability
Awaiting
Evening
Evening
Renewed
Remembered
Division
Reconnoitered
Tattered
Evening
Adjoining
Remember
Remember
Petition
Petition
Petition
Evening
Evening
Petition
Awaiting
Firststepped
Fiftythree
Evening
Succeeded
Dining
Evening
Aidedecamp
Civilian
Serenely
Explaining
Civilian
Petition
Severe
Remaining
Petition
Evening
Pretended
Civilian
Civilian
Petition
Petition
Adjoining
Petition
Petitioner
Tomorrow
Civilian
Division
Explaining
Inquisitive
Civilians
Division
Artificial
Aidedecamp
Evening
Receiving
Civilians
Tomorrow
Tomorrow
Remembered
Vividly
Severed
Civilian
Division
Possibility
Interests
Interests
Lilaccolored
Evergreen
Evergreen
Separateprobably
Arrangement
Entertaining
Vegetation
Straining
Beginning
Evening
Remember
Possibility
Possibility
Inquisitively
Receiving
Constitution
Repellent
Awaiting
Reference
Petition
Petitioning
Petitioning
Imitation
Referred
Depended
Irritation
Uninitiated
Initiated
Receded
Feminine
Evening
Evening
Irritate
Unusual
Suspended
Possessed
Severely
Joining
Divinity
Imitators
Tittletattle
Privilege
Privileges
Maintaining
Privileges
Institution
Privilege
Privileges
Privilege
Evening
Arrangement
Everywhere
Ttette
Possessed
Consists
Evening
Irritated
Opponents
Severely
Definitions
Needed
Evening
Needed
Possesses
Institutes
Visiting
Dining
Activities
Remembered
Divided
Elementssulphur
Solomon
Interests
Initiated
Initiated
Superstitions
Possessed
Institutions
Training
Limitations
Substitute
Institutions
Vehemence
Receiving
Possessed
Remembered
Vicissitudes
Reread
Regeneration
Divided
Notabilities
Succeeded
Gaining
Spirituelle
Evenings
Evenings
Needed
Needed
Interests
Artificially
Deference
Deference
Repetition
Statement
Evening
Remembered
Management
Criticize
Remembered
Interpretation
Evening
Trinitythe
Elements
Remembered
Sensibility
Comprehended
Regeneration
Representation
Representation
Management
Aidedecamp
Everywhere
Papa
Mamma
Management
Receiving
Engagement
Remembered
Beginning
Heiresses
Remembered
Shining
Papa
Joining
Inquisitive
Visiting
Mamma
Mamma
Mamma
Mamma
Mamma
Diningroom
Mamma
Imagining
Unusually
Dresses
Mamma
Mamma
Whenever
Papa
Papa
Mamma
Eleven
Dresses
Vividly
Remember
Dresses
Dresses
Dresses
Awaiting
Mamma
Remember
Beginning
Aidedecamp
Aidedecamp
Aidedecamp
Everquickening
Remembered
Remembers
Aidedecamp
Evening
Declining
Possibility
Criticizing
Constitutional
Evening
Dining
Hahaha
Dining
Vehemence
Activities
Solicitations
Remembered
Vividly
Remembered
Divided
Renewed
Severely
Vivid
Illimitable
Evening
Possibility
Explaining
Constitutes
Generalizing
Entertaining
Interests
Evening
Element
Evening
Evening
Evening
Dresses
Everywhere
Redeemed
Evening
Imagining
Referred
Initiated
Evening
Imitate
Artificial
Timidity
Evening
Mamma
Mamma
Mamma
Renewed
Beginning
Divided
Needed
Evening
Evenings
Mamma
Mamma
Mamma
Dryeyed
Mamma
Remembered
Feminine
Responsibility
Engagement
Impossibility
Engagement
Engagement
Artificial
Scrutinizingly
Awaiting
Dryeyed
Remembered
Dryeyed
Religionand
Superstitiousness
Horror
Irritability
Foresees
Surprising
Engagement
Irritating
Attaining
Tomorrow
Amiabilities
Containing
Abandoning
Koko
Primitive
Beginning
Mamma
Engagement
Evening
Bargaining
Przazdziecka
Borzozowska
Whenever
Eventempered
Papa
Papa
Unpleasantness
Beginning
Evening
Inimitable
Mamma
Shining
Hollowcheeked
Disheveled
Receded
Receded
Everywhere
Straining
Gaining
Pinning
Beginning
Remembered
Joining
Imagining
Iligins
Gaining
Straining
Succeeded
Serene
Evening
Tattered
Partition
Housekeeper
Receiving
Disinterested
Balalyka
Balalyka
Balalyka
Balalyka
Balalyka
Balalyka
Sonorous
Depended
Inimitable
Needed
Remember
Imagining
Feminine
Mamma
Mamma
Mamma
Beginning
Dresses
Festivities
Visiting
Mamma
Mamma
Mamma
Governesses
Governesses
Madagascar
Madagascar
Madagascar
Remembered
Governesses
Mamma
Mamma
Papa
Horror
Remember
Remember
Remember
Remember
Remember
Remember
Remember
Remember
Remember
Remember
Papa
Mamma
Remember
Remember
Remember
Spinning
Remember
Remember
Papa
Remembered
Remember
Remember
Philosophizing
Remember
Metempsychosis
Remembered
Remember
Tomorrow
Mamma
Evening
Mamma
Nonrecognition
Governesses
Unusual
Peeped
Harderever
Horror
Cockcrow
Mamma
Mamma
Evening
Beginning
Unusual
Mamma
Mamma
Mamma
Scrutinizing
Evening
Openeyed
Vividly
Depended
Mamma
Mamma
Succeeded
Beginning
Irritated
Artificial
Possibility
Monotonous
Engagement
Engagement
Severely
Princesses
Awaiting
Needed
Gentlemeninwaiting
Predetermined
Possibility
Regeneration
Gentlemaninwaiting
Gentlemeninwaiting
Gentlemeninwaiting
Elemental
Beginning
Possibility
Remembered
Beginning
Opposition
Remembrance
Opposition
Evening
Criticisms
Prerevolution
Reverently
Evening
Heiresses
Remembered
Evenings
Irritability
Irritability
Receiving
Felicitations
Adjoining
Tomorrow
Everywhere
Gueststhe
Receiving
Criticism
Joining
Writingnot
Division
Interests
Divinities
Dresses
Amiabilities
Visiting
Remember
Succeeded
Heiresses
Evening
Dresses
Possibility
Artificiality
Horror
Possibility
Tomorrow
Feminine
Irritability
Abandoning
Feminine
Irritated
Irritability
Arrangements
Evening
Possibility
Petitioners
Tomorrow
Girlstomorrow
Tomorrow
Remembered
Receiving
Ttette
Natshamademoiselle
Receiving
Apparition
Pretended
Evening
Dresses
Deferentially
Feminine
Engagement
Evening
Remembered
Adjoining
Evening
Awaiting
Partition
Beginning
Severely
Diminished
Happinessever
Wellremembered
Horror
Serene
Remembering
Barelegged
Severe
Preferred
Actresseswith
Revelers
Heiresses
Winning
Needed
Pining
Everywhere
Dining
Adjoining
Dresses
Dresses
Evening
Monologue
Evening
Wherever
Remembered
Evening
Vividly
Evening
Evening
Evening
Awakening
Suspicion
Openeyed
Horror
Remember
Papa
Irritation
Availing
Magnanimity
Abandoning
Evening
Evening
Remembered
Remember
Evening
Witnesses
Witnesses
Dining
Evening
Cocottes
Remember
Reveled
Papa
Mamma
Remember
Evening
Tomorrow
Vehemence
Enjoining
Serene
Engagement
Engagement
Komonenos
Dining
Evening
Everentered
Artificially
Tomorrow
Ruining
Memean
Amazement
Ttette
Administered
Awaiting
Engagement
Engagement
Evening
Civilian
Deepened
Irritated
Remember
Remember
Engagement
Evening
Insists
Selfabasement
Cleverest
Restraining
Shining
Nonobservance
Evening
Ruining
Legitimists
Causescoincided
Needed
Interests
Elemental
Depended
Nonobservance
Obtaining
Elemental
Possibility
Everywhere
Preceded
Aidedecamp
Aidedecamp
Aidedecamp
Aidedecamp
Evening
Containing
Dementat
Responsibility
Evening
Aidedecamp
Amazement
Receiving
Engagements
Noncommissioned
Noncommissioned
Noncommissioned
Awaiting
Tethered
Division
Tomorrow
Abandoning
Referred
Remembering
Awaiting
Containing
Baggage
Baggage
Gentlemaninwaiting
Gentlemeninwaiting
Magnatesseveral
Gentlemaninwaiting
Depended
Initiative
Remembered
Remembered
Niemenonly
Possibility
Nevertheless
Irritability
Obtaining
Preferred
Proposes
Responsibility
Remember
Irritability
Reerect
Gentlemaninwaiting
Receiving
Uninterested
Responsibility
Effectsthe
Interests
Interests
Activities
Willingness
Artificial
Joining
Irritability
Divided
Evening
Superstitions
Irritated
Explaining
Referred
Remember
Vicinity
Interests
Utilizing
Divided
Vicinity
Propounded
Subdivisions
Adherentsmilitary
Representatives
Beginning
Petitioned
Remembering
Civilians
Opponents
Representative
Superseded
Disinterestedly
Capabilities
Tomorrow
Opponent
Responsibility
Opponents
Dining
Interests
Beginning
Representatives
Availing
Evening
Aidedecamp
Beginning
Preferred
Indefiniteness
Referred
Criticize
Fallibility
Defended
Interpreter
Irritation
Remaining
Amazement
Activitiesthe
Constitutes
Proposes
Remember
Beginning
Engagement
Receiving
Engagement
Preferred
Beginning
Interests
Interests
Remembered
Remembered
Imitate
Wherever
Lessening
Partition
Evening
Partition
Disheveled
Entertaining
Awaiting
Tattered
Reddening
Traptatatap
Whining
Whining
Remembering
Remember
Amazement
Needed
Receiving
Engagement
Receded
Medicinenot
Elementary
Administered
Interests
Severe
Unusual
Horror
Possibility
Possibility
Evening
Beginning
Eleventh
Eleventh
Notabilities
Imagining
Againanother
Dresses
Remembered
Remembered
Shining
Remember
Iniquities
Remembered
Everywhere
Quarantedeux
Substituting
Obtaining
Achievement
Awarded
Beginning
Dining
Exercises
Tomorrow
Lining
Militia
Wherever
Papa
Papa
Mamma
Papa
Dononsense
Reread
Evening
Pretended
Gentlemaninwaiting
Gentlemeninwaiting
Gentlemaninwaiting
Arrangement
Remembered
Gentlemeninwaiting
Everywhereon
Petition
Unpleasantness
Petition
Gentlemeninwaiting
Emperorfrantically
Tomorrow
Diminishing
Dining
Interests
Statesgeneralevoked
Imagining
Preferred
Sonorous
Militia
Militia
Militia
Livesevewy
Referred
Maintaining
Militia
Militiawe
Opponent
Cococounsel
Opponents
Needed
Needed
Therehe
Constitutional
Imagining
Interests
Statements
Awareness
Straining
Beginning
Divided
Engagement
Engagement
Divided
Joining
Divided
Division
Undivided
Engagement
Magnanimity
Division
Arrangement
Detestation
Princesses
Dining
Remembered
Examining
Awakened
Amazement
Evening
Everywhere
Remember
Catafalque
Evening
Imitate
Evening
Baggage
Interests
Evening
Defended
Murderer
Dorogobzh
Evening
Everywhere
Evening
Baggage
Management
Receiving
Defended
Abandoning
Management
Shining
Bareheaded
Interests
Noncommissioned
Everywhere
Nevertheless
Horror
Militia
Suspicion
Aidedecamp
Abandoning
Constitutions
Successes
Unpleasantness
Representative
Legitimists
Severely
Militia
Militia
Opposition
Opponent
Dorogobzh
Interpreter
Joining
Interpreted
Interpreter
Pretended
Interpreter
Amazement
Evening
Militiamen
Remaining
Suspicions
Remember
Remaining
Militiamen
Timidity
Paralysis
Awakened
Possibility
Unusual
Irritate
Straining
Mmmarateate
Imitating
Remembered
Horror
Repellent
Vicinity
Caravans
Possessed
Evening
Divining
Tomorrow
Suspicion
Evening
Morocco
Evening
Evening
Remembered
Vividly
Tomorrow
Vividly
Representative
Statement
Tomorrow
Remember
Horror
Vividly
Remember
Remember
Horror
Outstripping
Peasantsasks
Deferential
Overresist
Overresist
Decidedtheres
Opposition
Awaiting
Remember
Heiresses
Receiving
Remembered
Awaiting
Serene
Availing
Serene
Serene
Serene
Awakened
Explaining
Remembrance
Serene
Adjoining
Serene
Sewene
Tomorrow
Serene
Awaiting
Serene
Serene
Criticism
Feminine
Referred
Petitions
Reclining
Remember
Vividly
Serene
Needed
Remember
Remember
Remember
Needed
Fortresses
Fortresses
Remember
Serene
Eventsthe
Remember
Unanimity
Remember
Militiaman
Witticism
Militia
Gallicisms
Militia
Militia
Militia
Militia
Evening
Tomorrow
Militia
Horror
Evening
Needed
Fullblooded
Representation
Perkhshkovo
Evening
Perkhshkovo
Everywhere
Everywhere
Sacrificing
Constitutes
Sacrificing
Sacrificing
Probability
Opponent
Engagement
Militia
Statement
Kolochwhich
Engagement
Evening
Defended
Engagement
Evening
Engagement
Evening
Defended
Diminishing
Proceeded
Preceded
Engagement
Peasantseven
Everywhere
Explaining
Serene
Tomorrow
Tomorrow
Vividly
Militiamen
Militiamen
Eleven
Therehe
Wherever
Tomorrow
Tomorrow
Militiamen
Militiamen
Bareheaded
Militiamen
Bareheaded
Militiamen
Militiamen
Bareheaded
Militiamen
Notabilities
Militiamen
Militiamen
Militiamen
Serene
Serene
Tomorrows
Serene
Militiaman
Serene
Serene
Serene
Militia
Serene
Militia
Tomorrow
Serene
Deaththey
Remembering
Militiamen
Explaining
Straining
Interests
Criticized
Criticizing
Evening
Tomorrows
Possibility
Reference
Soulvividly
Artificial
Tomorrow
Shining
Tomorrow
Interests
Abandoning
Foresees
Foresees
Division
Depended
Arrangements
Arrangements
Tomorrows
Evening
Tomorrow
Tomorrow
Interests
Opportunities
Tomorrow
Tomorrows
Tomorrow
Tomorrow
Needed
Tomorrowthat
Tomorrows
Shining
Magnanimity
Magnanimity
Sensibility
Magnanimity
Sensibility
Magnanimity
Magnanimity
Needed
Tomorrow
Achievement
Succeeded
Vividly
Evening
Beekeeper
Fettered
Remembered
Aidedecamp
Awaiting
Aidedecamps
Aidedecamp
Aidedecamp
Pretended
Salamanca
Aidedecamp
Achievements
Comprehended
Needed
Explaining
Division
Division
Division
Divisions
Division
Divisions
Division
Division
Divisions
Retaining
Arrangements
Division
Divisions
Unintelligible
Divisions
Divisions
Arrangements
Depended
Arrangement
Depended
Predetermined
Fictitious
Proceeded
Criticizes
Criticizedcriticized
Representative
Tomorrow
Surprising
Evening
Division
Remember
Diminished
Beginning
Definition
Tomorrow
Remember
Beginning
Partition
Serene
Shining
Everywhere
Vivid
Trakhtatatakh
Shining
Shining
Everywhere
Inquisitive
Nonmilitary
Exercising
Circleseparated
Baggage
Militiamen
Militiamen
Mimicked
Vividly
Opposition
Militiamen
Horrors
Examining
Diminish
Straining
Remaining
Xxxiii
Divisions
Division
Maddenedeven
Beginning
Arrangements
Initiative
Division
Beginning
Division
Irritated
Division
Divisions
Division
Division
Division
Division
Maintaining
Winning
Needed
Impossibility
Baggage
Possibilities
Horror
Horror
Horrors
Eleven
Nonchalantly
Serene
Nonchalance
Severely
Serene
Tomorrow
Everywhere
Tomorrow
Tomorrow
Tomorrow
Responsibility
Constitutes
Everywhere
Tomorrow
Nevertheless
Lining
Horrors
Everrecurring
Remembered
Militiamen
Militiamen
Awaiting
Awaiting
Remembered
Noncommissioned
Shining
Horror
Remembered
Vivid
Remembered
Remembered
Xxxviii
Constituted
Artificial
Possibility
Artificial
Responsibility
Deceiving
Interests
Beginning
Everywhere
Interests
Constitutional
Visiting
Receiving
Everywhere
Genevese
Division
Horrors
Responsibility
Xxxix
Evening
Horror
Horror
Beginning
Beginning
Invincibility
Beginning
Opponent
Opponent
Eleven
Elements
Division
Elements
Divided
Elements
Elements
Elements
Examining
Beginning
Beginning
Criticism
Attaining
Nineteenth
Whenever
Whenever
Locomotive
Elements
Possibility
Evening
Evening
Possibility
Possibility
Generalsas
Abandoning
Activities
Examining
Beginning
Possibility
Abandoning
Undermining
Defended
Possibility
Dorogomlov
Criticizing
Salamanca
Possibility
Impossibility
Defended
Defended
Succeeded
Abandoning
Evening
Awarded
Serene
Serene
Divided
Abandoning
Reddened
Remembers
Serene
Beginning
Abandoning
Beginning
Abandoning
Expresses
Horrors
Beginning
Precedents
Evening
Containing
Dresses
Cleverer
Institutions
Whenever
Disinterested
Manand
Matressefemme
Justifiability
Possibility
Whosoever
Maman
Mamma
Mamma
Beginning
Imagining
Minimize
Militia
Remembered
Beginning
Horror
Remembered
Possibility
Possesses
Limitations
Horror
Everywhere
Responsibility
Civilian
Serene
Serene
Tomorrow
Vereshchgin
Vereshchgin
Vereshchgin
Severely
Nevertheless
Solomon
Vereshchgin
Vereshchgin
Evening
Petitioners
Awaiting
Tomorrow
Training
Beginning
Irritated
Dorogomlov
Militia
Preceded
Activities
Engagement
Possibility
Needed
Militia
Dresses
Dresses
Housekeeper
Housekeeper
Housekeeper
Maamselle
Papa
Mamma
Mamma
Papa
Tomorrow
Tomorrow
Horror
Engagement
Succeeded
Needed
Needed
Theseyes
Containing
Everywhere
Commodities
Receiving
Evening
Dresses
Interests
Papa
Mamma
Papa
Division
Mammas
Papa
Papa
Twentysixththere
Papa
Everywhere
Remembered
Papa
Mamma
Papa
Arrangements
Mamma
Papa
Mamma
Mamma
Mamma
Mamma
Mamma
Mamma
Papa
Mamma
Possibilities
Mamma
Mamma
Remaining
Inquisitively
Scrutinizing
Mamma
Mamma
Remember
Remaining
Mamma
Tomorrow
Tomorrow
Awaiting
Peeped
Awaiting
Tomorrow
Shining
Tomorrow
Eveningwithout
Evening
Dorogomlov
Dorogomlov
Feminine
Interpreter
Civilization
Remember
Awaiting
Magnanimity
Institutions
Reference
Awaiting
Beginning
Dorogomlov
Dorogomlov
Awaiting
Beekeeper
Beekeepers
Spirituous
Beekeeper
Beekeeper
Containing
Partitions
Beekeeper
Awaiting
Aidedecamp
Dorogomlov
Dividing
Affability
Civilians
Beginning
Grinning
Examining
Tattered
Possessed
Murderer
Tattered
Beginning
Tomorrow
Serene
Receiving
Evening
Awakened
Irritated
Horrors
Probability
Abandoning
Abandoning
Awakened
Irritated
Defining
Needed
Responsibility
Vereshchgin
Vereshchgin
Vereshchgin
Vereshchgin
Vereshchgin
Uncomprehended
Straining
Vereshchgin
Vereshchgin
Vereshchgin
Vereshchgin
Vereshchgin
Horror
Vereshchgin
Vereshchgin
Horror
Vereshchgin
Vereshchgin
Horror
Sinning
Halfsevered
Duststained
Vereshchgin
Remembered
Bothvereshchgins
Sacrificing
Representative
Vereshchgin
Vereshchgin
Arrangements
Responsibility
Calamities
Horror
Vereshchgin
Serene
Interpreter
Interpreter
Interpreter
Interpreter
Interpreter
Bareheaded
Tattered
Evening
Constituted
Probability
Evening
Unusual
Obsessed
Remembered
Remaining
Remaining
Defended
Possibility
Artificial
Possesses
Vividness
Imagining
Feminine
Repeatingexcellent
Civilized
Tomorrow
Repelled
Magnanimity
Sacrificing
Parisienne
Magnanimity
Evening
Faraway
Shining
Beginning
Remembering
Evening
Sushchvski
Partition
Mamma
Mamma
Mamma
Containing
Baggage
Apparition
Remembering
Remember
Remember
Examining
Remembered
Vividly
Remembered
Possessed
Remembered
Remembers
Pitipitipiti
Titi
Pitipitipiti
Titi
Nevertheless
Pitipitipiti
Titi
Pitipitipiti
Vividly
Pitipitipiti
Titi
Pitipitipiti
Shining
Restraining
Shining
Wherever
Engagement
Renewed
Xxxiii
Eleven
Remembered
Evening
Dorogomlov
Explaining
Dorogomlov
Incompatibility
Unusual
Adjoining
Awakening
Civilian
Horror
Remembered
Remembered
Remembered
Interpreter
Civilian
Interpreter
Interpreter
Suspicious
Interests
Interests
Empresses
Institutions
Institutions
Institutions
Evening
Receiving
Unusual
Tomorrow
Completeness
Evening
Abandoning
Receiving
Remaining
Representative
Wherever
Shining
Representative
Sacrificing
Interests
Interests
Interests
Interests
Activities
Militia
Division
Militia
Civilian
Imagining
Militia
Dining
Awaiting
Evening
Unusual
Evening
Evening
Diminished
Remember
Remember
Mamma
Remember
Mamma
Engagement
Papas
Arrangements
Remaining
Awakening
Shining
Artificiality
Unusual
Unusual
Mamma
Papa
Timidity
Vivid
Evening
Referred
Remembering
Mamma
Fettered
Eventsthe
Engagement
Constituted
Needed
Beginning
Superstitious
Remember
Remember
Remember
Remember
Remembered
Remembered
Unusually
Mamma
Selfsacrificing
Surprisingly
Evening
Definiteness
Possibility
Civility
Witnesses
Horror
Awaiting
Unusually
Everywhere
Tattered
Remembering
Militia
Remembered
Statements
Remember
Himpierredepriving
Horror
Awayalone
Evergrowing
Horror
Remember
Noncommissioned
Evening
Noncommissioned
Depended
Murderers
Arrangements
Remembers
Remembered
Vivid
Didwere
Feminine
Evening
Baggage
Everywhere
Renewed
Eveningagain
Artificial
Sensibility
Remembered
Horror
Remember
Horror
Gaining
Possessed
Deaththe
Unfettered
Remembered
Referred
Evening
Shining
Remembered
Surprising
Witticisms
Superseded
Depended
Remembered
Awakening
Awakening
Awakening
Awakening
Awakening
Reverent
Completeness
Primitive
Achievement
Needed
Preceded
Eventualities
Nzhninvgorod
Imagining
Engagements
Expresses
Initiator
Successes
Depended
Representatives
Undermining
Undermining
Availing
Retaining
Remember
Arrangements
Evening
Preferred
Evening
Tomorrow
Serene
Possessed
Evening
Awakened
Remember
Responsibility
Beginning
Awaiting
Hurrahahah
Abandoning
Dividednot
Everywhere
Severely
Division
Division
Needed
Division
Nobodythere
Parallelogram
Minimum
Nzhninvgorod
Joining
Fortresses
Magnanimity
Magnanimity
Constitution
Provisioning
Placarded
Everywhere
Institutions
Combining
Preferred
Reference
Severe
Reference
Referred
Mining
Reference
Magnanimity
Reference
Actresses
Ineffectiveness
Renewed
Evening
Containing
Baggage
Impeded
Horrorstruck
Movementsas
Disdaining
Whenever
Arrangements
Succeeded
Tattered
Tattered
Horror
Preferred
Remembered
Constitute
Possibility
Simplicityhere
Responsibilities
Baggage
Dramdadadam
Horror
Baggage
Baggage
Evening
Evening
Baggage
Baggage
Evening
Awakening
Pretended
Noncommissioned
Noncommissioned
Evening
Hahaha
Hahaha
Hahaha
Inquisitive
Faraway
Division
Wherever
Awakened
Evening
Evening
Division
Raining
Evening
Shcherbnin
Shcherbnin
Shcherbnins
Shcherbnin
Shcherbnin
Shcherbnin
Faraway
Constitute
Possibility
Remembered
Needed
Needed
Remembered
Needed
Possibility
Awaiting
Eleven
Division
Eleventh
Beginning
Awaiting
Beginning
Restraining
Everywhere
Elements
Needed
Surprising
Horror
Possibility
Solidified
Remaining
Eleventh
Statement
Unintelligible
Engagement
Winning
Opponent
Renewed
Opponents
Nonobservance
Opponent
Defining
Reference
Substitute
Divisions
Divisions
Needed
Needed
Piecemeal
Activities
Baggage
Vicinity
Divisions
Divisions
Evening
Joining
Evening
Avalanche
Possessed
Tattered
Disheveled
Hehe
Repetition
Tomowwow
Maintaining
Tomowwow
Evening
Straining
Impassabletheres
Beginning
Moreorderers
Moreorderers
Pretended
Opportunities
Shcherbtythe
Severely
Tomorrows
Remember
Remembered
Tomorrow
Adaptations
Reference
Unusual
Scrutinizing
Stainingi
Bluntlystaining
Irritated
Reconnoitered
Beginning
Suspicion
Evening
Everywhere
Evening
Awaiting
Vividly
Tethered
Tomorrow
Tethered
Joining
Awakened
Awaiting
Hurrahahah
Attitudevery
Baggage
Baggage
Baggage
Joining
Baggage
Constituted
Baggage
Baggage
Baggage
Moroseness
Dorogobzh
Arrangement
Truththat
Imaginings
Raining
Raining
Murderer
Awarded
Remembered
Pierrethere
Remembered
Baggage
Vividly
Dividing
Evening
Awakened
Bareheaded
Seventythree
Beginning
Baggage
Engagement
Highnesses
Pretended
Opponents
Ascertaining
Abandoning
Baggage
Abandoning
Everywhere
Arrangements
Parallel
Nevertheless
Abandoning
Abandoning
Borodindefeated
Division
Needed
Probability
Impossibility
Possessed
Horror
Horror
Irritating
Irritated
Possibility
Reference
Needed
Refraining
Irritation
Severe
Evening
Papa
Straining
Remember
Explaining
Mamma
Uncomprehended
Unparalleled
Whenever
Achievementthough
Beginning
Beginning
Calamities
Beginning
Minimizing
Unparalleled
Winning
Unprecedented
Opposition
Possessed
Possessed
Representative
Eveningafter
Everywhere
Tattered
Awaiting
Evening
Tomorrow
Makebelieves
Remembering
Swaggerer
Detravagala
Calamities
Arrangements
Icecovered
Remaining
Necessities
Impossibility
Beginning
Awaiting
Eleventh
Severe
Serene
Remember
Impossibility
Possibility
Beginning
Militia
Needed
Succeeded
Representative
Representative
Remembered
Remembered
Remembered
Remembered
Surviving
Tomorrow
Remembered
Constituted
Everliving
Everywhere
Straining
Straining
Visiting
Interests
Interests
Impossibility
Possibility
Irritate
Heretofore
Diminished
Diminished
Activities
Exceeded
Vicinity
Plunderers
Institutions
Plunderers
Plunderers
Peasantsstreamed
Reviving
Vividness
Evening
Remembered
Remembered
Needed
Dining
Severe
Remember
Horrors
Wanderedevidently
Remember
Divining
Possibility
Beginning
Papa
Remembers
Tomorrow
Surprising
Representative
Evening
Evening
Evening
Complaining
Tomorrow
Tomorrowbut
Possibility
Possibility
Tomorrow
Feminine
Interpretations
Diminish
Possessed
Possibility
Interests
Depended
Referred
Evening
Evening
Reawakened
Remembered
Beginning
Constitution
Beginning
Responsibility
Fictitious
Truththat
Constitution
Possesses
Possibility
Beginning
Nineteenth
Civilization
Civilization
Evening
Evening
Capabilities
Antecedents
Beginning
Nineteenth
Beginning
Responsibility
Joining
Opponents
Limitations
Opponents
Everywhere
Consists
Needed
Horror
Detestation
Gaining
Responsibility
Successes
Westsimilar
Precede
Needed
Needed
Needed
Needed
Interests
Needed
Possesses
Possibility
Beekeeper
Beekeeper
Processes
Enterprising
Arrangements
Receiving
Weaknesses
Surprising
Proceeded
Succeeded
Renewed
Uncomplaining
Beginning
Remembering
Remembering
Civilities
Mamma
Irritated
Mamma
Mamma
Selfsacrificing
Remembering
Remaining
Adjoining
Management
Pretended
Management
Management
Petition
Management
Succeeded
Sinning
Interests
Remember
Tomorrow
Irritated
Imitating
Everywhere
Papa
Mammas
Papa
Mamma
Papa
Mamma
Mamma
Papa
Serene
Constituted
Unusually
Dresses
Uninteresting
Beginnings
Needed
Needed
Imagining
Disheveled
Opposition
Irritation
Interests
Irritability
Needed
Mistressentered
Remembered
Lifewere
Governesses
Rememberall
Reverent
Beginning
Remember
Divinity
Mamma
Exercising
Needed
Irritability
Needed
Needed
Needed
Memento
Needed
Shepherdesses
Remember
Rememberyet
Governesses
Needed
Maman
Everywhere
Severe
Governesses
Shining
Needed
Needed
Abandoning
Shining
Papa
Remembering
Evening
Evening
Papa
Evening
Possibility
Evening
Succeeded
Cleverer
Remember
Remember
Constitute
Divinity
Predetermined
Capacities
Civilization
Civilization
Unintelligible
Mistresses
Mistresses
Everywherethat
Consists
Statement
Analysis
Eventsagain
Filledadmitting
Unanswered
Civilization
Examining
Locomotive
Locomotive
Locomotive
Locomotive
Locomotive
Locomotive
Locomotive
Substitute
Imitation
Possesses
Consists
Definition
Element
Constituted
Representative
Limitations
Nonobservance
Referred
Primitive
Legitimist
Consists
Constitutes
Existsthe
Explaining
Expresses
Consists
Civilization
Civilization
Mistresses
Suspicious
Restatement
Expresses
Criticism
Whenever
Expresses
Divinity
Tomorrow
Precedes
Examining
Consists
Consists
Noncommissioned
Consists
Consists
Noncommissioned
Constitutes
Expresses
Division
Responsibility
Locomotive
Responsibilities
Examining
Civilization
Receiving
Wherever
Wherever
Examining
Depended
Examining
Expresses
Responsibility
Examining
Analysis
Infinitythat
Electricity
Electricity
Electricity
Possibility
Limitation
Resists
Constitutes
Possibility
Constitutes
Responsibility
Plasterers
Availing
Plasterers
Presentation
Incompatibility
Presentation
Constitutes
Defining
Definitions
Definition
Elements
Presentation
Defenseless
Diminished
Diminished
Diminishes
Examining
Depended
Comprehended
Element
Possibility
Impresses
Element
Irresponsibility
Responsibility
Diminishes
Minimum
Minimum
Abstaining
Ifimagining
Examining
Examining
Remaining
Minimum
Idiotcomplete
Examining
Element
Definition
Defining
Visibility
Beginning
Electricity
Electricity
Definition
Electricity
Possibility
Element
Inaccessibility
Analysis
Quantities
Abandoning
Elements
Proceeded
Elements
Philology
Institutions
Institutions
Nonrecognition
Abandoning
Obtaining
References
Representations
References
Whenever
Beginning
Containing
Obtaining
Possessed
Possibility
Receiving
Opportunities
Limitation
Limitation
Interpreted
Limitation
Unenforceability
Remaining
Mississippi
Machinereadable
Maintaining
Solicitation
Prohibition
Statements
Addresses
